[2023-07-04T12:37:02.815+0530] {taskinstance.py:1103} INFO - Dependencies all met for dep_context=non-requeueable deps ti=<TaskInstance: A.run_spark scheduled__2023-06-08T11:00:00+00:00 [queued]>
[2023-07-04T12:37:02.821+0530] {taskinstance.py:1103} INFO - Dependencies all met for dep_context=requeueable deps ti=<TaskInstance: A.run_spark scheduled__2023-06-08T11:00:00+00:00 [queued]>
[2023-07-04T12:37:02.821+0530] {taskinstance.py:1308} INFO - Starting attempt 1 of 3
[2023-07-04T12:37:02.846+0530] {taskinstance.py:1327} INFO - Executing <Task(BashOperator): run_spark> on 2023-06-08 11:00:00+00:00
[2023-07-04T12:37:02.849+0530] {standard_task_runner.py:57} INFO - Started process 110602 to run task
[2023-07-04T12:37:02.852+0530] {standard_task_runner.py:84} INFO - Running: ['airflow', 'tasks', 'run', 'A', 'run_spark', 'scheduled__2023-06-08T11:00:00+00:00', '--job-id', '174', '--raw', '--subdir', 'DAGS_FOLDER/assignment21.py', '--cfg-path', '/tmp/tmp3v4ws8qy']
[2023-07-04T12:37:02.853+0530] {standard_task_runner.py:85} INFO - Job 174: Subtask run_spark
[2023-07-04T12:37:02.908+0530] {task_command.py:410} INFO - Running <TaskInstance: A.run_spark scheduled__2023-06-08T11:00:00+00:00 [running]> on host neosoft-Latitude-E5270
[2023-07-04T12:37:02.999+0530] {taskinstance.py:1545} INFO - Exporting env vars: AIRFLOW_CTX_DAG_OWNER='Nikita' AIRFLOW_CTX_DAG_ID='A' AIRFLOW_CTX_TASK_ID='run_spark' AIRFLOW_CTX_EXECUTION_DATE='2023-06-08T11:00:00+00:00' AIRFLOW_CTX_TRY_NUMBER='1' AIRFLOW_CTX_DAG_RUN_ID='scheduled__2023-06-08T11:00:00+00:00'
[2023-07-04T12:37:03.002+0530] {subprocess.py:63} INFO - Tmp dir root location: /tmp
[2023-07-04T12:37:03.002+0530] {subprocess.py:75} INFO - Running command: ['/usr/bin/bash', '-c', 'spark-submit --master local /home/neosoft/airflow/Assignment_airflow/pyspark1.py']
[2023-07-04T12:37:03.011+0530] {subprocess.py:86} INFO - Output:
[2023-07-04T12:37:05.427+0530] {subprocess.py:93} INFO - 23/07/04 12:37:05 WARN Utils: Your hostname, neosoft-Latitude-E5270 resolves to a loopback address: 127.0.1.1; using 10.0.29.173 instead (on interface enp0s31f6)
[2023-07-04T12:37:05.433+0530] {subprocess.py:93} INFO - 23/07/04 12:37:05 WARN Utils: Set SPARK_LOCAL_IP if you need to bind to another address
[2023-07-04T12:37:06.727+0530] {subprocess.py:93} INFO - 23/07/04 12:37:06 INFO SparkContext: Running Spark version 3.4.0
[2023-07-04T12:37:06.826+0530] {subprocess.py:93} INFO - 23/07/04 12:37:06 WARN NativeCodeLoader: Unable to load native-hadoop library for your platform... using builtin-java classes where applicable
[2023-07-04T12:37:07.012+0530] {subprocess.py:93} INFO - 23/07/04 12:37:07 INFO ResourceUtils: ==============================================================
[2023-07-04T12:37:07.013+0530] {subprocess.py:93} INFO - 23/07/04 12:37:07 INFO ResourceUtils: No custom resources configured for spark.driver.
[2023-07-04T12:37:07.014+0530] {subprocess.py:93} INFO - 23/07/04 12:37:07 INFO ResourceUtils: ==============================================================
[2023-07-04T12:37:07.015+0530] {subprocess.py:93} INFO - 23/07/04 12:37:07 INFO SparkContext: Submitted application: pyspark1.py
[2023-07-04T12:37:07.046+0530] {subprocess.py:93} INFO - 23/07/04 12:37:07 INFO ResourceProfile: Default ResourceProfile created, executor resources: Map(cores -> name: cores, amount: 1, script: , vendor: , memory -> name: memory, amount: 1024, script: , vendor: , offHeap -> name: offHeap, amount: 0, script: , vendor: ), task resources: Map(cpus -> name: cpus, amount: 1.0)
[2023-07-04T12:37:07.063+0530] {subprocess.py:93} INFO - 23/07/04 12:37:07 INFO ResourceProfile: Limiting resource is cpu
[2023-07-04T12:37:07.064+0530] {subprocess.py:93} INFO - 23/07/04 12:37:07 INFO ResourceProfileManager: Added ResourceProfile id: 0
[2023-07-04T12:37:07.128+0530] {subprocess.py:93} INFO - 23/07/04 12:37:07 INFO SecurityManager: Changing view acls to: neosoft
[2023-07-04T12:37:07.129+0530] {subprocess.py:93} INFO - 23/07/04 12:37:07 INFO SecurityManager: Changing modify acls to: neosoft
[2023-07-04T12:37:07.130+0530] {subprocess.py:93} INFO - 23/07/04 12:37:07 INFO SecurityManager: Changing view acls groups to:
[2023-07-04T12:37:07.130+0530] {subprocess.py:93} INFO - 23/07/04 12:37:07 INFO SecurityManager: Changing modify acls groups to:
[2023-07-04T12:37:07.131+0530] {subprocess.py:93} INFO - 23/07/04 12:37:07 INFO SecurityManager: SecurityManager: authentication disabled; ui acls disabled; users with view permissions: neosoft; groups with view permissions: EMPTY; users with modify permissions: neosoft; groups with modify permissions: EMPTY
[2023-07-04T12:37:07.504+0530] {subprocess.py:93} INFO - 23/07/04 12:37:07 INFO Utils: Successfully started service 'sparkDriver' on port 38989.
[2023-07-04T12:37:07.577+0530] {subprocess.py:93} INFO - 23/07/04 12:37:07 INFO SparkEnv: Registering MapOutputTracker
[2023-07-04T12:37:07.615+0530] {subprocess.py:93} INFO - 23/07/04 12:37:07 INFO SparkEnv: Registering BlockManagerMaster
[2023-07-04T12:37:07.653+0530] {subprocess.py:93} INFO - 23/07/04 12:37:07 INFO BlockManagerMasterEndpoint: Using org.apache.spark.storage.DefaultTopologyMapper for getting topology information
[2023-07-04T12:37:07.657+0530] {subprocess.py:93} INFO - 23/07/04 12:37:07 INFO BlockManagerMasterEndpoint: BlockManagerMasterEndpoint up
[2023-07-04T12:37:07.664+0530] {subprocess.py:93} INFO - 23/07/04 12:37:07 INFO SparkEnv: Registering BlockManagerMasterHeartbeat
[2023-07-04T12:37:07.742+0530] {subprocess.py:93} INFO - 23/07/04 12:37:07 INFO DiskBlockManager: Created local directory at /tmp/blockmgr-2419949a-b21e-47ad-95b7-02c6d30ed2ba
[2023-07-04T12:37:07.787+0530] {subprocess.py:93} INFO - 23/07/04 12:37:07 INFO MemoryStore: MemoryStore started with capacity 434.4 MiB
[2023-07-04T12:37:07.829+0530] {subprocess.py:93} INFO - 23/07/04 12:37:07 INFO SparkEnv: Registering OutputCommitCoordinator
[2023-07-04T12:37:08.059+0530] {subprocess.py:93} INFO - 23/07/04 12:37:08 INFO JettyUtils: Start Jetty 0.0.0.0:4040 for SparkUI
[2023-07-04T12:37:08.131+0530] {subprocess.py:93} INFO - 23/07/04 12:37:08 INFO Utils: Successfully started service 'SparkUI' on port 4040.
[2023-07-04T12:37:08.306+0530] {subprocess.py:93} INFO - 23/07/04 12:37:08 INFO Executor: Starting executor ID driver on host 10.0.29.173
[2023-07-04T12:37:08.317+0530] {subprocess.py:93} INFO - 23/07/04 12:37:08 INFO Executor: Starting executor with user classpath (userClassPathFirst = false): ''
[2023-07-04T12:37:08.354+0530] {subprocess.py:93} INFO - 23/07/04 12:37:08 INFO Utils: Successfully started service 'org.apache.spark.network.netty.NettyBlockTransferService' on port 41609.
[2023-07-04T12:37:08.354+0530] {subprocess.py:93} INFO - 23/07/04 12:37:08 INFO NettyBlockTransferService: Server created on 10.0.29.173:41609
[2023-07-04T12:37:08.357+0530] {subprocess.py:93} INFO - 23/07/04 12:37:08 INFO BlockManager: Using org.apache.spark.storage.RandomBlockReplicationPolicy for block replication policy
[2023-07-04T12:37:08.373+0530] {subprocess.py:93} INFO - 23/07/04 12:37:08 INFO BlockManagerMaster: Registering BlockManager BlockManagerId(driver, 10.0.29.173, 41609, None)
[2023-07-04T12:37:08.381+0530] {subprocess.py:93} INFO - 23/07/04 12:37:08 INFO BlockManagerMasterEndpoint: Registering block manager 10.0.29.173:41609 with 434.4 MiB RAM, BlockManagerId(driver, 10.0.29.173, 41609, None)
[2023-07-04T12:37:08.386+0530] {subprocess.py:93} INFO - 23/07/04 12:37:08 INFO BlockManagerMaster: Registered BlockManager BlockManagerId(driver, 10.0.29.173, 41609, None)
[2023-07-04T12:37:08.388+0530] {subprocess.py:93} INFO - 23/07/04 12:37:08 INFO BlockManager: Initialized BlockManager: BlockManagerId(driver, 10.0.29.173, 41609, None)
[2023-07-04T12:37:09.167+0530] {subprocess.py:93} INFO - 23/07/04 12:37:09 INFO SharedState: Setting hive.metastore.warehouse.dir ('null') to the value of spark.sql.warehouse.dir.
[2023-07-04T12:37:09.180+0530] {subprocess.py:93} INFO - 23/07/04 12:37:09 INFO SharedState: Warehouse path is 'file:/tmp/airflowtmpus9s34ns/spark-warehouse'.
[2023-07-04T12:37:10.590+0530] {subprocess.py:93} INFO - Traceback (most recent call last):
[2023-07-04T12:37:10.591+0530] {subprocess.py:93} INFO -   File "/home/neosoft/airflow/Assignment_airflow/pyspark1.py", line 19, in <module>
[2023-07-04T12:37:10.591+0530] {subprocess.py:93} INFO -     df = spark.read.jdbc(jdbc_url, table_name, properties=properties)
[2023-07-04T12:37:10.591+0530] {subprocess.py:93} INFO -   File "/opt/spark/spark-3.4.0-bin-hadoop3/python/lib/pyspark.zip/pyspark/sql/readwriter.py", line 927, in jdbc
[2023-07-04T12:37:10.591+0530] {subprocess.py:93} INFO -   File "/opt/spark/spark-3.4.0-bin-hadoop3/python/lib/py4j-0.10.9.7-src.zip/py4j/java_gateway.py", line 1322, in __call__
[2023-07-04T12:37:10.591+0530] {subprocess.py:93} INFO -   File "/opt/spark/spark-3.4.0-bin-hadoop3/python/lib/pyspark.zip/pyspark/errors/exceptions/captured.py", line 169, in deco
[2023-07-04T12:37:10.591+0530] {subprocess.py:93} INFO -   File "/opt/spark/spark-3.4.0-bin-hadoop3/python/lib/py4j-0.10.9.7-src.zip/py4j/protocol.py", line 326, in get_return_value
[2023-07-04T12:37:10.600+0530] {subprocess.py:93} INFO - py4j.protocol.Py4JJavaError: An error occurred while calling o25.jdbc.
[2023-07-04T12:37:10.600+0530] {subprocess.py:93} INFO - : java.lang.ClassNotFoundException: com.mysql.cj.jdbc.Driver
[2023-07-04T12:37:10.600+0530] {subprocess.py:93} INFO - 	at java.base/java.net.URLClassLoader.findClass(URLClassLoader.java:476)
[2023-07-04T12:37:10.601+0530] {subprocess.py:93} INFO - 	at java.base/java.lang.ClassLoader.loadClass(ClassLoader.java:589)
[2023-07-04T12:37:10.601+0530] {subprocess.py:93} INFO - 	at java.base/java.lang.ClassLoader.loadClass(ClassLoader.java:522)
[2023-07-04T12:37:10.601+0530] {subprocess.py:93} INFO - 	at org.apache.spark.sql.execution.datasources.jdbc.DriverRegistry$.register(DriverRegistry.scala:46)
[2023-07-04T12:37:10.601+0530] {subprocess.py:93} INFO - 	at org.apache.spark.sql.execution.datasources.jdbc.JDBCOptions.$anonfun$driverClass$1(JDBCOptions.scala:103)
[2023-07-04T12:37:10.601+0530] {subprocess.py:93} INFO - 	at org.apache.spark.sql.execution.datasources.jdbc.JDBCOptions.$anonfun$driverClass$1$adapted(JDBCOptions.scala:103)
[2023-07-04T12:37:10.601+0530] {subprocess.py:93} INFO - 	at scala.Option.foreach(Option.scala:407)
[2023-07-04T12:37:10.601+0530] {subprocess.py:93} INFO - 	at org.apache.spark.sql.execution.datasources.jdbc.JDBCOptions.<init>(JDBCOptions.scala:103)
[2023-07-04T12:37:10.601+0530] {subprocess.py:93} INFO - 	at org.apache.spark.sql.execution.datasources.jdbc.JDBCOptions.<init>(JDBCOptions.scala:41)
[2023-07-04T12:37:10.601+0530] {subprocess.py:93} INFO - 	at org.apache.spark.sql.execution.datasources.jdbc.JdbcRelationProvider.createRelation(JdbcRelationProvider.scala:34)
[2023-07-04T12:37:10.602+0530] {subprocess.py:93} INFO - 	at org.apache.spark.sql.execution.datasources.DataSource.resolveRelation(DataSource.scala:346)
[2023-07-04T12:37:10.602+0530] {subprocess.py:93} INFO - 	at org.apache.spark.sql.DataFrameReader.loadV1Source(DataFrameReader.scala:229)
[2023-07-04T12:37:10.602+0530] {subprocess.py:93} INFO - 	at org.apache.spark.sql.DataFrameReader.$anonfun$load$2(DataFrameReader.scala:211)
[2023-07-04T12:37:10.602+0530] {subprocess.py:93} INFO - 	at scala.Option.getOrElse(Option.scala:189)
[2023-07-04T12:37:10.602+0530] {subprocess.py:93} INFO - 	at org.apache.spark.sql.DataFrameReader.load(DataFrameReader.scala:211)
[2023-07-04T12:37:10.602+0530] {subprocess.py:93} INFO - 	at org.apache.spark.sql.DataFrameReader.load(DataFrameReader.scala:172)
[2023-07-04T12:37:10.602+0530] {subprocess.py:93} INFO - 	at org.apache.spark.sql.DataFrameReader.jdbc(DataFrameReader.scala:249)
[2023-07-04T12:37:10.602+0530] {subprocess.py:93} INFO - 	at java.base/jdk.internal.reflect.NativeMethodAccessorImpl.invoke0(Native Method)
[2023-07-04T12:37:10.602+0530] {subprocess.py:93} INFO - 	at java.base/jdk.internal.reflect.NativeMethodAccessorImpl.invoke(NativeMethodAccessorImpl.java:62)
[2023-07-04T12:37:10.602+0530] {subprocess.py:93} INFO - 	at java.base/jdk.internal.reflect.DelegatingMethodAccessorImpl.invoke(DelegatingMethodAccessorImpl.java:43)
[2023-07-04T12:37:10.603+0530] {subprocess.py:93} INFO - 	at java.base/java.lang.reflect.Method.invoke(Method.java:566)
[2023-07-04T12:37:10.603+0530] {subprocess.py:93} INFO - 	at py4j.reflection.MethodInvoker.invoke(MethodInvoker.java:244)
[2023-07-04T12:37:10.603+0530] {subprocess.py:93} INFO - 	at py4j.reflection.ReflectionEngine.invoke(ReflectionEngine.java:374)
[2023-07-04T12:37:10.603+0530] {subprocess.py:93} INFO - 	at py4j.Gateway.invoke(Gateway.java:282)
[2023-07-04T12:37:10.603+0530] {subprocess.py:93} INFO - 	at py4j.commands.AbstractCommand.invokeMethod(AbstractCommand.java:132)
[2023-07-04T12:37:10.603+0530] {subprocess.py:93} INFO - 	at py4j.commands.CallCommand.execute(CallCommand.java:79)
[2023-07-04T12:37:10.603+0530] {subprocess.py:93} INFO - 	at py4j.ClientServerConnection.waitForCommands(ClientServerConnection.java:182)
[2023-07-04T12:37:10.603+0530] {subprocess.py:93} INFO - 	at py4j.ClientServerConnection.run(ClientServerConnection.java:106)
[2023-07-04T12:37:10.603+0530] {subprocess.py:93} INFO - 	at java.base/java.lang.Thread.run(Thread.java:829)
[2023-07-04T12:37:10.604+0530] {subprocess.py:93} INFO - 
[2023-07-04T12:37:10.639+0530] {subprocess.py:93} INFO - 23/07/04 12:37:10 INFO SparkContext: Invoking stop() from shutdown hook
[2023-07-04T12:37:10.640+0530] {subprocess.py:93} INFO - 23/07/04 12:37:10 INFO SparkContext: SparkContext is stopping with exitCode 0.
[2023-07-04T12:37:10.655+0530] {subprocess.py:93} INFO - 23/07/04 12:37:10 INFO SparkUI: Stopped Spark web UI at http://10.0.29.173:4040
[2023-07-04T12:37:10.704+0530] {subprocess.py:93} INFO - 23/07/04 12:37:10 INFO MapOutputTrackerMasterEndpoint: MapOutputTrackerMasterEndpoint stopped!
[2023-07-04T12:37:10.720+0530] {subprocess.py:93} INFO - 23/07/04 12:37:10 INFO MemoryStore: MemoryStore cleared
[2023-07-04T12:37:10.722+0530] {subprocess.py:93} INFO - 23/07/04 12:37:10 INFO BlockManager: BlockManager stopped
[2023-07-04T12:37:10.736+0530] {subprocess.py:93} INFO - 23/07/04 12:37:10 INFO BlockManagerMaster: BlockManagerMaster stopped
[2023-07-04T12:37:10.741+0530] {subprocess.py:93} INFO - 23/07/04 12:37:10 INFO OutputCommitCoordinator$OutputCommitCoordinatorEndpoint: OutputCommitCoordinator stopped!
[2023-07-04T12:37:10.750+0530] {subprocess.py:93} INFO - 23/07/04 12:37:10 INFO SparkContext: Successfully stopped SparkContext
[2023-07-04T12:37:10.751+0530] {subprocess.py:93} INFO - 23/07/04 12:37:10 INFO ShutdownHookManager: Shutdown hook called
[2023-07-04T12:37:10.752+0530] {subprocess.py:93} INFO - 23/07/04 12:37:10 INFO ShutdownHookManager: Deleting directory /tmp/spark-64e2ef69-2f1b-49a9-af35-f268e9afe0fd
[2023-07-04T12:37:10.755+0530] {subprocess.py:93} INFO - 23/07/04 12:37:10 INFO ShutdownHookManager: Deleting directory /tmp/spark-9f1795aa-4be0-448d-b827-752896f06678
[2023-07-04T12:37:10.760+0530] {subprocess.py:93} INFO - 23/07/04 12:37:10 INFO ShutdownHookManager: Deleting directory /tmp/spark-64e2ef69-2f1b-49a9-af35-f268e9afe0fd/pyspark-41f28fba-27ee-41d1-a7a1-40c0d1618f4e
[2023-07-04T12:37:10.842+0530] {subprocess.py:97} INFO - Command exited with return code 1
[2023-07-04T12:37:10.851+0530] {taskinstance.py:1824} ERROR - Task failed with exception
Traceback (most recent call last):
  File "/home/neosoft/airflow/py_env/lib/python3.8/site-packages/airflow/operators/bash.py", line 210, in execute
    raise AirflowException(
airflow.exceptions.AirflowException: Bash command failed. The command returned a non-zero exit code 1.
[2023-07-04T12:37:10.853+0530] {taskinstance.py:1345} INFO - Marking task as UP_FOR_RETRY. dag_id=A, task_id=run_spark, execution_date=20230608T110000, start_date=20230704T070702, end_date=20230704T070710
[2023-07-04T12:37:10.881+0530] {standard_task_runner.py:104} ERROR - Failed to execute job 174 for task run_spark (Bash command failed. The command returned a non-zero exit code 1.; 110602)
[2023-07-04T12:37:10.902+0530] {local_task_job_runner.py:225} INFO - Task exited with return code 1
[2023-07-04T12:37:10.922+0530] {taskinstance.py:2653} INFO - 0 downstream tasks scheduled from follow-on schedule check
