[2023-07-21T18:31:23.387+0530] {taskinstance.py:1103} INFO - Dependencies all met for dep_context=non-requeueable deps ti=<TaskInstance: A.run_spark scheduled__2023-07-20T11:00:00+00:00 [queued]>
[2023-07-21T18:31:23.400+0530] {taskinstance.py:1103} INFO - Dependencies all met for dep_context=requeueable deps ti=<TaskInstance: A.run_spark scheduled__2023-07-20T11:00:00+00:00 [queued]>
[2023-07-21T18:31:23.400+0530] {taskinstance.py:1308} INFO - Starting attempt 8 of 8
[2023-07-21T18:31:23.437+0530] {taskinstance.py:1327} INFO - Executing <Task(BashOperator): run_spark> on 2023-07-20 11:00:00+00:00
[2023-07-21T18:31:23.441+0530] {standard_task_runner.py:57} INFO - Started process 247486 to run task
[2023-07-21T18:31:23.447+0530] {standard_task_runner.py:84} INFO - Running: ['airflow', 'tasks', 'run', 'A', 'run_spark', 'scheduled__2023-07-20T11:00:00+00:00', '--job-id', '462', '--raw', '--subdir', 'DAGS_FOLDER/assignment21.py', '--cfg-path', '/tmp/tmphs71y2dw']
[2023-07-21T18:31:23.448+0530] {standard_task_runner.py:85} INFO - Job 462: Subtask run_spark
[2023-07-21T18:31:23.526+0530] {task_command.py:410} INFO - Running <TaskInstance: A.run_spark scheduled__2023-07-20T11:00:00+00:00 [running]> on host neosoft-Latitude-E5270
[2023-07-21T18:31:23.594+0530] {taskinstance.py:1545} INFO - Exporting env vars: AIRFLOW_CTX_DAG_OWNER='Nikita' AIRFLOW_CTX_DAG_ID='A' AIRFLOW_CTX_TASK_ID='run_spark' AIRFLOW_CTX_EXECUTION_DATE='2023-07-20T11:00:00+00:00' AIRFLOW_CTX_TRY_NUMBER='8' AIRFLOW_CTX_DAG_RUN_ID='scheduled__2023-07-20T11:00:00+00:00'
[2023-07-21T18:31:23.595+0530] {subprocess.py:63} INFO - Tmp dir root location: /tmp
[2023-07-21T18:31:23.596+0530] {subprocess.py:75} INFO - Running command: ['/usr/bin/bash', '-c', 'spark-submit --master local --jars  /home/neosoft/airflow/dags/pyspark2.py ']
[2023-07-21T18:31:23.602+0530] {subprocess.py:86} INFO - Output:
[2023-07-21T18:31:24.000+0530] {subprocess.py:93} INFO - Error: Missing application resource.
[2023-07-21T18:31:24.001+0530] {subprocess.py:93} INFO - 
[2023-07-21T18:31:25.790+0530] {subprocess.py:93} INFO - Usage: spark-submit [options] <app jar | python file | R file> [app arguments]
[2023-07-21T18:31:25.790+0530] {subprocess.py:93} INFO - Usage: spark-submit --kill [submission ID] --master [spark://...]
[2023-07-21T18:31:25.790+0530] {subprocess.py:93} INFO - Usage: spark-submit --status [submission ID] --master [spark://...]
[2023-07-21T18:31:25.790+0530] {subprocess.py:93} INFO - Usage: spark-submit run-example [options] example-class [example args]
[2023-07-21T18:31:25.793+0530] {subprocess.py:93} INFO - 
[2023-07-21T18:31:25.793+0530] {subprocess.py:93} INFO - Options:
[2023-07-21T18:31:25.793+0530] {subprocess.py:93} INFO -   --master MASTER_URL         spark://host:port, mesos://host:port, yarn,
[2023-07-21T18:31:25.793+0530] {subprocess.py:93} INFO -                               k8s://https://host:port, or local (Default: local[*]).
[2023-07-21T18:31:25.793+0530] {subprocess.py:93} INFO -   --deploy-mode DEPLOY_MODE   Whether to launch the driver program locally ("client") or
[2023-07-21T18:31:25.793+0530] {subprocess.py:93} INFO -                               on one of the worker machines inside the cluster ("cluster")
[2023-07-21T18:31:25.793+0530] {subprocess.py:93} INFO -                               (Default: client).
[2023-07-21T18:31:25.794+0530] {subprocess.py:93} INFO -   --class CLASS_NAME          Your application's main class (for Java / Scala apps).
[2023-07-21T18:31:25.794+0530] {subprocess.py:93} INFO -   --name NAME                 A name of your application.
[2023-07-21T18:31:25.794+0530] {subprocess.py:93} INFO -   --jars JARS                 Comma-separated list of jars to include on the driver
[2023-07-21T18:31:25.794+0530] {subprocess.py:93} INFO -                               and executor classpaths.
[2023-07-21T18:31:25.794+0530] {subprocess.py:93} INFO -   --packages                  Comma-separated list of maven coordinates of jars to include
[2023-07-21T18:31:25.794+0530] {subprocess.py:93} INFO -                               on the driver and executor classpaths. Will search the local
[2023-07-21T18:31:25.794+0530] {subprocess.py:93} INFO -                               maven repo, then maven central and any additional remote
[2023-07-21T18:31:25.794+0530] {subprocess.py:93} INFO -                               repositories given by --repositories. The format for the
[2023-07-21T18:31:25.794+0530] {subprocess.py:93} INFO -                               coordinates should be groupId:artifactId:version.
[2023-07-21T18:31:25.795+0530] {subprocess.py:93} INFO -   --exclude-packages          Comma-separated list of groupId:artifactId, to exclude while
[2023-07-21T18:31:25.795+0530] {subprocess.py:93} INFO -                               resolving the dependencies provided in --packages to avoid
[2023-07-21T18:31:25.795+0530] {subprocess.py:93} INFO -                               dependency conflicts.
[2023-07-21T18:31:25.795+0530] {subprocess.py:93} INFO -   --repositories              Comma-separated list of additional remote repositories to
[2023-07-21T18:31:25.795+0530] {subprocess.py:93} INFO -                               search for the maven coordinates given with --packages.
[2023-07-21T18:31:25.795+0530] {subprocess.py:93} INFO -   --py-files PY_FILES         Comma-separated list of .zip, .egg, or .py files to place
[2023-07-21T18:31:25.795+0530] {subprocess.py:93} INFO -                               on the PYTHONPATH for Python apps.
[2023-07-21T18:31:25.795+0530] {subprocess.py:93} INFO -   --files FILES               Comma-separated list of files to be placed in the working
[2023-07-21T18:31:25.795+0530] {subprocess.py:93} INFO -                               directory of each executor. File paths of these files
[2023-07-21T18:31:25.796+0530] {subprocess.py:93} INFO -                               in executors can be accessed via SparkFiles.get(fileName).
[2023-07-21T18:31:25.796+0530] {subprocess.py:93} INFO -   --archives ARCHIVES         Comma-separated list of archives to be extracted into the
[2023-07-21T18:31:25.796+0530] {subprocess.py:93} INFO -                               working directory of each executor.
[2023-07-21T18:31:25.796+0530] {subprocess.py:93} INFO - 
[2023-07-21T18:31:25.796+0530] {subprocess.py:93} INFO -   --conf, -c PROP=VALUE       Arbitrary Spark configuration property.
[2023-07-21T18:31:25.796+0530] {subprocess.py:93} INFO -   --properties-file FILE      Path to a file from which to load extra properties. If not
[2023-07-21T18:31:25.796+0530] {subprocess.py:93} INFO -                               specified, this will look for conf/spark-defaults.conf.
[2023-07-21T18:31:25.796+0530] {subprocess.py:93} INFO - 
[2023-07-21T18:31:25.796+0530] {subprocess.py:93} INFO -   --driver-memory MEM         Memory for driver (e.g. 1000M, 2G) (Default: 1024M).
[2023-07-21T18:31:25.797+0530] {subprocess.py:93} INFO -   --driver-java-options       Extra Java options to pass to the driver.
[2023-07-21T18:31:25.797+0530] {subprocess.py:93} INFO -   --driver-library-path       Extra library path entries to pass to the driver.
[2023-07-21T18:31:25.797+0530] {subprocess.py:93} INFO -   --driver-class-path         Extra class path entries to pass to the driver. Note that
[2023-07-21T18:31:25.797+0530] {subprocess.py:93} INFO -                               jars added with --jars are automatically included in the
[2023-07-21T18:31:25.797+0530] {subprocess.py:93} INFO -                               classpath.
[2023-07-21T18:31:25.797+0530] {subprocess.py:93} INFO - 
[2023-07-21T18:31:25.797+0530] {subprocess.py:93} INFO -   --executor-memory MEM       Memory per executor (e.g. 1000M, 2G) (Default: 1G).
[2023-07-21T18:31:25.798+0530] {subprocess.py:93} INFO - 
[2023-07-21T18:31:25.798+0530] {subprocess.py:93} INFO -   --proxy-user NAME           User to impersonate when submitting the application.
[2023-07-21T18:31:25.798+0530] {subprocess.py:93} INFO -                               This argument does not work with --principal / --keytab.
[2023-07-21T18:31:25.798+0530] {subprocess.py:93} INFO - 
[2023-07-21T18:31:25.798+0530] {subprocess.py:93} INFO -   --help, -h                  Show this help message and exit.
[2023-07-21T18:31:25.798+0530] {subprocess.py:93} INFO -   --verbose, -v               Print additional debug output.
[2023-07-21T18:31:25.798+0530] {subprocess.py:93} INFO -   --version,                  Print the version of current Spark.
[2023-07-21T18:31:25.799+0530] {subprocess.py:93} INFO - 
[2023-07-21T18:31:25.799+0530] {subprocess.py:93} INFO -  Spark Connect only:
[2023-07-21T18:31:25.799+0530] {subprocess.py:93} INFO -    --remote CONNECT_URL       URL to connect to the server for Spark Connect, e.g.,
[2023-07-21T18:31:25.799+0530] {subprocess.py:93} INFO -                               sc://host:port. --master and --deploy-mode cannot be set
[2023-07-21T18:31:25.799+0530] {subprocess.py:93} INFO -                               together with this option. This option is experimental, and
[2023-07-21T18:31:25.799+0530] {subprocess.py:93} INFO -                               might change between minor releases.
[2023-07-21T18:31:25.799+0530] {subprocess.py:93} INFO - 
[2023-07-21T18:31:25.800+0530] {subprocess.py:93} INFO -  Cluster deploy mode only:
[2023-07-21T18:31:25.800+0530] {subprocess.py:93} INFO -   --driver-cores NUM          Number of cores used by the driver, only in cluster mode
[2023-07-21T18:31:25.800+0530] {subprocess.py:93} INFO -                               (Default: 1).
[2023-07-21T18:31:25.800+0530] {subprocess.py:93} INFO - 
[2023-07-21T18:31:25.800+0530] {subprocess.py:93} INFO -  Spark standalone or Mesos with cluster deploy mode only:
[2023-07-21T18:31:25.800+0530] {subprocess.py:93} INFO -   --supervise                 If given, restarts the driver on failure.
[2023-07-21T18:31:25.800+0530] {subprocess.py:93} INFO - 
[2023-07-21T18:31:25.800+0530] {subprocess.py:93} INFO -  Spark standalone, Mesos or K8s with cluster deploy mode only:
[2023-07-21T18:31:25.801+0530] {subprocess.py:93} INFO -   --kill SUBMISSION_ID        If given, kills the driver specified.
[2023-07-21T18:31:25.801+0530] {subprocess.py:93} INFO -   --status SUBMISSION_ID      If given, requests the status of the driver specified.
[2023-07-21T18:31:25.801+0530] {subprocess.py:93} INFO - 
[2023-07-21T18:31:25.801+0530] {subprocess.py:93} INFO -  Spark standalone, Mesos and Kubernetes only:
[2023-07-21T18:31:25.801+0530] {subprocess.py:93} INFO -   --total-executor-cores NUM  Total cores for all executors.
[2023-07-21T18:31:25.801+0530] {subprocess.py:93} INFO - 
[2023-07-21T18:31:25.801+0530] {subprocess.py:93} INFO -  Spark standalone, YARN and Kubernetes only:
[2023-07-21T18:31:25.802+0530] {subprocess.py:93} INFO -   --executor-cores NUM        Number of cores used by each executor. (Default: 1 in
[2023-07-21T18:31:25.802+0530] {subprocess.py:93} INFO -                               YARN and K8S modes, or all available cores on the worker
[2023-07-21T18:31:25.802+0530] {subprocess.py:93} INFO -                               in standalone mode).
[2023-07-21T18:31:25.802+0530] {subprocess.py:93} INFO - 
[2023-07-21T18:31:25.802+0530] {subprocess.py:93} INFO -  Spark on YARN and Kubernetes only:
[2023-07-21T18:31:25.802+0530] {subprocess.py:93} INFO -   --num-executors NUM         Number of executors to launch (Default: 2).
[2023-07-21T18:31:25.802+0530] {subprocess.py:93} INFO -                               If dynamic allocation is enabled, the initial number of
[2023-07-21T18:31:25.803+0530] {subprocess.py:93} INFO -                               executors will be at least NUM.
[2023-07-21T18:31:25.803+0530] {subprocess.py:93} INFO -   --principal PRINCIPAL       Principal to be used to login to KDC.
[2023-07-21T18:31:25.803+0530] {subprocess.py:93} INFO -   --keytab KEYTAB             The full path to the file that contains the keytab for the
[2023-07-21T18:31:25.803+0530] {subprocess.py:93} INFO -                               principal specified above.
[2023-07-21T18:31:25.803+0530] {subprocess.py:93} INFO - 
[2023-07-21T18:31:25.803+0530] {subprocess.py:93} INFO -  Spark on YARN only:
[2023-07-21T18:31:25.803+0530] {subprocess.py:93} INFO -   --queue QUEUE_NAME          The YARN queue to submit to (Default: "default").
[2023-07-21T18:31:25.803+0530] {subprocess.py:93} INFO - 
[2023-07-21T18:31:25.815+0530] {subprocess.py:97} INFO - Command exited with return code 1
[2023-07-21T18:31:25.823+0530] {taskinstance.py:1824} ERROR - Task failed with exception
Traceback (most recent call last):
  File "/home/neosoft/airflow/py_env/lib/python3.8/site-packages/airflow/operators/bash.py", line 210, in execute
    raise AirflowException(
airflow.exceptions.AirflowException: Bash command failed. The command returned a non-zero exit code 1.
[2023-07-21T18:31:25.826+0530] {taskinstance.py:1345} INFO - Marking task as FAILED. dag_id=A, task_id=run_spark, execution_date=20230720T110000, start_date=20230721T130123, end_date=20230721T130125
[2023-07-21T18:31:25.855+0530] {standard_task_runner.py:104} ERROR - Failed to execute job 462 for task run_spark (Bash command failed. The command returned a non-zero exit code 1.; 247486)
[2023-07-21T18:31:25.873+0530] {local_task_job_runner.py:225} INFO - Task exited with return code 1
[2023-07-21T18:31:25.893+0530] {taskinstance.py:2653} INFO - 0 downstream tasks scheduled from follow-on schedule check
