[2023-07-21T18:36:36.787+0530] {taskinstance.py:1103} INFO - Dependencies all met for dep_context=non-requeueable deps ti=<TaskInstance: A.run_spark scheduled__2023-07-20T11:00:00+00:00 [queued]>
[2023-07-21T18:36:36.793+0530] {taskinstance.py:1103} INFO - Dependencies all met for dep_context=requeueable deps ti=<TaskInstance: A.run_spark scheduled__2023-07-20T11:00:00+00:00 [queued]>
[2023-07-21T18:36:36.793+0530] {taskinstance.py:1308} INFO - Starting attempt 9 of 11
[2023-07-21T18:36:36.824+0530] {taskinstance.py:1327} INFO - Executing <Task(BashOperator): run_spark> on 2023-07-20 11:00:00+00:00
[2023-07-21T18:36:36.828+0530] {standard_task_runner.py:57} INFO - Started process 250863 to run task
[2023-07-21T18:36:36.834+0530] {standard_task_runner.py:84} INFO - Running: ['airflow', 'tasks', 'run', 'A', 'run_spark', 'scheduled__2023-07-20T11:00:00+00:00', '--job-id', '463', '--raw', '--subdir', 'DAGS_FOLDER/assignment21.py', '--cfg-path', '/tmp/tmpwdq2kg9g']
[2023-07-21T18:36:36.835+0530] {standard_task_runner.py:85} INFO - Job 463: Subtask run_spark
[2023-07-21T18:36:36.902+0530] {task_command.py:410} INFO - Running <TaskInstance: A.run_spark scheduled__2023-07-20T11:00:00+00:00 [running]> on host neosoft-Latitude-E5270
[2023-07-21T18:36:36.987+0530] {taskinstance.py:1545} INFO - Exporting env vars: AIRFLOW_CTX_DAG_OWNER='Nikita' AIRFLOW_CTX_DAG_ID='A' AIRFLOW_CTX_TASK_ID='run_spark' AIRFLOW_CTX_EXECUTION_DATE='2023-07-20T11:00:00+00:00' AIRFLOW_CTX_TRY_NUMBER='9' AIRFLOW_CTX_DAG_RUN_ID='scheduled__2023-07-20T11:00:00+00:00'
[2023-07-21T18:36:36.989+0530] {subprocess.py:63} INFO - Tmp dir root location: /tmp
[2023-07-21T18:36:36.990+0530] {subprocess.py:75} INFO - Running command: ['/usr/bin/bash', '-c', 'spark-submit --master local --jars spark-submit --master local   --jars /home/neosoft/Videos/mysql-connector-j-8.0.33.jar   /home/neosoft/airflow/dags/pyspark2.py ']
[2023-07-21T18:36:36.997+0530] {subprocess.py:86} INFO - Output:
[2023-07-21T18:36:39.283+0530] {subprocess.py:93} INFO - 23/07/21 18:36:39 WARN Utils: Your hostname, neosoft-Latitude-E5270 resolves to a loopback address: 127.0.1.1; using 10.0.28.108 instead (on interface enp0s31f6)
[2023-07-21T18:36:39.288+0530] {subprocess.py:93} INFO - 23/07/21 18:36:39 WARN Utils: Set SPARK_LOCAL_IP if you need to bind to another address
[2023-07-21T18:36:49.916+0530] {subprocess.py:93} INFO - 23/07/21 18:36:49 WARN NativeCodeLoader: Unable to load native-hadoop library for your platform... using builtin-java classes where applicable
[2023-07-21T18:36:50.830+0530] {subprocess.py:93} INFO - 23/07/21 18:36:50 INFO SparkContext: Running Spark version 3.4.0
[2023-07-21T18:36:50.865+0530] {subprocess.py:93} INFO - 23/07/21 18:36:50 INFO ResourceUtils: ==============================================================
[2023-07-21T18:36:50.865+0530] {subprocess.py:93} INFO - 23/07/21 18:36:50 INFO ResourceUtils: No custom resources configured for spark.driver.
[2023-07-21T18:36:50.866+0530] {subprocess.py:93} INFO - 23/07/21 18:36:50 INFO ResourceUtils: ==============================================================
[2023-07-21T18:36:50.867+0530] {subprocess.py:93} INFO - 23/07/21 18:36:50 INFO SparkContext: Submitted application: pyspark2.py
[2023-07-21T18:36:50.895+0530] {subprocess.py:93} INFO - 23/07/21 18:36:50 INFO ResourceProfile: Default ResourceProfile created, executor resources: Map(cores -> name: cores, amount: 1, script: , vendor: , memory -> name: memory, amount: 1024, script: , vendor: , offHeap -> name: offHeap, amount: 0, script: , vendor: ), task resources: Map(cpus -> name: cpus, amount: 1.0)
[2023-07-21T18:36:50.909+0530] {subprocess.py:93} INFO - 23/07/21 18:36:50 INFO ResourceProfile: Limiting resource is cpu
[2023-07-21T18:36:50.910+0530] {subprocess.py:93} INFO - 23/07/21 18:36:50 INFO ResourceProfileManager: Added ResourceProfile id: 0
[2023-07-21T18:36:50.976+0530] {subprocess.py:93} INFO - 23/07/21 18:36:50 INFO SecurityManager: Changing view acls to: neosoft
[2023-07-21T18:36:50.977+0530] {subprocess.py:93} INFO - 23/07/21 18:36:50 INFO SecurityManager: Changing modify acls to: neosoft
[2023-07-21T18:36:50.977+0530] {subprocess.py:93} INFO - 23/07/21 18:36:50 INFO SecurityManager: Changing view acls groups to:
[2023-07-21T18:36:50.978+0530] {subprocess.py:93} INFO - 23/07/21 18:36:50 INFO SecurityManager: Changing modify acls groups to:
[2023-07-21T18:36:50.979+0530] {subprocess.py:93} INFO - 23/07/21 18:36:50 INFO SecurityManager: SecurityManager: authentication disabled; ui acls disabled; users with view permissions: neosoft; groups with view permissions: EMPTY; users with modify permissions: neosoft; groups with modify permissions: EMPTY
[2023-07-21T18:36:51.287+0530] {subprocess.py:93} INFO - 23/07/21 18:36:51 INFO Utils: Successfully started service 'sparkDriver' on port 33139.
[2023-07-21T18:36:51.325+0530] {subprocess.py:93} INFO - 23/07/21 18:36:51 INFO SparkEnv: Registering MapOutputTracker
[2023-07-21T18:36:51.374+0530] {subprocess.py:93} INFO - 23/07/21 18:36:51 INFO SparkEnv: Registering BlockManagerMaster
[2023-07-21T18:36:51.406+0530] {subprocess.py:93} INFO - 23/07/21 18:36:51 INFO BlockManagerMasterEndpoint: Using org.apache.spark.storage.DefaultTopologyMapper for getting topology information
[2023-07-21T18:36:51.407+0530] {subprocess.py:93} INFO - 23/07/21 18:36:51 INFO BlockManagerMasterEndpoint: BlockManagerMasterEndpoint up
[2023-07-21T18:36:51.412+0530] {subprocess.py:93} INFO - 23/07/21 18:36:51 INFO SparkEnv: Registering BlockManagerMasterHeartbeat
[2023-07-21T18:36:51.448+0530] {subprocess.py:93} INFO - 23/07/21 18:36:51 INFO DiskBlockManager: Created local directory at /tmp/blockmgr-05d87057-c880-43e8-8fe5-261cb4f88a14
[2023-07-21T18:36:51.472+0530] {subprocess.py:93} INFO - 23/07/21 18:36:51 INFO MemoryStore: MemoryStore started with capacity 434.4 MiB
[2023-07-21T18:36:51.495+0530] {subprocess.py:93} INFO - 23/07/21 18:36:51 INFO SparkEnv: Registering OutputCommitCoordinator
[2023-07-21T18:36:51.686+0530] {subprocess.py:93} INFO - 23/07/21 18:36:51 INFO JettyUtils: Start Jetty 0.0.0.0:4040 for SparkUI
[2023-07-21T18:36:51.761+0530] {subprocess.py:93} INFO - 23/07/21 18:36:51 INFO Utils: Successfully started service 'SparkUI' on port 4040.
[2023-07-21T18:36:51.802+0530] {subprocess.py:93} INFO - 23/07/21 18:36:51 INFO SparkContext: Added JAR file:///home/neosoft/Videos/mysql-connector-j-8.0.33.jar at spark://10.0.28.108:33139/jars/mysql-connector-j-8.0.33.jar with timestamp 1689944810820
[2023-07-21T18:36:51.877+0530] {subprocess.py:93} INFO - 23/07/21 18:36:51 INFO Executor: Starting executor ID driver on host 10.0.28.108
[2023-07-21T18:36:51.884+0530] {subprocess.py:93} INFO - 23/07/21 18:36:51 INFO Executor: Starting executor with user classpath (userClassPathFirst = false): ''
[2023-07-21T18:36:51.900+0530] {subprocess.py:93} INFO - 23/07/21 18:36:51 INFO Executor: Fetching spark://10.0.28.108:33139/jars/mysql-connector-j-8.0.33.jar with timestamp 1689944810820
[2023-07-21T18:36:52.005+0530] {subprocess.py:93} INFO - 23/07/21 18:36:52 INFO TransportClientFactory: Successfully created connection to /10.0.28.108:33139 after 54 ms (0 ms spent in bootstraps)
[2023-07-21T18:36:52.024+0530] {subprocess.py:93} INFO - 23/07/21 18:36:52 INFO Utils: Fetching spark://10.0.28.108:33139/jars/mysql-connector-j-8.0.33.jar to /tmp/spark-4f73ca1e-0bc5-4ce5-ae53-9a056bb11871/userFiles-158dfb29-5feb-41ac-8e2b-f333946f2554/fetchFileTemp2898098792613264132.tmp
[2023-07-21T18:36:52.103+0530] {subprocess.py:93} INFO - 23/07/21 18:36:52 INFO Executor: Adding file:/tmp/spark-4f73ca1e-0bc5-4ce5-ae53-9a056bb11871/userFiles-158dfb29-5feb-41ac-8e2b-f333946f2554/mysql-connector-j-8.0.33.jar to class loader
[2023-07-21T18:36:52.112+0530] {subprocess.py:93} INFO - 23/07/21 18:36:52 INFO Utils: Successfully started service 'org.apache.spark.network.netty.NettyBlockTransferService' on port 42823.
[2023-07-21T18:36:52.112+0530] {subprocess.py:93} INFO - 23/07/21 18:36:52 INFO NettyBlockTransferService: Server created on 10.0.28.108:42823
[2023-07-21T18:36:52.114+0530] {subprocess.py:93} INFO - 23/07/21 18:36:52 INFO BlockManager: Using org.apache.spark.storage.RandomBlockReplicationPolicy for block replication policy
[2023-07-21T18:36:52.122+0530] {subprocess.py:93} INFO - 23/07/21 18:36:52 INFO BlockManagerMaster: Registering BlockManager BlockManagerId(driver, 10.0.28.108, 42823, None)
[2023-07-21T18:36:52.127+0530] {subprocess.py:93} INFO - 23/07/21 18:36:52 INFO BlockManagerMasterEndpoint: Registering block manager 10.0.28.108:42823 with 434.4 MiB RAM, BlockManagerId(driver, 10.0.28.108, 42823, None)
[2023-07-21T18:36:52.130+0530] {subprocess.py:93} INFO - 23/07/21 18:36:52 INFO BlockManagerMaster: Registered BlockManager BlockManagerId(driver, 10.0.28.108, 42823, None)
[2023-07-21T18:36:52.131+0530] {subprocess.py:93} INFO - 23/07/21 18:36:52 INFO BlockManager: Initialized BlockManager: BlockManagerId(driver, 10.0.28.108, 42823, None)
[2023-07-21T18:36:52.709+0530] {subprocess.py:93} INFO - 23/07/21 18:36:52 INFO SharedState: Setting hive.metastore.warehouse.dir ('null') to the value of spark.sql.warehouse.dir.
[2023-07-21T18:36:52.713+0530] {subprocess.py:93} INFO - 23/07/21 18:36:52 INFO SharedState: Warehouse path is 'file:/tmp/airflowtmp7mfipbsn/spark-warehouse'.
[2023-07-21T18:36:58.128+0530] {subprocess.py:93} INFO - 23/07/21 18:36:58 INFO CodeGenerator: Code generated in 258.641464 ms
[2023-07-21T18:36:58.229+0530] {subprocess.py:93} INFO - 23/07/21 18:36:58 INFO SparkContext: Starting job: showString at NativeMethodAccessorImpl.java:0
[2023-07-21T18:36:58.249+0530] {subprocess.py:93} INFO - 23/07/21 18:36:58 INFO DAGScheduler: Got job 0 (showString at NativeMethodAccessorImpl.java:0) with 1 output partitions
[2023-07-21T18:36:58.250+0530] {subprocess.py:93} INFO - 23/07/21 18:36:58 INFO DAGScheduler: Final stage: ResultStage 0 (showString at NativeMethodAccessorImpl.java:0)
[2023-07-21T18:36:58.251+0530] {subprocess.py:93} INFO - 23/07/21 18:36:58 INFO DAGScheduler: Parents of final stage: List()
[2023-07-21T18:36:58.254+0530] {subprocess.py:93} INFO - 23/07/21 18:36:58 INFO DAGScheduler: Missing parents: List()
[2023-07-21T18:36:58.259+0530] {subprocess.py:93} INFO - 23/07/21 18:36:58 INFO DAGScheduler: Submitting ResultStage 0 (MapPartitionsRDD[2] at showString at NativeMethodAccessorImpl.java:0), which has no missing parents
[2023-07-21T18:36:58.429+0530] {subprocess.py:93} INFO - 23/07/21 18:36:58 INFO MemoryStore: Block broadcast_0 stored as values in memory (estimated size 11.9 KiB, free 434.4 MiB)
[2023-07-21T18:36:58.461+0530] {subprocess.py:93} INFO - 23/07/21 18:36:58 INFO MemoryStore: Block broadcast_0_piece0 stored as bytes in memory (estimated size 6.0 KiB, free 434.4 MiB)
[2023-07-21T18:36:58.464+0530] {subprocess.py:93} INFO - 23/07/21 18:36:58 INFO BlockManagerInfo: Added broadcast_0_piece0 in memory on 10.0.28.108:42823 (size: 6.0 KiB, free: 434.4 MiB)
[2023-07-21T18:36:58.469+0530] {subprocess.py:93} INFO - 23/07/21 18:36:58 INFO SparkContext: Created broadcast 0 from broadcast at DAGScheduler.scala:1535
[2023-07-21T18:36:58.485+0530] {subprocess.py:93} INFO - 23/07/21 18:36:58 INFO DAGScheduler: Submitting 1 missing tasks from ResultStage 0 (MapPartitionsRDD[2] at showString at NativeMethodAccessorImpl.java:0) (first 15 tasks are for partitions Vector(0))
[2023-07-21T18:36:58.487+0530] {subprocess.py:93} INFO - 23/07/21 18:36:58 INFO TaskSchedulerImpl: Adding task set 0.0 with 1 tasks resource profile 0
[2023-07-21T18:36:58.549+0530] {subprocess.py:93} INFO - 23/07/21 18:36:58 INFO TaskSetManager: Starting task 0.0 in stage 0.0 (TID 0) (10.0.28.108, executor driver, partition 0, PROCESS_LOCAL, 7209 bytes)
[2023-07-21T18:36:58.567+0530] {subprocess.py:93} INFO - 23/07/21 18:36:58 INFO Executor: Running task 0.0 in stage 0.0 (TID 0)
[2023-07-21T18:36:58.778+0530] {subprocess.py:93} INFO - 23/07/21 18:36:58 INFO JDBCRDD: closed connection
[2023-07-21T18:36:58.827+0530] {subprocess.py:93} INFO - 23/07/21 18:36:58 INFO Executor: Finished task 0.0 in stage 0.0 (TID 0). 1802 bytes result sent to driver
[2023-07-21T18:36:58.907+0530] {subprocess.py:93} INFO - 23/07/21 18:36:58 INFO TaskSetManager: Finished task 0.0 in stage 0.0 (TID 0) in 370 ms on 10.0.28.108 (executor driver) (1/1)
[2023-07-21T18:36:58.928+0530] {subprocess.py:93} INFO - 23/07/21 18:36:58 INFO DAGScheduler: ResultStage 0 (showString at NativeMethodAccessorImpl.java:0) finished in 0.654 s
[2023-07-21T18:36:58.932+0530] {subprocess.py:93} INFO - 23/07/21 18:36:58 INFO TaskSchedulerImpl: Removed TaskSet 0.0, whose tasks have all completed, from pool
[2023-07-21T18:36:58.949+0530] {subprocess.py:93} INFO - 23/07/21 18:36:58 INFO DAGScheduler: Job 0 is finished. Cancelling potential speculative or zombie tasks for this job
[2023-07-21T18:36:58.950+0530] {subprocess.py:93} INFO - 23/07/21 18:36:58 INFO TaskSchedulerImpl: Killing all running tasks in stage 0: Stage finished
[2023-07-21T18:36:58.958+0530] {subprocess.py:93} INFO - 23/07/21 18:36:58 INFO DAGScheduler: Job 0 finished: showString at NativeMethodAccessorImpl.java:0, took 0.725915 s
[2023-07-21T18:36:59.105+0530] {subprocess.py:93} INFO - 23/07/21 18:36:59 INFO CodeGenerator: Code generated in 57.797178 ms
[2023-07-21T18:36:59.123+0530] {subprocess.py:93} INFO - +-----------+----------+---------+---+-------+
[2023-07-21T18:36:59.123+0530] {subprocess.py:93} INFO - |customer_id|first_name|last_name|age|country|
[2023-07-21T18:36:59.123+0530] {subprocess.py:93} INFO - +-----------+----------+---------+---+-------+
[2023-07-21T18:36:59.124+0530] {subprocess.py:93} INFO - |          1|      John|      Doe| 31|    USA|
[2023-07-21T18:36:59.124+0530] {subprocess.py:93} INFO - |          2|    Robert|     luna| 22|    USA|
[2023-07-21T18:36:59.124+0530] {subprocess.py:93} INFO - |          3|     David|  Robison| 22|     UK|
[2023-07-21T18:36:59.124+0530] {subprocess.py:93} INFO - |          4|      jOhn|Reinhardt| 25|     UK|
[2023-07-21T18:36:59.124+0530] {subprocess.py:93} INFO - |          5|     James|     Bond| 48|    USA|
[2023-07-21T18:36:59.124+0530] {subprocess.py:93} INFO - |          6|    Nikita|     Neti| 24|  India|
[2023-07-21T18:36:59.125+0530] {subprocess.py:93} INFO - +-----------+----------+---------+---+-------+
[2023-07-21T18:36:59.125+0530] {subprocess.py:93} INFO - 
[2023-07-21T18:36:59.125+0530] {subprocess.py:93} INFO - None
[2023-07-21T18:36:59.400+0530] {subprocess.py:93} INFO - 23/07/21 18:36:59 INFO SparkContext: Starting job: showString at NativeMethodAccessorImpl.java:0
[2023-07-21T18:36:59.401+0530] {subprocess.py:93} INFO - 23/07/21 18:36:59 INFO DAGScheduler: Got job 1 (showString at NativeMethodAccessorImpl.java:0) with 1 output partitions
[2023-07-21T18:36:59.401+0530] {subprocess.py:93} INFO - 23/07/21 18:36:59 INFO DAGScheduler: Final stage: ResultStage 1 (showString at NativeMethodAccessorImpl.java:0)
[2023-07-21T18:36:59.401+0530] {subprocess.py:93} INFO - 23/07/21 18:36:59 INFO DAGScheduler: Parents of final stage: List()
[2023-07-21T18:36:59.402+0530] {subprocess.py:93} INFO - 23/07/21 18:36:59 INFO DAGScheduler: Missing parents: List()
[2023-07-21T18:36:59.403+0530] {subprocess.py:93} INFO - 23/07/21 18:36:59 INFO DAGScheduler: Submitting ResultStage 1 (MapPartitionsRDD[5] at showString at NativeMethodAccessorImpl.java:0), which has no missing parents
[2023-07-21T18:36:59.408+0530] {subprocess.py:93} INFO - 23/07/21 18:36:59 INFO MemoryStore: Block broadcast_1 stored as values in memory (estimated size 12.0 KiB, free 434.4 MiB)
[2023-07-21T18:36:59.412+0530] {subprocess.py:93} INFO - 23/07/21 18:36:59 INFO MemoryStore: Block broadcast_1_piece0 stored as bytes in memory (estimated size 6.0 KiB, free 434.4 MiB)
[2023-07-21T18:36:59.414+0530] {subprocess.py:93} INFO - 23/07/21 18:36:59 INFO BlockManagerInfo: Added broadcast_1_piece0 in memory on 10.0.28.108:42823 (size: 6.0 KiB, free: 434.4 MiB)
[2023-07-21T18:36:59.415+0530] {subprocess.py:93} INFO - 23/07/21 18:36:59 INFO SparkContext: Created broadcast 1 from broadcast at DAGScheduler.scala:1535
[2023-07-21T18:36:59.417+0530] {subprocess.py:93} INFO - 23/07/21 18:36:59 INFO DAGScheduler: Submitting 1 missing tasks from ResultStage 1 (MapPartitionsRDD[5] at showString at NativeMethodAccessorImpl.java:0) (first 15 tasks are for partitions Vector(0))
[2023-07-21T18:36:59.417+0530] {subprocess.py:93} INFO - 23/07/21 18:36:59 INFO TaskSchedulerImpl: Adding task set 1.0 with 1 tasks resource profile 0
[2023-07-21T18:36:59.421+0530] {subprocess.py:93} INFO - 23/07/21 18:36:59 INFO TaskSetManager: Starting task 0.0 in stage 1.0 (TID 1) (10.0.28.108, executor driver, partition 0, PROCESS_LOCAL, 7209 bytes)
[2023-07-21T18:36:59.422+0530] {subprocess.py:93} INFO - 23/07/21 18:36:59 INFO Executor: Running task 0.0 in stage 1.0 (TID 1)
[2023-07-21T18:36:59.456+0530] {subprocess.py:93} INFO - 23/07/21 18:36:59 INFO JDBCRDD: closed connection
[2023-07-21T18:36:59.459+0530] {subprocess.py:93} INFO - 23/07/21 18:36:59 INFO Executor: Finished task 0.0 in stage 1.0 (TID 1). 1570 bytes result sent to driver
[2023-07-21T18:36:59.462+0530] {subprocess.py:93} INFO - 23/07/21 18:36:59 INFO TaskSetManager: Finished task 0.0 in stage 1.0 (TID 1) in 41 ms on 10.0.28.108 (executor driver) (1/1)
[2023-07-21T18:36:59.462+0530] {subprocess.py:93} INFO - 23/07/21 18:36:59 INFO TaskSchedulerImpl: Removed TaskSet 1.0, whose tasks have all completed, from pool
[2023-07-21T18:36:59.463+0530] {subprocess.py:93} INFO - 23/07/21 18:36:59 INFO DAGScheduler: ResultStage 1 (showString at NativeMethodAccessorImpl.java:0) finished in 0.059 s
[2023-07-21T18:36:59.464+0530] {subprocess.py:93} INFO - 23/07/21 18:36:59 INFO DAGScheduler: Job 1 is finished. Cancelling potential speculative or zombie tasks for this job
[2023-07-21T18:36:59.464+0530] {subprocess.py:93} INFO - 23/07/21 18:36:59 INFO TaskSchedulerImpl: Killing all running tasks in stage 1: Stage finished
[2023-07-21T18:36:59.464+0530] {subprocess.py:93} INFO - 23/07/21 18:36:59 INFO DAGScheduler: Job 1 finished: showString at NativeMethodAccessorImpl.java:0, took 0.064413 s
[2023-07-21T18:36:59.475+0530] {subprocess.py:93} INFO - +-----------+----------+---------+---+-------+
[2023-07-21T18:36:59.475+0530] {subprocess.py:93} INFO - |customer_id|first_name|last_name|age|country|
[2023-07-21T18:36:59.475+0530] {subprocess.py:93} INFO - +-----------+----------+---------+---+-------+
[2023-07-21T18:36:59.476+0530] {subprocess.py:93} INFO - |          1|      John|      Doe| 31|    USA|
[2023-07-21T18:36:59.476+0530] {subprocess.py:93} INFO - |          5|     James|     Bond| 48|    USA|
[2023-07-21T18:36:59.476+0530] {subprocess.py:93} INFO - +-----------+----------+---------+---+-------+
[2023-07-21T18:36:59.476+0530] {subprocess.py:93} INFO - 
[2023-07-21T18:36:59.476+0530] {subprocess.py:93} INFO - None
[2023-07-21T18:36:59.476+0530] {subprocess.py:93} INFO - 23/07/21 18:36:59 INFO SparkContext: SparkContext is stopping with exitCode 0.
[2023-07-21T18:36:59.492+0530] {subprocess.py:93} INFO - 23/07/21 18:36:59 INFO SparkUI: Stopped Spark web UI at http://10.0.28.108:4040
[2023-07-21T18:36:59.518+0530] {subprocess.py:93} INFO - 23/07/21 18:36:59 INFO MapOutputTrackerMasterEndpoint: MapOutputTrackerMasterEndpoint stopped!
[2023-07-21T18:36:59.535+0530] {subprocess.py:93} INFO - 23/07/21 18:36:59 INFO MemoryStore: MemoryStore cleared
[2023-07-21T18:36:59.536+0530] {subprocess.py:93} INFO - 23/07/21 18:36:59 INFO BlockManager: BlockManager stopped
[2023-07-21T18:36:59.548+0530] {subprocess.py:93} INFO - 23/07/21 18:36:59 INFO BlockManagerMaster: BlockManagerMaster stopped
[2023-07-21T18:36:59.552+0530] {subprocess.py:93} INFO - 23/07/21 18:36:59 INFO OutputCommitCoordinator$OutputCommitCoordinatorEndpoint: OutputCommitCoordinator stopped!
[2023-07-21T18:36:59.563+0530] {subprocess.py:93} INFO - 23/07/21 18:36:59 INFO SparkContext: Successfully stopped SparkContext
[2023-07-21T18:37:00.008+0530] {subprocess.py:93} INFO - 23/07/21 18:37:00 INFO ShutdownHookManager: Shutdown hook called
[2023-07-21T18:37:00.010+0530] {subprocess.py:93} INFO - 23/07/21 18:37:00 INFO ShutdownHookManager: Deleting directory /tmp/spark-4f73ca1e-0bc5-4ce5-ae53-9a056bb11871
[2023-07-21T18:37:00.014+0530] {subprocess.py:93} INFO - 23/07/21 18:37:00 INFO ShutdownHookManager: Deleting directory /tmp/spark-5c86e183-76d5-4dc0-98c2-2c84b436bb87
[2023-07-21T18:37:00.018+0530] {subprocess.py:93} INFO - 23/07/21 18:37:00 INFO ShutdownHookManager: Deleting directory /tmp/spark-4f73ca1e-0bc5-4ce5-ae53-9a056bb11871/pyspark-4caf6a07-2b2e-4ac7-9c7d-95db04fc8f43
[2023-07-21T18:37:00.108+0530] {subprocess.py:97} INFO - Command exited with return code 0
[2023-07-21T18:37:00.170+0530] {taskinstance.py:1345} INFO - Marking task as SUCCESS. dag_id=A, task_id=run_spark, execution_date=20230720T110000, start_date=20230721T130636, end_date=20230721T130700
[2023-07-21T18:37:00.245+0530] {local_task_job_runner.py:225} INFO - Task exited with return code 0
[2023-07-21T18:37:00.268+0530] {taskinstance.py:2653} INFO - 2 downstream tasks scheduled from follow-on schedule check
