[2023-07-04T16:30:07.312+0530] {taskinstance.py:1103} INFO - Dependencies all met for dep_context=non-requeueable deps ti=<TaskInstance: A.run_spark scheduled__2023-07-03T11:00:00+00:00 [queued]>
[2023-07-04T16:30:07.317+0530] {taskinstance.py:1103} INFO - Dependencies all met for dep_context=requeueable deps ti=<TaskInstance: A.run_spark scheduled__2023-07-03T11:00:00+00:00 [queued]>
[2023-07-04T16:30:07.318+0530] {taskinstance.py:1308} INFO - Starting attempt 1 of 3
[2023-07-04T16:30:07.349+0530] {taskinstance.py:1327} INFO - Executing <Task(BashOperator): run_spark> on 2023-07-03 11:00:00+00:00
[2023-07-04T16:30:07.351+0530] {standard_task_runner.py:57} INFO - Started process 260136 to run task
[2023-07-04T16:30:07.355+0530] {standard_task_runner.py:84} INFO - Running: ['airflow', 'tasks', 'run', 'A', 'run_spark', 'scheduled__2023-07-03T11:00:00+00:00', '--job-id', '409', '--raw', '--subdir', 'DAGS_FOLDER/assignment21.py', '--cfg-path', '/tmp/tmpnu7snnuj']
[2023-07-04T16:30:07.356+0530] {standard_task_runner.py:85} INFO - Job 409: Subtask run_spark
[2023-07-04T16:30:07.411+0530] {task_command.py:410} INFO - Running <TaskInstance: A.run_spark scheduled__2023-07-03T11:00:00+00:00 [running]> on host neosoft-Latitude-E5270
[2023-07-04T16:30:07.514+0530] {taskinstance.py:1545} INFO - Exporting env vars: AIRFLOW_CTX_DAG_OWNER='Nikita' AIRFLOW_CTX_DAG_ID='A' AIRFLOW_CTX_TASK_ID='run_spark' AIRFLOW_CTX_EXECUTION_DATE='2023-07-03T11:00:00+00:00' AIRFLOW_CTX_TRY_NUMBER='1' AIRFLOW_CTX_DAG_RUN_ID='scheduled__2023-07-03T11:00:00+00:00'
[2023-07-04T16:30:07.516+0530] {subprocess.py:63} INFO - Tmp dir root location: /tmp
[2023-07-04T16:30:07.517+0530] {subprocess.py:75} INFO - Running command: ['/usr/bin/bash', '-c', 'spark-submit --master local[*] /home/neosoft/airflow/Assignment_airflow/pyspark1.py']
[2023-07-04T16:30:07.525+0530] {subprocess.py:86} INFO - Output:
[2023-07-04T16:30:10.233+0530] {subprocess.py:93} INFO - 23/07/04 16:30:10 WARN Utils: Your hostname, neosoft-Latitude-E5270 resolves to a loopback address: 127.0.1.1; using 10.0.29.173 instead (on interface enp0s31f6)
[2023-07-04T16:30:10.237+0530] {subprocess.py:93} INFO - 23/07/04 16:30:10 WARN Utils: Set SPARK_LOCAL_IP if you need to bind to another address
[2023-07-04T16:30:13.023+0530] {subprocess.py:93} INFO - 23/07/04 16:30:13 INFO SparkContext: Running Spark version 3.4.0
[2023-07-04T16:30:13.111+0530] {subprocess.py:93} INFO - 23/07/04 16:30:13 WARN NativeCodeLoader: Unable to load native-hadoop library for your platform... using builtin-java classes where applicable
[2023-07-04T16:30:13.246+0530] {subprocess.py:93} INFO - 23/07/04 16:30:13 INFO ResourceUtils: ==============================================================
[2023-07-04T16:30:13.247+0530] {subprocess.py:93} INFO - 23/07/04 16:30:13 INFO ResourceUtils: No custom resources configured for spark.driver.
[2023-07-04T16:30:13.247+0530] {subprocess.py:93} INFO - 23/07/04 16:30:13 INFO ResourceUtils: ==============================================================
[2023-07-04T16:30:13.248+0530] {subprocess.py:93} INFO - 23/07/04 16:30:13 INFO SparkContext: Submitted application: pyspark1.py
[2023-07-04T16:30:13.278+0530] {subprocess.py:93} INFO - 23/07/04 16:30:13 INFO ResourceProfile: Default ResourceProfile created, executor resources: Map(cores -> name: cores, amount: 1, script: , vendor: , memory -> name: memory, amount: 1024, script: , vendor: , offHeap -> name: offHeap, amount: 0, script: , vendor: ), task resources: Map(cpus -> name: cpus, amount: 1.0)
[2023-07-04T16:30:13.297+0530] {subprocess.py:93} INFO - 23/07/04 16:30:13 INFO ResourceProfile: Limiting resource is cpu
[2023-07-04T16:30:13.298+0530] {subprocess.py:93} INFO - 23/07/04 16:30:13 INFO ResourceProfileManager: Added ResourceProfile id: 0
[2023-07-04T16:30:13.364+0530] {subprocess.py:93} INFO - 23/07/04 16:30:13 INFO SecurityManager: Changing view acls to: neosoft
[2023-07-04T16:30:13.365+0530] {subprocess.py:93} INFO - 23/07/04 16:30:13 INFO SecurityManager: Changing modify acls to: neosoft
[2023-07-04T16:30:13.366+0530] {subprocess.py:93} INFO - 23/07/04 16:30:13 INFO SecurityManager: Changing view acls groups to:
[2023-07-04T16:30:13.366+0530] {subprocess.py:93} INFO - 23/07/04 16:30:13 INFO SecurityManager: Changing modify acls groups to:
[2023-07-04T16:30:13.367+0530] {subprocess.py:93} INFO - 23/07/04 16:30:13 INFO SecurityManager: SecurityManager: authentication disabled; ui acls disabled; users with view permissions: neosoft; groups with view permissions: EMPTY; users with modify permissions: neosoft; groups with modify permissions: EMPTY
[2023-07-04T16:30:13.651+0530] {subprocess.py:93} INFO - 23/07/04 16:30:13 INFO Utils: Successfully started service 'sparkDriver' on port 36313.
[2023-07-04T16:30:13.688+0530] {subprocess.py:93} INFO - 23/07/04 16:30:13 INFO SparkEnv: Registering MapOutputTracker
[2023-07-04T16:30:13.727+0530] {subprocess.py:93} INFO - 23/07/04 16:30:13 INFO SparkEnv: Registering BlockManagerMaster
[2023-07-04T16:30:13.774+0530] {subprocess.py:93} INFO - 23/07/04 16:30:13 INFO BlockManagerMasterEndpoint: Using org.apache.spark.storage.DefaultTopologyMapper for getting topology information
[2023-07-04T16:30:13.776+0530] {subprocess.py:93} INFO - 23/07/04 16:30:13 INFO BlockManagerMasterEndpoint: BlockManagerMasterEndpoint up
[2023-07-04T16:30:13.782+0530] {subprocess.py:93} INFO - 23/07/04 16:30:13 INFO SparkEnv: Registering BlockManagerMasterHeartbeat
[2023-07-04T16:30:13.819+0530] {subprocess.py:93} INFO - 23/07/04 16:30:13 INFO DiskBlockManager: Created local directory at /tmp/blockmgr-35b6ce09-0a2b-43a8-a73c-5ffb82b72ef0
[2023-07-04T16:30:13.850+0530] {subprocess.py:93} INFO - 23/07/04 16:30:13 INFO MemoryStore: MemoryStore started with capacity 434.4 MiB
[2023-07-04T16:30:13.876+0530] {subprocess.py:93} INFO - 23/07/04 16:30:13 INFO SparkEnv: Registering OutputCommitCoordinator
[2023-07-04T16:30:14.116+0530] {subprocess.py:93} INFO - 23/07/04 16:30:14 INFO JettyUtils: Start Jetty 0.0.0.0:4040 for SparkUI
[2023-07-04T16:30:14.200+0530] {subprocess.py:93} INFO - 23/07/04 16:30:14 INFO Utils: Successfully started service 'SparkUI' on port 4040.
[2023-07-04T16:30:14.379+0530] {subprocess.py:93} INFO - 23/07/04 16:30:14 INFO Executor: Starting executor ID driver on host 10.0.29.173
[2023-07-04T16:30:14.389+0530] {subprocess.py:93} INFO - 23/07/04 16:30:14 INFO Executor: Starting executor with user classpath (userClassPathFirst = false): ''
[2023-07-04T16:30:14.425+0530] {subprocess.py:93} INFO - 23/07/04 16:30:14 INFO Utils: Successfully started service 'org.apache.spark.network.netty.NettyBlockTransferService' on port 34775.
[2023-07-04T16:30:14.425+0530] {subprocess.py:93} INFO - 23/07/04 16:30:14 INFO NettyBlockTransferService: Server created on 10.0.29.173:34775
[2023-07-04T16:30:14.429+0530] {subprocess.py:93} INFO - 23/07/04 16:30:14 INFO BlockManager: Using org.apache.spark.storage.RandomBlockReplicationPolicy for block replication policy
[2023-07-04T16:30:14.442+0530] {subprocess.py:93} INFO - 23/07/04 16:30:14 INFO BlockManagerMaster: Registering BlockManager BlockManagerId(driver, 10.0.29.173, 34775, None)
[2023-07-04T16:30:14.449+0530] {subprocess.py:93} INFO - 23/07/04 16:30:14 INFO BlockManagerMasterEndpoint: Registering block manager 10.0.29.173:34775 with 434.4 MiB RAM, BlockManagerId(driver, 10.0.29.173, 34775, None)
[2023-07-04T16:30:14.453+0530] {subprocess.py:93} INFO - 23/07/04 16:30:14 INFO BlockManagerMaster: Registered BlockManager BlockManagerId(driver, 10.0.29.173, 34775, None)
[2023-07-04T16:30:14.456+0530] {subprocess.py:93} INFO - 23/07/04 16:30:14 INFO BlockManager: Initialized BlockManager: BlockManagerId(driver, 10.0.29.173, 34775, None)
[2023-07-04T16:30:15.558+0530] {subprocess.py:93} INFO - 23/07/04 16:30:15 INFO SharedState: Setting hive.metastore.warehouse.dir ('null') to the value of spark.sql.warehouse.dir.
[2023-07-04T16:30:15.571+0530] {subprocess.py:93} INFO - 23/07/04 16:30:15 INFO SharedState: Warehouse path is 'file:/tmp/airflowtmp02iu2quw/spark-warehouse'.
[2023-07-04T16:30:17.153+0530] {subprocess.py:93} INFO - Traceback (most recent call last):
[2023-07-04T16:30:17.153+0530] {subprocess.py:93} INFO -   File "/home/neosoft/airflow/Assignment_airflow/pyspark1.py", line 19, in <module>
[2023-07-04T16:30:17.153+0530] {subprocess.py:93} INFO -     df = spark.read.jdbc(jdbc_url, table_name, properties=properties)
[2023-07-04T16:30:17.153+0530] {subprocess.py:93} INFO -   File "/opt/spark/spark-3.4.0-bin-hadoop3/python/lib/pyspark.zip/pyspark/sql/readwriter.py", line 927, in jdbc
[2023-07-04T16:30:17.153+0530] {subprocess.py:93} INFO -   File "/opt/spark/spark-3.4.0-bin-hadoop3/python/lib/py4j-0.10.9.7-src.zip/py4j/java_gateway.py", line 1322, in __call__
[2023-07-04T16:30:17.154+0530] {subprocess.py:93} INFO -   File "/opt/spark/spark-3.4.0-bin-hadoop3/python/lib/pyspark.zip/pyspark/errors/exceptions/captured.py", line 169, in deco
[2023-07-04T16:30:17.154+0530] {subprocess.py:93} INFO -   File "/opt/spark/spark-3.4.0-bin-hadoop3/python/lib/py4j-0.10.9.7-src.zip/py4j/protocol.py", line 326, in get_return_value
[2023-07-04T16:30:17.154+0530] {subprocess.py:93} INFO - py4j.protocol.Py4JJavaError: An error occurred while calling o25.jdbc.
[2023-07-04T16:30:17.154+0530] {subprocess.py:93} INFO - : java.lang.ClassNotFoundException: com.mysql.cj.jdbc.Driver
[2023-07-04T16:30:17.154+0530] {subprocess.py:93} INFO - 	at java.base/java.net.URLClassLoader.findClass(URLClassLoader.java:476)
[2023-07-04T16:30:17.154+0530] {subprocess.py:93} INFO - 	at java.base/java.lang.ClassLoader.loadClass(ClassLoader.java:589)
[2023-07-04T16:30:17.154+0530] {subprocess.py:93} INFO - 	at java.base/java.lang.ClassLoader.loadClass(ClassLoader.java:522)
[2023-07-04T16:30:17.154+0530] {subprocess.py:93} INFO - 	at org.apache.spark.sql.execution.datasources.jdbc.DriverRegistry$.register(DriverRegistry.scala:46)
[2023-07-04T16:30:17.155+0530] {subprocess.py:93} INFO - 	at org.apache.spark.sql.execution.datasources.jdbc.JDBCOptions.$anonfun$driverClass$1(JDBCOptions.scala:103)
[2023-07-04T16:30:17.155+0530] {subprocess.py:93} INFO - 	at org.apache.spark.sql.execution.datasources.jdbc.JDBCOptions.$anonfun$driverClass$1$adapted(JDBCOptions.scala:103)
[2023-07-04T16:30:17.155+0530] {subprocess.py:93} INFO - 	at scala.Option.foreach(Option.scala:407)
[2023-07-04T16:30:17.155+0530] {subprocess.py:93} INFO - 	at org.apache.spark.sql.execution.datasources.jdbc.JDBCOptions.<init>(JDBCOptions.scala:103)
[2023-07-04T16:30:17.155+0530] {subprocess.py:93} INFO - 	at org.apache.spark.sql.execution.datasources.jdbc.JDBCOptions.<init>(JDBCOptions.scala:41)
[2023-07-04T16:30:17.155+0530] {subprocess.py:93} INFO - 	at org.apache.spark.sql.execution.datasources.jdbc.JdbcRelationProvider.createRelation(JdbcRelationProvider.scala:34)
[2023-07-04T16:30:17.155+0530] {subprocess.py:93} INFO - 	at org.apache.spark.sql.execution.datasources.DataSource.resolveRelation(DataSource.scala:346)
[2023-07-04T16:30:17.155+0530] {subprocess.py:93} INFO - 	at org.apache.spark.sql.DataFrameReader.loadV1Source(DataFrameReader.scala:229)
[2023-07-04T16:30:17.155+0530] {subprocess.py:93} INFO - 	at org.apache.spark.sql.DataFrameReader.$anonfun$load$2(DataFrameReader.scala:211)
[2023-07-04T16:30:17.155+0530] {subprocess.py:93} INFO - 	at scala.Option.getOrElse(Option.scala:189)
[2023-07-04T16:30:17.156+0530] {subprocess.py:93} INFO - 	at org.apache.spark.sql.DataFrameReader.load(DataFrameReader.scala:211)
[2023-07-04T16:30:17.156+0530] {subprocess.py:93} INFO - 	at org.apache.spark.sql.DataFrameReader.load(DataFrameReader.scala:172)
[2023-07-04T16:30:17.156+0530] {subprocess.py:93} INFO - 	at org.apache.spark.sql.DataFrameReader.jdbc(DataFrameReader.scala:249)
[2023-07-04T16:30:17.156+0530] {subprocess.py:93} INFO - 	at java.base/jdk.internal.reflect.NativeMethodAccessorImpl.invoke0(Native Method)
[2023-07-04T16:30:17.156+0530] {subprocess.py:93} INFO - 	at java.base/jdk.internal.reflect.NativeMethodAccessorImpl.invoke(NativeMethodAccessorImpl.java:62)
[2023-07-04T16:30:17.156+0530] {subprocess.py:93} INFO - 	at java.base/jdk.internal.reflect.DelegatingMethodAccessorImpl.invoke(DelegatingMethodAccessorImpl.java:43)
[2023-07-04T16:30:17.156+0530] {subprocess.py:93} INFO - 	at java.base/java.lang.reflect.Method.invoke(Method.java:566)
[2023-07-04T16:30:17.156+0530] {subprocess.py:93} INFO - 	at py4j.reflection.MethodInvoker.invoke(MethodInvoker.java:244)
[2023-07-04T16:30:17.156+0530] {subprocess.py:93} INFO - 	at py4j.reflection.ReflectionEngine.invoke(ReflectionEngine.java:374)
[2023-07-04T16:30:17.157+0530] {subprocess.py:93} INFO - 	at py4j.Gateway.invoke(Gateway.java:282)
[2023-07-04T16:30:17.157+0530] {subprocess.py:93} INFO - 	at py4j.commands.AbstractCommand.invokeMethod(AbstractCommand.java:132)
[2023-07-04T16:30:17.157+0530] {subprocess.py:93} INFO - 	at py4j.commands.CallCommand.execute(CallCommand.java:79)
[2023-07-04T16:30:17.157+0530] {subprocess.py:93} INFO - 	at py4j.ClientServerConnection.waitForCommands(ClientServerConnection.java:182)
[2023-07-04T16:30:17.157+0530] {subprocess.py:93} INFO - 	at py4j.ClientServerConnection.run(ClientServerConnection.java:106)
[2023-07-04T16:30:17.157+0530] {subprocess.py:93} INFO - 	at java.base/java.lang.Thread.run(Thread.java:829)
[2023-07-04T16:30:17.157+0530] {subprocess.py:93} INFO - 
[2023-07-04T16:30:17.197+0530] {subprocess.py:93} INFO - 23/07/04 16:30:17 INFO SparkContext: Invoking stop() from shutdown hook
[2023-07-04T16:30:17.198+0530] {subprocess.py:93} INFO - 23/07/04 16:30:17 INFO SparkContext: SparkContext is stopping with exitCode 0.
[2023-07-04T16:30:17.214+0530] {subprocess.py:93} INFO - 23/07/04 16:30:17 INFO SparkUI: Stopped Spark web UI at http://10.0.29.173:4040
[2023-07-04T16:30:17.232+0530] {subprocess.py:93} INFO - 23/07/04 16:30:17 INFO MapOutputTrackerMasterEndpoint: MapOutputTrackerMasterEndpoint stopped!
[2023-07-04T16:30:17.248+0530] {subprocess.py:93} INFO - 23/07/04 16:30:17 INFO MemoryStore: MemoryStore cleared
[2023-07-04T16:30:17.248+0530] {subprocess.py:93} INFO - 23/07/04 16:30:17 INFO BlockManager: BlockManager stopped
[2023-07-04T16:30:17.257+0530] {subprocess.py:93} INFO - 23/07/04 16:30:17 INFO BlockManagerMaster: BlockManagerMaster stopped
[2023-07-04T16:30:17.260+0530] {subprocess.py:93} INFO - 23/07/04 16:30:17 INFO OutputCommitCoordinator$OutputCommitCoordinatorEndpoint: OutputCommitCoordinator stopped!
[2023-07-04T16:30:17.267+0530] {subprocess.py:93} INFO - 23/07/04 16:30:17 INFO SparkContext: Successfully stopped SparkContext
[2023-07-04T16:30:17.268+0530] {subprocess.py:93} INFO - 23/07/04 16:30:17 INFO ShutdownHookManager: Shutdown hook called
[2023-07-04T16:30:17.269+0530] {subprocess.py:93} INFO - 23/07/04 16:30:17 INFO ShutdownHookManager: Deleting directory /tmp/spark-aab7d3a5-e83c-492b-a2e2-5e9fc6eabcea
[2023-07-04T16:30:17.272+0530] {subprocess.py:93} INFO - 23/07/04 16:30:17 INFO ShutdownHookManager: Deleting directory /tmp/spark-6a60f343-cc23-4769-b637-e2c3b400e7a6
[2023-07-04T16:30:17.277+0530] {subprocess.py:93} INFO - 23/07/04 16:30:17 INFO ShutdownHookManager: Deleting directory /tmp/spark-6a60f343-cc23-4769-b637-e2c3b400e7a6/pyspark-cfa2e615-24ad-4af2-86a9-215894781e8e
[2023-07-04T16:30:17.387+0530] {subprocess.py:97} INFO - Command exited with return code 1
[2023-07-04T16:30:17.396+0530] {taskinstance.py:1824} ERROR - Task failed with exception
Traceback (most recent call last):
  File "/home/neosoft/airflow/py_env/lib/python3.8/site-packages/airflow/operators/bash.py", line 210, in execute
    raise AirflowException(
airflow.exceptions.AirflowException: Bash command failed. The command returned a non-zero exit code 1.
[2023-07-04T16:30:17.399+0530] {taskinstance.py:1345} INFO - Marking task as UP_FOR_RETRY. dag_id=A, task_id=run_spark, execution_date=20230703T110000, start_date=20230704T110007, end_date=20230704T110017
[2023-07-04T16:30:17.580+0530] {standard_task_runner.py:104} ERROR - Failed to execute job 409 for task run_spark (Bash command failed. The command returned a non-zero exit code 1.; 260136)
[2023-07-04T16:30:17.624+0530] {local_task_job_runner.py:225} INFO - Task exited with return code 1
[2023-07-04T16:30:17.650+0530] {taskinstance.py:2653} INFO - 0 downstream tasks scheduled from follow-on schedule check
