[2023-07-20T13:17:34.407+0530] {taskinstance.py:1103} INFO - Dependencies all met for dep_context=non-requeueable deps ti=<TaskInstance: spark_data_processing.run_spark scheduled__2023-07-02T08:00:00+00:00 [queued]>
[2023-07-20T13:17:34.412+0530] {taskinstance.py:1103} INFO - Dependencies all met for dep_context=requeueable deps ti=<TaskInstance: spark_data_processing.run_spark scheduled__2023-07-02T08:00:00+00:00 [queued]>
[2023-07-20T13:17:34.413+0530] {taskinstance.py:1308} INFO - Starting attempt 26 of 27
[2023-07-20T13:17:34.438+0530] {taskinstance.py:1327} INFO - Executing <Task(BashOperator): run_spark> on 2023-07-02 08:00:00+00:00
[2023-07-20T13:17:34.441+0530] {standard_task_runner.py:57} INFO - Started process 104916 to run task
[2023-07-20T13:17:34.444+0530] {standard_task_runner.py:84} INFO - Running: ['airflow', 'tasks', 'run', 'spark_data_processing', 'run_spark', 'scheduled__2023-07-02T08:00:00+00:00', '--job-id', '425', '--raw', '--subdir', 'DAGS_FOLDER/assignment2.py', '--cfg-path', '/tmp/tmpj3sj0_5y']
[2023-07-20T13:17:34.445+0530] {standard_task_runner.py:85} INFO - Job 425: Subtask run_spark
[2023-07-20T13:17:34.502+0530] {task_command.py:410} INFO - Running <TaskInstance: spark_data_processing.run_spark scheduled__2023-07-02T08:00:00+00:00 [running]> on host neosoft-Latitude-E5270
[2023-07-20T13:17:34.567+0530] {taskinstance.py:1545} INFO - Exporting env vars: AIRFLOW_CTX_DAG_EMAIL='nikitaneti21@gmail.com' AIRFLOW_CTX_DAG_OWNER='Nikita' AIRFLOW_CTX_DAG_ID='spark_data_processing' AIRFLOW_CTX_TASK_ID='run_spark' AIRFLOW_CTX_EXECUTION_DATE='2023-07-02T08:00:00+00:00' AIRFLOW_CTX_TRY_NUMBER='26' AIRFLOW_CTX_DAG_RUN_ID='scheduled__2023-07-02T08:00:00+00:00'
[2023-07-20T13:17:34.569+0530] {subprocess.py:63} INFO - Tmp dir root location: /tmp
[2023-07-20T13:17:34.570+0530] {subprocess.py:75} INFO - Running command: ['/usr/bin/bash', '-c', '\nspark-submit --master local /home/neosoft/airflow/dags/pyspark.py']
[2023-07-20T13:17:34.576+0530] {subprocess.py:86} INFO - Output:
[2023-07-20T13:17:36.953+0530] {subprocess.py:93} INFO - 23/07/20 13:17:36 WARN Utils: Your hostname, neosoft-Latitude-E5270 resolves to a loopback address: 127.0.1.1; using 10.0.28.108 instead (on interface enp0s31f6)
[2023-07-20T13:17:36.956+0530] {subprocess.py:93} INFO - 23/07/20 13:17:36 WARN Utils: Set SPARK_LOCAL_IP if you need to bind to another address
[2023-07-20T13:17:37.659+0530] {subprocess.py:93} INFO - Traceback (most recent call last):
[2023-07-20T13:17:37.659+0530] {subprocess.py:93} INFO -   File "/home/neosoft/airflow/dags/pyspark.py", line 1, in <module>
[2023-07-20T13:17:37.659+0530] {subprocess.py:93} INFO -     from pyspark.sql import SparkSession
[2023-07-20T13:17:37.659+0530] {subprocess.py:93} INFO -   File "/home/neosoft/airflow/dags/pyspark.py", line 1, in <module>
[2023-07-20T13:17:37.659+0530] {subprocess.py:93} INFO -     from pyspark.sql import SparkSession
[2023-07-20T13:17:37.659+0530] {subprocess.py:93} INFO - ModuleNotFoundError: No module named 'pyspark.sql'; 'pyspark' is not a package
[2023-07-20T13:17:37.673+0530] {subprocess.py:93} INFO - 23/07/20 13:17:37 INFO ShutdownHookManager: Shutdown hook called
[2023-07-20T13:17:37.674+0530] {subprocess.py:93} INFO - 23/07/20 13:17:37 INFO ShutdownHookManager: Deleting directory /tmp/spark-5585bf1f-9a07-4b2e-aa32-47d40e56db96
[2023-07-20T13:17:37.733+0530] {subprocess.py:97} INFO - Command exited with return code 1
[2023-07-20T13:17:37.744+0530] {taskinstance.py:1824} ERROR - Task failed with exception
Traceback (most recent call last):
  File "/home/neosoft/airflow/py_env/lib/python3.8/site-packages/airflow/operators/bash.py", line 210, in execute
    raise AirflowException(
airflow.exceptions.AirflowException: Bash command failed. The command returned a non-zero exit code 1.
[2023-07-20T13:17:37.747+0530] {taskinstance.py:1345} INFO - Marking task as UP_FOR_RETRY. dag_id=spark_data_processing, task_id=run_spark, execution_date=20230702T080000, start_date=20230720T074734, end_date=20230720T074737
[2023-07-20T13:17:37.761+0530] {base.py:73} INFO - Using connection ID 'smtp_default' for task execution.
[2023-07-20T13:17:37.762+0530] {email.py:268} INFO - Email alerting: attempt 1
[2023-07-20T13:17:39.234+0530] {email.py:280} INFO - Sent an alert email to ['nikitaneti21@gmail.com']
[2023-07-20T13:17:40.838+0530] {standard_task_runner.py:104} ERROR - Failed to execute job 425 for task run_spark (Bash command failed. The command returned a non-zero exit code 1.; 104916)
[2023-07-20T13:17:40.860+0530] {local_task_job_runner.py:225} INFO - Task exited with return code 1
[2023-07-20T13:17:40.880+0530] {taskinstance.py:2653} INFO - 0 downstream tasks scheduled from follow-on schedule check
