[2023-07-20T13:06:01.704+0530] {taskinstance.py:1103} INFO - Dependencies all met for dep_context=non-requeueable deps ti=<TaskInstance: spark_data_processing.run_spark scheduled__2023-07-02T08:00:00+00:00 [queued]>
[2023-07-20T13:06:01.710+0530] {taskinstance.py:1103} INFO - Dependencies all met for dep_context=requeueable deps ti=<TaskInstance: spark_data_processing.run_spark scheduled__2023-07-02T08:00:00+00:00 [queued]>
[2023-07-20T13:06:01.710+0530] {taskinstance.py:1308} INFO - Starting attempt 24 of 26
[2023-07-20T13:06:01.736+0530] {taskinstance.py:1327} INFO - Executing <Task(BashOperator): run_spark> on 2023-07-02 08:00:00+00:00
[2023-07-20T13:06:01.739+0530] {standard_task_runner.py:57} INFO - Started process 93687 to run task
[2023-07-20T13:06:01.743+0530] {standard_task_runner.py:84} INFO - Running: ['airflow', 'tasks', 'run', 'spark_data_processing', 'run_spark', 'scheduled__2023-07-02T08:00:00+00:00', '--job-id', '423', '--raw', '--subdir', 'DAGS_FOLDER/assignment2.py', '--cfg-path', '/tmp/tmpd15okop1']
[2023-07-20T13:06:01.743+0530] {standard_task_runner.py:85} INFO - Job 423: Subtask run_spark
[2023-07-20T13:06:01.811+0530] {task_command.py:410} INFO - Running <TaskInstance: spark_data_processing.run_spark scheduled__2023-07-02T08:00:00+00:00 [running]> on host neosoft-Latitude-E5270
[2023-07-20T13:06:01.886+0530] {taskinstance.py:1545} INFO - Exporting env vars: AIRFLOW_CTX_DAG_EMAIL='nikitaneti21@gmail.com' AIRFLOW_CTX_DAG_OWNER='Nikita' AIRFLOW_CTX_DAG_ID='spark_data_processing' AIRFLOW_CTX_TASK_ID='run_spark' AIRFLOW_CTX_EXECUTION_DATE='2023-07-02T08:00:00+00:00' AIRFLOW_CTX_TRY_NUMBER='24' AIRFLOW_CTX_DAG_RUN_ID='scheduled__2023-07-02T08:00:00+00:00'
[2023-07-20T13:06:01.888+0530] {subprocess.py:63} INFO - Tmp dir root location: /tmp
[2023-07-20T13:06:01.888+0530] {subprocess.py:75} INFO - Running command: ['/usr/bin/bash', '-c', '\nspark-submit --master local Assignment_airflow/pyspark1.py']
[2023-07-20T13:06:01.895+0530] {subprocess.py:86} INFO - Output:
[2023-07-20T13:06:04.353+0530] {subprocess.py:93} INFO - 23/07/20 13:06:04 WARN Utils: Your hostname, neosoft-Latitude-E5270 resolves to a loopback address: 127.0.1.1; using 10.0.28.108 instead (on interface enp0s31f6)
[2023-07-20T13:06:04.357+0530] {subprocess.py:93} INFO - 23/07/20 13:06:04 WARN Utils: Set SPARK_LOCAL_IP if you need to bind to another address
[2023-07-20T13:06:04.960+0530] {subprocess.py:93} INFO - python3: can't open file '/tmp/airflowtmp2cqteu8f/Assignment_airflow/pyspark1.py': [Errno 2] No such file or directory
[2023-07-20T13:06:04.972+0530] {subprocess.py:93} INFO - 23/07/20 13:06:04 INFO ShutdownHookManager: Shutdown hook called
[2023-07-20T13:06:04.973+0530] {subprocess.py:93} INFO - 23/07/20 13:06:04 INFO ShutdownHookManager: Deleting directory /tmp/spark-d803c7d8-a2a7-4851-bd6c-98082ef9c659
[2023-07-20T13:06:05.019+0530] {subprocess.py:97} INFO - Command exited with return code 2
[2023-07-20T13:06:05.028+0530] {taskinstance.py:1824} ERROR - Task failed with exception
Traceback (most recent call last):
  File "/home/neosoft/airflow/py_env/lib/python3.8/site-packages/airflow/operators/bash.py", line 210, in execute
    raise AirflowException(
airflow.exceptions.AirflowException: Bash command failed. The command returned a non-zero exit code 2.
[2023-07-20T13:06:05.032+0530] {taskinstance.py:1345} INFO - Marking task as UP_FOR_RETRY. dag_id=spark_data_processing, task_id=run_spark, execution_date=20230702T080000, start_date=20230720T073601, end_date=20230720T073605
[2023-07-20T13:06:05.046+0530] {base.py:73} INFO - Using connection ID 'smtp_default' for task execution.
[2023-07-20T13:06:05.047+0530] {email.py:268} INFO - Email alerting: attempt 1
[2023-07-20T13:06:06.404+0530] {email.py:280} INFO - Sent an alert email to ['nikitaneti21@gmail.com']
[2023-07-20T13:06:07.849+0530] {standard_task_runner.py:104} ERROR - Failed to execute job 423 for task run_spark (Bash command failed. The command returned a non-zero exit code 2.; 93687)
[2023-07-20T13:06:07.874+0530] {local_task_job_runner.py:225} INFO - Task exited with return code 1
[2023-07-20T13:06:07.886+0530] {taskinstance.py:2653} INFO - 0 downstream tasks scheduled from follow-on schedule check
