[2023-07-04T12:21:38.906+0530] {taskinstance.py:1103} INFO - Dependencies all met for dep_context=non-requeueable deps ti=<TaskInstance: spark_data_processing.run_spark scheduled__2023-07-02T08:00:00+00:00 [queued]>
[2023-07-04T12:21:38.914+0530] {taskinstance.py:1103} INFO - Dependencies all met for dep_context=requeueable deps ti=<TaskInstance: spark_data_processing.run_spark scheduled__2023-07-02T08:00:00+00:00 [queued]>
[2023-07-04T12:21:38.914+0530] {taskinstance.py:1308} INFO - Starting attempt 14 of 16
[2023-07-04T12:21:38.938+0530] {taskinstance.py:1327} INFO - Executing <Task(BashOperator): run_spark> on 2023-07-02 08:00:00+00:00
[2023-07-04T12:21:38.941+0530] {standard_task_runner.py:57} INFO - Started process 95631 to run task
[2023-07-04T12:21:38.944+0530] {standard_task_runner.py:84} INFO - Running: ['airflow', 'tasks', 'run', 'spark_data_processing', 'run_spark', 'scheduled__2023-07-02T08:00:00+00:00', '--job-id', '162', '--raw', '--subdir', 'DAGS_FOLDER/assignment2.py', '--cfg-path', '/tmp/tmplqlnid80']
[2023-07-04T12:21:38.945+0530] {standard_task_runner.py:85} INFO - Job 162: Subtask run_spark
[2023-07-04T12:21:38.996+0530] {task_command.py:410} INFO - Running <TaskInstance: spark_data_processing.run_spark scheduled__2023-07-02T08:00:00+00:00 [running]> on host neosoft-Latitude-E5270
[2023-07-04T12:21:39.055+0530] {taskinstance.py:1545} INFO - Exporting env vars: AIRFLOW_CTX_DAG_EMAIL='nikitaneti21@gmail.com' AIRFLOW_CTX_DAG_OWNER='Nikita' AIRFLOW_CTX_DAG_ID='spark_data_processing' AIRFLOW_CTX_TASK_ID='run_spark' AIRFLOW_CTX_EXECUTION_DATE='2023-07-02T08:00:00+00:00' AIRFLOW_CTX_TRY_NUMBER='14' AIRFLOW_CTX_DAG_RUN_ID='scheduled__2023-07-02T08:00:00+00:00'
[2023-07-04T12:21:39.057+0530] {subprocess.py:63} INFO - Tmp dir root location: /tmp
[2023-07-04T12:21:39.057+0530] {subprocess.py:75} INFO - Running command: ['/usr/bin/bash', '-c', '\nspark-submit --master local /home/neosoft/Documents/Assignment_airflow/pyspark1.py']
[2023-07-04T12:21:39.065+0530] {subprocess.py:86} INFO - Output:
[2023-07-04T12:21:42.214+0530] {subprocess.py:93} INFO - 23/07/04 12:21:42 WARN Utils: Your hostname, neosoft-Latitude-E5270 resolves to a loopback address: 127.0.1.1; using 10.0.29.173 instead (on interface enp0s31f6)
[2023-07-04T12:21:42.217+0530] {subprocess.py:93} INFO - 23/07/04 12:21:42 WARN Utils: Set SPARK_LOCAL_IP if you need to bind to another address
[2023-07-04T12:21:42.910+0530] {subprocess.py:93} INFO - python3: can't open file '/home/neosoft/Documents/Assignment_airflow/pyspark1.py': [Errno 2] No such file or directory
[2023-07-04T12:21:42.921+0530] {subprocess.py:93} INFO - 23/07/04 12:21:42 INFO ShutdownHookManager: Shutdown hook called
[2023-07-04T12:21:42.923+0530] {subprocess.py:93} INFO - 23/07/04 12:21:42 INFO ShutdownHookManager: Deleting directory /tmp/spark-6f8485d3-ea62-41bd-8638-bb898227e1f7
[2023-07-04T12:21:42.958+0530] {subprocess.py:97} INFO - Command exited with return code 2
[2023-07-04T12:21:42.967+0530] {taskinstance.py:1824} ERROR - Task failed with exception
Traceback (most recent call last):
  File "/home/neosoft/airflow/py_env/lib/python3.8/site-packages/airflow/operators/bash.py", line 210, in execute
    raise AirflowException(
airflow.exceptions.AirflowException: Bash command failed. The command returned a non-zero exit code 2.
[2023-07-04T12:21:42.970+0530] {taskinstance.py:1345} INFO - Marking task as UP_FOR_RETRY. dag_id=spark_data_processing, task_id=run_spark, execution_date=20230702T080000, start_date=20230704T065138, end_date=20230704T065142
[2023-07-04T12:21:42.990+0530] {logging_mixin.py:149} WARNING - /home/neosoft/airflow/py_env/lib/python3.8/site-packages/airflow/utils/email.py:152 RemovedInAirflow3Warning: Fetching SMTP credentials from configuration variables will be deprecated in a future release. Please set credentials using a connection instead.
[2023-07-04T12:21:42.990+0530] {configuration.py:674} WARNING - section/key [smtp/smtp_user] not found in config
[2023-07-04T12:21:42.990+0530] {email.py:268} INFO - Email alerting: attempt 1
[2023-07-04T12:21:42.993+0530] {configuration.py:674} WARNING - section/key [smtp/smtp_user] not found in config
[2023-07-04T12:21:42.993+0530] {email.py:268} INFO - Email alerting: attempt 1
[2023-07-04T12:21:42.994+0530] {taskinstance.py:1889} ERROR - Failed to send email to: ['nikitaneti21@gmail.com']
Traceback (most recent call last):
  File "/home/neosoft/airflow/py_env/lib/python3.8/site-packages/airflow/models/taskinstance.py", line 1407, in _run_raw_task
    self._execute_task_with_callbacks(context, test_mode)
  File "/home/neosoft/airflow/py_env/lib/python3.8/site-packages/airflow/models/taskinstance.py", line 1558, in _execute_task_with_callbacks
    result = self._execute_task(context, task_orig)
  File "/home/neosoft/airflow/py_env/lib/python3.8/site-packages/airflow/models/taskinstance.py", line 1628, in _execute_task
    result = execute_callable(context=context)
  File "/home/neosoft/airflow/py_env/lib/python3.8/site-packages/airflow/operators/bash.py", line 210, in execute
    raise AirflowException(
airflow.exceptions.AirflowException: Bash command failed. The command returned a non-zero exit code 2.

During handling of the above exception, another exception occurred:

Traceback (most recent call last):
  File "/home/neosoft/airflow/py_env/lib/python3.8/site-packages/airflow/models/taskinstance.py", line 2295, in email_alert
    send_email(task.email, subject, html_content)
  File "/home/neosoft/airflow/py_env/lib/python3.8/site-packages/airflow/utils/email.py", line 78, in send_email
    return backend(
  File "/home/neosoft/airflow/py_env/lib/python3.8/site-packages/airflow/utils/email.py", line 152, in send_email_smtp
    send_mime_email(e_from=mail_from, e_to=recipients, mime_msg=msg, conn_id=conn_id, dryrun=dryrun)
  File "/home/neosoft/airflow/py_env/lib/python3.8/site-packages/airflow/utils/email.py", line 270, in send_mime_email
    smtp_conn = _get_smtp_connection(smtp_host, smtp_port, smtp_timeout, smtp_ssl)
  File "/home/neosoft/airflow/py_env/lib/python3.8/site-packages/airflow/utils/email.py", line 317, in _get_smtp_connection
    else smtplib.SMTP(host=host, port=port, timeout=timeout)
  File "/usr/lib/python3.8/smtplib.py", line 255, in __init__
    (code, msg) = self.connect(host, port)
  File "/usr/lib/python3.8/smtplib.py", line 339, in connect
    self.sock = self._get_socket(host, port, self.timeout)
  File "/usr/lib/python3.8/smtplib.py", line 310, in _get_socket
    return socket.create_connection((host, port), timeout,
  File "/usr/lib/python3.8/socket.py", line 808, in create_connection
    raise err
  File "/usr/lib/python3.8/socket.py", line 796, in create_connection
    sock.connect(sa)
ConnectionRefusedError: [Errno 111] Connection refused

During handling of the above exception, another exception occurred:

Traceback (most recent call last):
  File "/home/neosoft/airflow/py_env/lib/python3.8/site-packages/airflow/models/taskinstance.py", line 1887, in handle_failure
    self.email_alert(error, task)
  File "/home/neosoft/airflow/py_env/lib/python3.8/site-packages/airflow/models/taskinstance.py", line 2297, in email_alert
    send_email(task.email, subject, html_content_err)
  File "/home/neosoft/airflow/py_env/lib/python3.8/site-packages/airflow/utils/email.py", line 78, in send_email
    return backend(
  File "/home/neosoft/airflow/py_env/lib/python3.8/site-packages/airflow/utils/email.py", line 152, in send_email_smtp
    send_mime_email(e_from=mail_from, e_to=recipients, mime_msg=msg, conn_id=conn_id, dryrun=dryrun)
  File "/home/neosoft/airflow/py_env/lib/python3.8/site-packages/airflow/utils/email.py", line 270, in send_mime_email
    smtp_conn = _get_smtp_connection(smtp_host, smtp_port, smtp_timeout, smtp_ssl)
  File "/home/neosoft/airflow/py_env/lib/python3.8/site-packages/airflow/utils/email.py", line 317, in _get_smtp_connection
    else smtplib.SMTP(host=host, port=port, timeout=timeout)
  File "/usr/lib/python3.8/smtplib.py", line 255, in __init__
    (code, msg) = self.connect(host, port)
  File "/usr/lib/python3.8/smtplib.py", line 339, in connect
    self.sock = self._get_socket(host, port, self.timeout)
  File "/usr/lib/python3.8/smtplib.py", line 310, in _get_socket
    return socket.create_connection((host, port), timeout,
  File "/usr/lib/python3.8/socket.py", line 808, in create_connection
    raise err
  File "/usr/lib/python3.8/socket.py", line 796, in create_connection
    sock.connect(sa)
ConnectionRefusedError: [Errno 111] Connection refused
[2023-07-04T12:21:43.070+0530] {standard_task_runner.py:104} ERROR - Failed to execute job 162 for task run_spark (Bash command failed. The command returned a non-zero exit code 2.; 95631)
[2023-07-04T12:21:43.089+0530] {local_task_job_runner.py:225} INFO - Task exited with return code 1
[2023-07-04T12:21:43.175+0530] {taskinstance.py:2653} INFO - 0 downstream tasks scheduled from follow-on schedule check
