[2023-07-20T15:09:15.642+0530] {taskinstance.py:1103} INFO - Dependencies all met for dep_context=non-requeueable deps ti=<TaskInstance: spark_data_processing.run_spark scheduled__2023-07-02T08:00:00+00:00 [queued]>
[2023-07-20T15:09:15.648+0530] {taskinstance.py:1103} INFO - Dependencies all met for dep_context=requeueable deps ti=<TaskInstance: spark_data_processing.run_spark scheduled__2023-07-02T08:00:00+00:00 [queued]>
[2023-07-20T15:09:15.648+0530] {taskinstance.py:1308} INFO - Starting attempt 29 of 30
[2023-07-20T15:09:15.678+0530] {taskinstance.py:1327} INFO - Executing <Task(BashOperator): run_spark> on 2023-07-02 08:00:00+00:00
[2023-07-20T15:09:15.682+0530] {standard_task_runner.py:57} INFO - Started process 202323 to run task
[2023-07-20T15:09:15.688+0530] {standard_task_runner.py:84} INFO - Running: ['airflow', 'tasks', 'run', 'spark_data_processing', 'run_spark', 'scheduled__2023-07-02T08:00:00+00:00', '--job-id', '428', '--raw', '--subdir', 'DAGS_FOLDER/assignment2.py', '--cfg-path', '/tmp/tmpp6xvzabe']
[2023-07-20T15:09:15.688+0530] {standard_task_runner.py:85} INFO - Job 428: Subtask run_spark
[2023-07-20T15:09:15.735+0530] {task_command.py:410} INFO - Running <TaskInstance: spark_data_processing.run_spark scheduled__2023-07-02T08:00:00+00:00 [running]> on host neosoft-Latitude-E5270
[2023-07-20T15:09:15.802+0530] {taskinstance.py:1545} INFO - Exporting env vars: AIRFLOW_CTX_DAG_EMAIL='nikitaneti21@gmail.com' AIRFLOW_CTX_DAG_OWNER='Nikita' AIRFLOW_CTX_DAG_ID='spark_data_processing' AIRFLOW_CTX_TASK_ID='run_spark' AIRFLOW_CTX_EXECUTION_DATE='2023-07-02T08:00:00+00:00' AIRFLOW_CTX_TRY_NUMBER='29' AIRFLOW_CTX_DAG_RUN_ID='scheduled__2023-07-02T08:00:00+00:00'
[2023-07-20T15:09:15.803+0530] {subprocess.py:63} INFO - Tmp dir root location: /tmp
[2023-07-20T15:09:15.804+0530] {subprocess.py:75} INFO - Running command: ['/usr/bin/bash', '-c', '\nspark-submit --master local /home/neosoft/airflow/dags/pyspark2.py']
[2023-07-20T15:09:15.810+0530] {subprocess.py:86} INFO - Output:
[2023-07-20T15:09:17.995+0530] {subprocess.py:93} INFO - 23/07/20 15:09:17 WARN Utils: Your hostname, neosoft-Latitude-E5270 resolves to a loopback address: 127.0.1.1; using 10.0.28.108 instead (on interface enp0s31f6)
[2023-07-20T15:09:18.000+0530] {subprocess.py:93} INFO - 23/07/20 15:09:18 WARN Utils: Set SPARK_LOCAL_IP if you need to bind to another address
[2023-07-20T15:09:19.144+0530] {subprocess.py:93} INFO - 23/07/20 15:09:19 INFO SparkContext: Running Spark version 3.4.0
[2023-07-20T15:09:19.240+0530] {subprocess.py:93} INFO - 23/07/20 15:09:19 WARN NativeCodeLoader: Unable to load native-hadoop library for your platform... using builtin-java classes where applicable
[2023-07-20T15:09:19.386+0530] {subprocess.py:93} INFO - 23/07/20 15:09:19 INFO ResourceUtils: ==============================================================
[2023-07-20T15:09:19.387+0530] {subprocess.py:93} INFO - 23/07/20 15:09:19 INFO ResourceUtils: No custom resources configured for spark.driver.
[2023-07-20T15:09:19.387+0530] {subprocess.py:93} INFO - 23/07/20 15:09:19 INFO ResourceUtils: ==============================================================
[2023-07-20T15:09:19.388+0530] {subprocess.py:93} INFO - 23/07/20 15:09:19 INFO SparkContext: Submitted application: pyspark2.py
[2023-07-20T15:09:19.412+0530] {subprocess.py:93} INFO - 23/07/20 15:09:19 INFO ResourceProfile: Default ResourceProfile created, executor resources: Map(cores -> name: cores, amount: 1, script: , vendor: , memory -> name: memory, amount: 1024, script: , vendor: , offHeap -> name: offHeap, amount: 0, script: , vendor: ), task resources: Map(cpus -> name: cpus, amount: 1.0)
[2023-07-20T15:09:19.429+0530] {subprocess.py:93} INFO - 23/07/20 15:09:19 INFO ResourceProfile: Limiting resource is cpu
[2023-07-20T15:09:19.431+0530] {subprocess.py:93} INFO - 23/07/20 15:09:19 INFO ResourceProfileManager: Added ResourceProfile id: 0
[2023-07-20T15:09:19.498+0530] {subprocess.py:93} INFO - 23/07/20 15:09:19 INFO SecurityManager: Changing view acls to: neosoft
[2023-07-20T15:09:19.499+0530] {subprocess.py:93} INFO - 23/07/20 15:09:19 INFO SecurityManager: Changing modify acls to: neosoft
[2023-07-20T15:09:19.500+0530] {subprocess.py:93} INFO - 23/07/20 15:09:19 INFO SecurityManager: Changing view acls groups to:
[2023-07-20T15:09:19.500+0530] {subprocess.py:93} INFO - 23/07/20 15:09:19 INFO SecurityManager: Changing modify acls groups to:
[2023-07-20T15:09:19.501+0530] {subprocess.py:93} INFO - 23/07/20 15:09:19 INFO SecurityManager: SecurityManager: authentication disabled; ui acls disabled; users with view permissions: neosoft; groups with view permissions: EMPTY; users with modify permissions: neosoft; groups with modify permissions: EMPTY
[2023-07-20T15:09:19.809+0530] {subprocess.py:93} INFO - 23/07/20 15:09:19 INFO Utils: Successfully started service 'sparkDriver' on port 44551.
[2023-07-20T15:09:19.847+0530] {subprocess.py:93} INFO - 23/07/20 15:09:19 INFO SparkEnv: Registering MapOutputTracker
[2023-07-20T15:09:19.901+0530] {subprocess.py:93} INFO - 23/07/20 15:09:19 INFO SparkEnv: Registering BlockManagerMaster
[2023-07-20T15:09:19.949+0530] {subprocess.py:93} INFO - 23/07/20 15:09:19 INFO BlockManagerMasterEndpoint: Using org.apache.spark.storage.DefaultTopologyMapper for getting topology information
[2023-07-20T15:09:19.955+0530] {subprocess.py:93} INFO - 23/07/20 15:09:19 INFO BlockManagerMasterEndpoint: BlockManagerMasterEndpoint up
[2023-07-20T15:09:19.961+0530] {subprocess.py:93} INFO - 23/07/20 15:09:19 INFO SparkEnv: Registering BlockManagerMasterHeartbeat
[2023-07-20T15:09:20.003+0530] {subprocess.py:93} INFO - 23/07/20 15:09:20 INFO DiskBlockManager: Created local directory at /tmp/blockmgr-f376f35c-b97c-4cd4-b903-a53e17fc019e
[2023-07-20T15:09:20.030+0530] {subprocess.py:93} INFO - 23/07/20 15:09:20 INFO MemoryStore: MemoryStore started with capacity 434.4 MiB
[2023-07-20T15:09:20.050+0530] {subprocess.py:93} INFO - 23/07/20 15:09:20 INFO SparkEnv: Registering OutputCommitCoordinator
[2023-07-20T15:09:20.248+0530] {subprocess.py:93} INFO - 23/07/20 15:09:20 INFO JettyUtils: Start Jetty 0.0.0.0:4040 for SparkUI
[2023-07-20T15:09:20.332+0530] {subprocess.py:93} INFO - 23/07/20 15:09:20 INFO Utils: Successfully started service 'SparkUI' on port 4040.
[2023-07-20T15:09:20.450+0530] {subprocess.py:93} INFO - 23/07/20 15:09:20 INFO Executor: Starting executor ID driver on host 10.0.28.108
[2023-07-20T15:09:20.459+0530] {subprocess.py:93} INFO - 23/07/20 15:09:20 INFO Executor: Starting executor with user classpath (userClassPathFirst = false): ''
[2023-07-20T15:09:20.481+0530] {subprocess.py:93} INFO - 23/07/20 15:09:20 INFO Utils: Successfully started service 'org.apache.spark.network.netty.NettyBlockTransferService' on port 38333.
[2023-07-20T15:09:20.482+0530] {subprocess.py:93} INFO - 23/07/20 15:09:20 INFO NettyBlockTransferService: Server created on 10.0.28.108:38333
[2023-07-20T15:09:20.484+0530] {subprocess.py:93} INFO - 23/07/20 15:09:20 INFO BlockManager: Using org.apache.spark.storage.RandomBlockReplicationPolicy for block replication policy
[2023-07-20T15:09:20.491+0530] {subprocess.py:93} INFO - 23/07/20 15:09:20 INFO BlockManagerMaster: Registering BlockManager BlockManagerId(driver, 10.0.28.108, 38333, None)
[2023-07-20T15:09:20.495+0530] {subprocess.py:93} INFO - 23/07/20 15:09:20 INFO BlockManagerMasterEndpoint: Registering block manager 10.0.28.108:38333 with 434.4 MiB RAM, BlockManagerId(driver, 10.0.28.108, 38333, None)
[2023-07-20T15:09:20.499+0530] {subprocess.py:93} INFO - 23/07/20 15:09:20 INFO BlockManagerMaster: Registered BlockManager BlockManagerId(driver, 10.0.28.108, 38333, None)
[2023-07-20T15:09:20.499+0530] {subprocess.py:93} INFO - 23/07/20 15:09:20 INFO BlockManager: Initialized BlockManager: BlockManagerId(driver, 10.0.28.108, 38333, None)
[2023-07-20T15:09:21.077+0530] {subprocess.py:93} INFO - 23/07/20 15:09:21 INFO SharedState: Setting hive.metastore.warehouse.dir ('null') to the value of spark.sql.warehouse.dir.
[2023-07-20T15:09:21.086+0530] {subprocess.py:93} INFO - 23/07/20 15:09:21 INFO SharedState: Warehouse path is 'file:/tmp/airflowtmpwfyw4z_8/spark-warehouse'.
[2023-07-20T15:09:22.244+0530] {subprocess.py:93} INFO - Traceback (most recent call last):
[2023-07-20T15:09:22.246+0530] {subprocess.py:93} INFO -   File "/home/neosoft/airflow/dags/pyspark2.py", line 19, in <module>
[2023-07-20T15:09:22.246+0530] {subprocess.py:93} INFO -     df = spark.read.jdbc(jdbc_url, table_name, properties=properties)
[2023-07-20T15:09:22.246+0530] {subprocess.py:93} INFO -   File "/opt/spark/spark-3.4.0-bin-hadoop3/python/lib/pyspark.zip/pyspark/sql/readwriter.py", line 927, in jdbc
[2023-07-20T15:09:22.246+0530] {subprocess.py:93} INFO -   File "/opt/spark/spark-3.4.0-bin-hadoop3/python/lib/py4j-0.10.9.7-src.zip/py4j/java_gateway.py", line 1322, in __call__
[2023-07-20T15:09:22.246+0530] {subprocess.py:93} INFO -   File "/opt/spark/spark-3.4.0-bin-hadoop3/python/lib/pyspark.zip/pyspark/errors/exceptions/captured.py", line 169, in deco
[2023-07-20T15:09:22.247+0530] {subprocess.py:93} INFO -   File "/opt/spark/spark-3.4.0-bin-hadoop3/python/lib/py4j-0.10.9.7-src.zip/py4j/protocol.py", line 326, in get_return_value
[2023-07-20T15:09:22.247+0530] {subprocess.py:93} INFO - py4j.protocol.Py4JJavaError: An error occurred while calling o25.jdbc.
[2023-07-20T15:09:22.247+0530] {subprocess.py:93} INFO - : java.lang.ClassNotFoundException: com.mysql.cj.jdbc.Driver
[2023-07-20T15:09:22.247+0530] {subprocess.py:93} INFO - 	at java.base/java.net.URLClassLoader.findClass(URLClassLoader.java:476)
[2023-07-20T15:09:22.247+0530] {subprocess.py:93} INFO - 	at java.base/java.lang.ClassLoader.loadClass(ClassLoader.java:589)
[2023-07-20T15:09:22.247+0530] {subprocess.py:93} INFO - 	at java.base/java.lang.ClassLoader.loadClass(ClassLoader.java:522)
[2023-07-20T15:09:22.247+0530] {subprocess.py:93} INFO - 	at org.apache.spark.sql.execution.datasources.jdbc.DriverRegistry$.register(DriverRegistry.scala:46)
[2023-07-20T15:09:22.248+0530] {subprocess.py:93} INFO - 	at org.apache.spark.sql.execution.datasources.jdbc.JDBCOptions.$anonfun$driverClass$1(JDBCOptions.scala:103)
[2023-07-20T15:09:22.248+0530] {subprocess.py:93} INFO - 	at org.apache.spark.sql.execution.datasources.jdbc.JDBCOptions.$anonfun$driverClass$1$adapted(JDBCOptions.scala:103)
[2023-07-20T15:09:22.248+0530] {subprocess.py:93} INFO - 	at scala.Option.foreach(Option.scala:407)
[2023-07-20T15:09:22.248+0530] {subprocess.py:93} INFO - 	at org.apache.spark.sql.execution.datasources.jdbc.JDBCOptions.<init>(JDBCOptions.scala:103)
[2023-07-20T15:09:22.248+0530] {subprocess.py:93} INFO - 	at org.apache.spark.sql.execution.datasources.jdbc.JDBCOptions.<init>(JDBCOptions.scala:41)
[2023-07-20T15:09:22.248+0530] {subprocess.py:93} INFO - 	at org.apache.spark.sql.execution.datasources.jdbc.JdbcRelationProvider.createRelation(JdbcRelationProvider.scala:34)
[2023-07-20T15:09:22.248+0530] {subprocess.py:93} INFO - 	at org.apache.spark.sql.execution.datasources.DataSource.resolveRelation(DataSource.scala:346)
[2023-07-20T15:09:22.248+0530] {subprocess.py:93} INFO - 	at org.apache.spark.sql.DataFrameReader.loadV1Source(DataFrameReader.scala:229)
[2023-07-20T15:09:22.249+0530] {subprocess.py:93} INFO - 	at org.apache.spark.sql.DataFrameReader.$anonfun$load$2(DataFrameReader.scala:211)
[2023-07-20T15:09:22.249+0530] {subprocess.py:93} INFO - 	at scala.Option.getOrElse(Option.scala:189)
[2023-07-20T15:09:22.249+0530] {subprocess.py:93} INFO - 	at org.apache.spark.sql.DataFrameReader.load(DataFrameReader.scala:211)
[2023-07-20T15:09:22.249+0530] {subprocess.py:93} INFO - 	at org.apache.spark.sql.DataFrameReader.load(DataFrameReader.scala:172)
[2023-07-20T15:09:22.249+0530] {subprocess.py:93} INFO - 	at org.apache.spark.sql.DataFrameReader.jdbc(DataFrameReader.scala:249)
[2023-07-20T15:09:22.249+0530] {subprocess.py:93} INFO - 	at java.base/jdk.internal.reflect.NativeMethodAccessorImpl.invoke0(Native Method)
[2023-07-20T15:09:22.249+0530] {subprocess.py:93} INFO - 	at java.base/jdk.internal.reflect.NativeMethodAccessorImpl.invoke(NativeMethodAccessorImpl.java:62)
[2023-07-20T15:09:22.250+0530] {subprocess.py:93} INFO - 	at java.base/jdk.internal.reflect.DelegatingMethodAccessorImpl.invoke(DelegatingMethodAccessorImpl.java:43)
[2023-07-20T15:09:22.250+0530] {subprocess.py:93} INFO - 	at java.base/java.lang.reflect.Method.invoke(Method.java:566)
[2023-07-20T15:09:22.250+0530] {subprocess.py:93} INFO - 	at py4j.reflection.MethodInvoker.invoke(MethodInvoker.java:244)
[2023-07-20T15:09:22.250+0530] {subprocess.py:93} INFO - 	at py4j.reflection.ReflectionEngine.invoke(ReflectionEngine.java:374)
[2023-07-20T15:09:22.250+0530] {subprocess.py:93} INFO - 	at py4j.Gateway.invoke(Gateway.java:282)
[2023-07-20T15:09:22.250+0530] {subprocess.py:93} INFO - 	at py4j.commands.AbstractCommand.invokeMethod(AbstractCommand.java:132)
[2023-07-20T15:09:22.250+0530] {subprocess.py:93} INFO - 	at py4j.commands.CallCommand.execute(CallCommand.java:79)
[2023-07-20T15:09:22.251+0530] {subprocess.py:93} INFO - 	at py4j.ClientServerConnection.waitForCommands(ClientServerConnection.java:182)
[2023-07-20T15:09:22.251+0530] {subprocess.py:93} INFO - 	at py4j.ClientServerConnection.run(ClientServerConnection.java:106)
[2023-07-20T15:09:22.251+0530] {subprocess.py:93} INFO - 	at java.base/java.lang.Thread.run(Thread.java:829)
[2023-07-20T15:09:22.251+0530] {subprocess.py:93} INFO - 
[2023-07-20T15:09:22.286+0530] {subprocess.py:93} INFO - 23/07/20 15:09:22 INFO SparkContext: Invoking stop() from shutdown hook
[2023-07-20T15:09:22.287+0530] {subprocess.py:93} INFO - 23/07/20 15:09:22 INFO SparkContext: SparkContext is stopping with exitCode 0.
[2023-07-20T15:09:22.300+0530] {subprocess.py:93} INFO - 23/07/20 15:09:22 INFO SparkUI: Stopped Spark web UI at http://10.0.28.108:4040
[2023-07-20T15:09:22.328+0530] {subprocess.py:93} INFO - 23/07/20 15:09:22 INFO MapOutputTrackerMasterEndpoint: MapOutputTrackerMasterEndpoint stopped!
[2023-07-20T15:09:22.338+0530] {subprocess.py:93} INFO - 23/07/20 15:09:22 INFO MemoryStore: MemoryStore cleared
[2023-07-20T15:09:22.338+0530] {subprocess.py:93} INFO - 23/07/20 15:09:22 INFO BlockManager: BlockManager stopped
[2023-07-20T15:09:22.345+0530] {subprocess.py:93} INFO - 23/07/20 15:09:22 INFO BlockManagerMaster: BlockManagerMaster stopped
[2023-07-20T15:09:22.349+0530] {subprocess.py:93} INFO - 23/07/20 15:09:22 INFO OutputCommitCoordinator$OutputCommitCoordinatorEndpoint: OutputCommitCoordinator stopped!
[2023-07-20T15:09:22.354+0530] {subprocess.py:93} INFO - 23/07/20 15:09:22 INFO SparkContext: Successfully stopped SparkContext
[2023-07-20T15:09:22.355+0530] {subprocess.py:93} INFO - 23/07/20 15:09:22 INFO ShutdownHookManager: Shutdown hook called
[2023-07-20T15:09:22.356+0530] {subprocess.py:93} INFO - 23/07/20 15:09:22 INFO ShutdownHookManager: Deleting directory /tmp/spark-876d6c84-5e30-4586-9f1b-f8506493d744
[2023-07-20T15:09:22.358+0530] {subprocess.py:93} INFO - 23/07/20 15:09:22 INFO ShutdownHookManager: Deleting directory /tmp/spark-d95fff2a-f03c-44a9-a174-67a0cd023665/pyspark-2abcd918-0ee6-493d-b13f-0f9868c27167
[2023-07-20T15:09:22.361+0530] {subprocess.py:93} INFO - 23/07/20 15:09:22 INFO ShutdownHookManager: Deleting directory /tmp/spark-d95fff2a-f03c-44a9-a174-67a0cd023665
[2023-07-20T15:09:22.432+0530] {subprocess.py:97} INFO - Command exited with return code 1
[2023-07-20T15:09:22.445+0530] {taskinstance.py:1824} ERROR - Task failed with exception
Traceback (most recent call last):
  File "/home/neosoft/airflow/py_env/lib/python3.8/site-packages/airflow/operators/bash.py", line 210, in execute
    raise AirflowException(
airflow.exceptions.AirflowException: Bash command failed. The command returned a non-zero exit code 1.
[2023-07-20T15:09:22.450+0530] {taskinstance.py:1345} INFO - Marking task as UP_FOR_RETRY. dag_id=spark_data_processing, task_id=run_spark, execution_date=20230702T080000, start_date=20230720T093915, end_date=20230720T093922
[2023-07-20T15:09:22.469+0530] {base.py:73} INFO - Using connection ID 'smtp_default' for task execution.
[2023-07-20T15:09:22.470+0530] {email.py:268} INFO - Email alerting: attempt 1
[2023-07-20T15:09:23.943+0530] {email.py:280} INFO - Sent an alert email to ['nikitaneti21@gmail.com']
[2023-07-20T15:09:25.463+0530] {standard_task_runner.py:104} ERROR - Failed to execute job 428 for task run_spark (Bash command failed. The command returned a non-zero exit code 1.; 202323)
[2023-07-20T15:09:25.502+0530] {local_task_job_runner.py:225} INFO - Task exited with return code 1
[2023-07-20T15:09:25.514+0530] {taskinstance.py:2653} INFO - 0 downstream tasks scheduled from follow-on schedule check
