[2023-07-20T15:04:04.993+0530] {taskinstance.py:1103} INFO - Dependencies all met for dep_context=non-requeueable deps ti=<TaskInstance: spark_data_processing.run_spark scheduled__2023-07-02T08:00:00+00:00 [queued]>
[2023-07-20T15:04:05.001+0530] {taskinstance.py:1103} INFO - Dependencies all met for dep_context=requeueable deps ti=<TaskInstance: spark_data_processing.run_spark scheduled__2023-07-02T08:00:00+00:00 [queued]>
[2023-07-20T15:04:05.001+0530] {taskinstance.py:1308} INFO - Starting attempt 28 of 30
[2023-07-20T15:04:05.036+0530] {taskinstance.py:1327} INFO - Executing <Task(BashOperator): run_spark> on 2023-07-02 08:00:00+00:00
[2023-07-20T15:04:05.046+0530] {standard_task_runner.py:57} INFO - Started process 198803 to run task
[2023-07-20T15:04:05.055+0530] {standard_task_runner.py:84} INFO - Running: ['airflow', 'tasks', 'run', 'spark_data_processing', 'run_spark', 'scheduled__2023-07-02T08:00:00+00:00', '--job-id', '427', '--raw', '--subdir', 'DAGS_FOLDER/assignment2.py', '--cfg-path', '/tmp/tmpczuytxmh']
[2023-07-20T15:04:05.056+0530] {standard_task_runner.py:85} INFO - Job 427: Subtask run_spark
[2023-07-20T15:04:05.114+0530] {task_command.py:410} INFO - Running <TaskInstance: spark_data_processing.run_spark scheduled__2023-07-02T08:00:00+00:00 [running]> on host neosoft-Latitude-E5270
[2023-07-20T15:04:05.197+0530] {taskinstance.py:1545} INFO - Exporting env vars: AIRFLOW_CTX_DAG_EMAIL='nikitaneti21@gmail.com' AIRFLOW_CTX_DAG_OWNER='Nikita' AIRFLOW_CTX_DAG_ID='spark_data_processing' AIRFLOW_CTX_TASK_ID='run_spark' AIRFLOW_CTX_EXECUTION_DATE='2023-07-02T08:00:00+00:00' AIRFLOW_CTX_TRY_NUMBER='28' AIRFLOW_CTX_DAG_RUN_ID='scheduled__2023-07-02T08:00:00+00:00'
[2023-07-20T15:04:05.199+0530] {subprocess.py:63} INFO - Tmp dir root location: /tmp
[2023-07-20T15:04:05.199+0530] {subprocess.py:75} INFO - Running command: ['/usr/bin/bash', '-c', '\nspark-submit --master local /home/neosoft/airflow/dags/pyspark2.py']
[2023-07-20T15:04:05.207+0530] {subprocess.py:86} INFO - Output:
[2023-07-20T15:04:08.408+0530] {subprocess.py:93} INFO - 23/07/20 15:04:08 WARN Utils: Your hostname, neosoft-Latitude-E5270 resolves to a loopback address: 127.0.1.1; using 10.0.28.108 instead (on interface enp0s31f6)
[2023-07-20T15:04:08.413+0530] {subprocess.py:93} INFO - 23/07/20 15:04:08 WARN Utils: Set SPARK_LOCAL_IP if you need to bind to another address
[2023-07-20T15:04:09.565+0530] {subprocess.py:93} INFO - 23/07/20 15:04:09 INFO SparkContext: Running Spark version 3.4.0
[2023-07-20T15:04:09.641+0530] {subprocess.py:93} INFO - 23/07/20 15:04:09 WARN NativeCodeLoader: Unable to load native-hadoop library for your platform... using builtin-java classes where applicable
[2023-07-20T15:04:09.753+0530] {subprocess.py:93} INFO - 23/07/20 15:04:09 INFO ResourceUtils: ==============================================================
[2023-07-20T15:04:09.754+0530] {subprocess.py:93} INFO - 23/07/20 15:04:09 INFO ResourceUtils: No custom resources configured for spark.driver.
[2023-07-20T15:04:09.755+0530] {subprocess.py:93} INFO - 23/07/20 15:04:09 INFO ResourceUtils: ==============================================================
[2023-07-20T15:04:09.756+0530] {subprocess.py:93} INFO - 23/07/20 15:04:09 INFO SparkContext: Submitted application: pyspark2.py
[2023-07-20T15:04:09.814+0530] {subprocess.py:93} INFO - 23/07/20 15:04:09 INFO ResourceProfile: Default ResourceProfile created, executor resources: Map(cores -> name: cores, amount: 1, script: , vendor: , memory -> name: memory, amount: 1024, script: , vendor: , offHeap -> name: offHeap, amount: 0, script: , vendor: ), task resources: Map(cpus -> name: cpus, amount: 1.0)
[2023-07-20T15:04:09.832+0530] {subprocess.py:93} INFO - 23/07/20 15:04:09 INFO ResourceProfile: Limiting resource is cpu
[2023-07-20T15:04:09.833+0530] {subprocess.py:93} INFO - 23/07/20 15:04:09 INFO ResourceProfileManager: Added ResourceProfile id: 0
[2023-07-20T15:04:09.903+0530] {subprocess.py:93} INFO - 23/07/20 15:04:09 INFO SecurityManager: Changing view acls to: neosoft
[2023-07-20T15:04:09.903+0530] {subprocess.py:93} INFO - 23/07/20 15:04:09 INFO SecurityManager: Changing modify acls to: neosoft
[2023-07-20T15:04:09.904+0530] {subprocess.py:93} INFO - 23/07/20 15:04:09 INFO SecurityManager: Changing view acls groups to:
[2023-07-20T15:04:09.905+0530] {subprocess.py:93} INFO - 23/07/20 15:04:09 INFO SecurityManager: Changing modify acls groups to:
[2023-07-20T15:04:09.905+0530] {subprocess.py:93} INFO - 23/07/20 15:04:09 INFO SecurityManager: SecurityManager: authentication disabled; ui acls disabled; users with view permissions: neosoft; groups with view permissions: EMPTY; users with modify permissions: neosoft; groups with modify permissions: EMPTY
[2023-07-20T15:04:10.299+0530] {subprocess.py:93} INFO - 23/07/20 15:04:10 INFO Utils: Successfully started service 'sparkDriver' on port 42365.
[2023-07-20T15:04:10.339+0530] {subprocess.py:93} INFO - 23/07/20 15:04:10 INFO SparkEnv: Registering MapOutputTracker
[2023-07-20T15:04:10.401+0530] {subprocess.py:93} INFO - 23/07/20 15:04:10 INFO SparkEnv: Registering BlockManagerMaster
[2023-07-20T15:04:10.422+0530] {subprocess.py:93} INFO - 23/07/20 15:04:10 INFO BlockManagerMasterEndpoint: Using org.apache.spark.storage.DefaultTopologyMapper for getting topology information
[2023-07-20T15:04:10.423+0530] {subprocess.py:93} INFO - 23/07/20 15:04:10 INFO BlockManagerMasterEndpoint: BlockManagerMasterEndpoint up
[2023-07-20T15:04:10.427+0530] {subprocess.py:93} INFO - 23/07/20 15:04:10 INFO SparkEnv: Registering BlockManagerMasterHeartbeat
[2023-07-20T15:04:10.452+0530] {subprocess.py:93} INFO - 23/07/20 15:04:10 INFO DiskBlockManager: Created local directory at /tmp/blockmgr-949bdfdf-0d73-4987-88ba-7d1e6d3cd182
[2023-07-20T15:04:10.473+0530] {subprocess.py:93} INFO - 23/07/20 15:04:10 INFO MemoryStore: MemoryStore started with capacity 434.4 MiB
[2023-07-20T15:04:10.494+0530] {subprocess.py:93} INFO - 23/07/20 15:04:10 INFO SparkEnv: Registering OutputCommitCoordinator
[2023-07-20T15:04:10.736+0530] {subprocess.py:93} INFO - 23/07/20 15:04:10 INFO JettyUtils: Start Jetty 0.0.0.0:4040 for SparkUI
[2023-07-20T15:04:10.810+0530] {subprocess.py:93} INFO - 23/07/20 15:04:10 INFO Utils: Successfully started service 'SparkUI' on port 4040.
[2023-07-20T15:04:11.020+0530] {subprocess.py:93} INFO - 23/07/20 15:04:11 INFO Executor: Starting executor ID driver on host 10.0.28.108
[2023-07-20T15:04:11.033+0530] {subprocess.py:93} INFO - 23/07/20 15:04:11 INFO Executor: Starting executor with user classpath (userClassPathFirst = false): ''
[2023-07-20T15:04:11.061+0530] {subprocess.py:93} INFO - 23/07/20 15:04:11 INFO Utils: Successfully started service 'org.apache.spark.network.netty.NettyBlockTransferService' on port 35283.
[2023-07-20T15:04:11.061+0530] {subprocess.py:93} INFO - 23/07/20 15:04:11 INFO NettyBlockTransferService: Server created on 10.0.28.108:35283
[2023-07-20T15:04:11.064+0530] {subprocess.py:93} INFO - 23/07/20 15:04:11 INFO BlockManager: Using org.apache.spark.storage.RandomBlockReplicationPolicy for block replication policy
[2023-07-20T15:04:11.073+0530] {subprocess.py:93} INFO - 23/07/20 15:04:11 INFO BlockManagerMaster: Registering BlockManager BlockManagerId(driver, 10.0.28.108, 35283, None)
[2023-07-20T15:04:11.078+0530] {subprocess.py:93} INFO - 23/07/20 15:04:11 INFO BlockManagerMasterEndpoint: Registering block manager 10.0.28.108:35283 with 434.4 MiB RAM, BlockManagerId(driver, 10.0.28.108, 35283, None)
[2023-07-20T15:04:11.081+0530] {subprocess.py:93} INFO - 23/07/20 15:04:11 INFO BlockManagerMaster: Registered BlockManager BlockManagerId(driver, 10.0.28.108, 35283, None)
[2023-07-20T15:04:11.083+0530] {subprocess.py:93} INFO - 23/07/20 15:04:11 INFO BlockManager: Initialized BlockManager: BlockManagerId(driver, 10.0.28.108, 35283, None)
[2023-07-20T15:04:11.723+0530] {subprocess.py:93} INFO - 23/07/20 15:04:11 INFO SharedState: Setting hive.metastore.warehouse.dir ('null') to the value of spark.sql.warehouse.dir.
[2023-07-20T15:04:11.732+0530] {subprocess.py:93} INFO - 23/07/20 15:04:11 INFO SharedState: Warehouse path is 'file:/tmp/airflowtmpr_ckewhj/spark-warehouse'.
[2023-07-20T15:04:12.974+0530] {subprocess.py:93} INFO - Traceback (most recent call last):
[2023-07-20T15:04:12.975+0530] {subprocess.py:93} INFO -   File "/home/neosoft/airflow/dags/pyspark2.py", line 19, in <module>
[2023-07-20T15:04:12.975+0530] {subprocess.py:93} INFO -     df = spark.read.jdbc(jdbc_url, table_name, properties=properties)
[2023-07-20T15:04:12.975+0530] {subprocess.py:93} INFO -   File "/opt/spark/spark-3.4.0-bin-hadoop3/python/lib/pyspark.zip/pyspark/sql/readwriter.py", line 927, in jdbc
[2023-07-20T15:04:12.975+0530] {subprocess.py:93} INFO -   File "/opt/spark/spark-3.4.0-bin-hadoop3/python/lib/py4j-0.10.9.7-src.zip/py4j/java_gateway.py", line 1322, in __call__
[2023-07-20T15:04:12.975+0530] {subprocess.py:93} INFO -   File "/opt/spark/spark-3.4.0-bin-hadoop3/python/lib/pyspark.zip/pyspark/errors/exceptions/captured.py", line 169, in deco
[2023-07-20T15:04:12.975+0530] {subprocess.py:93} INFO -   File "/opt/spark/spark-3.4.0-bin-hadoop3/python/lib/py4j-0.10.9.7-src.zip/py4j/protocol.py", line 326, in get_return_value
[2023-07-20T15:04:12.976+0530] {subprocess.py:93} INFO - py4j.protocol.Py4JJavaError: An error occurred while calling o25.jdbc.
[2023-07-20T15:04:12.976+0530] {subprocess.py:93} INFO - : java.lang.ClassNotFoundException: com.mysql.cj.jdbc.Driver
[2023-07-20T15:04:12.976+0530] {subprocess.py:93} INFO - 	at java.base/java.net.URLClassLoader.findClass(URLClassLoader.java:476)
[2023-07-20T15:04:12.976+0530] {subprocess.py:93} INFO - 	at java.base/java.lang.ClassLoader.loadClass(ClassLoader.java:589)
[2023-07-20T15:04:12.976+0530] {subprocess.py:93} INFO - 	at java.base/java.lang.ClassLoader.loadClass(ClassLoader.java:522)
[2023-07-20T15:04:12.976+0530] {subprocess.py:93} INFO - 	at org.apache.spark.sql.execution.datasources.jdbc.DriverRegistry$.register(DriverRegistry.scala:46)
[2023-07-20T15:04:12.977+0530] {subprocess.py:93} INFO - 	at org.apache.spark.sql.execution.datasources.jdbc.JDBCOptions.$anonfun$driverClass$1(JDBCOptions.scala:103)
[2023-07-20T15:04:12.977+0530] {subprocess.py:93} INFO - 	at org.apache.spark.sql.execution.datasources.jdbc.JDBCOptions.$anonfun$driverClass$1$adapted(JDBCOptions.scala:103)
[2023-07-20T15:04:12.977+0530] {subprocess.py:93} INFO - 	at scala.Option.foreach(Option.scala:407)
[2023-07-20T15:04:12.977+0530] {subprocess.py:93} INFO - 	at org.apache.spark.sql.execution.datasources.jdbc.JDBCOptions.<init>(JDBCOptions.scala:103)
[2023-07-20T15:04:12.977+0530] {subprocess.py:93} INFO - 	at org.apache.spark.sql.execution.datasources.jdbc.JDBCOptions.<init>(JDBCOptions.scala:41)
[2023-07-20T15:04:12.977+0530] {subprocess.py:93} INFO - 	at org.apache.spark.sql.execution.datasources.jdbc.JdbcRelationProvider.createRelation(JdbcRelationProvider.scala:34)
[2023-07-20T15:04:12.978+0530] {subprocess.py:93} INFO - 	at org.apache.spark.sql.execution.datasources.DataSource.resolveRelation(DataSource.scala:346)
[2023-07-20T15:04:12.978+0530] {subprocess.py:93} INFO - 	at org.apache.spark.sql.DataFrameReader.loadV1Source(DataFrameReader.scala:229)
[2023-07-20T15:04:12.978+0530] {subprocess.py:93} INFO - 	at org.apache.spark.sql.DataFrameReader.$anonfun$load$2(DataFrameReader.scala:211)
[2023-07-20T15:04:12.978+0530] {subprocess.py:93} INFO - 	at scala.Option.getOrElse(Option.scala:189)
[2023-07-20T15:04:12.978+0530] {subprocess.py:93} INFO - 	at org.apache.spark.sql.DataFrameReader.load(DataFrameReader.scala:211)
[2023-07-20T15:04:12.978+0530] {subprocess.py:93} INFO - 	at org.apache.spark.sql.DataFrameReader.load(DataFrameReader.scala:172)
[2023-07-20T15:04:12.978+0530] {subprocess.py:93} INFO - 	at org.apache.spark.sql.DataFrameReader.jdbc(DataFrameReader.scala:249)
[2023-07-20T15:04:12.978+0530] {subprocess.py:93} INFO - 	at java.base/jdk.internal.reflect.NativeMethodAccessorImpl.invoke0(Native Method)
[2023-07-20T15:04:12.978+0530] {subprocess.py:93} INFO - 	at java.base/jdk.internal.reflect.NativeMethodAccessorImpl.invoke(NativeMethodAccessorImpl.java:62)
[2023-07-20T15:04:12.978+0530] {subprocess.py:93} INFO - 	at java.base/jdk.internal.reflect.DelegatingMethodAccessorImpl.invoke(DelegatingMethodAccessorImpl.java:43)
[2023-07-20T15:04:12.979+0530] {subprocess.py:93} INFO - 	at java.base/java.lang.reflect.Method.invoke(Method.java:566)
[2023-07-20T15:04:12.979+0530] {subprocess.py:93} INFO - 	at py4j.reflection.MethodInvoker.invoke(MethodInvoker.java:244)
[2023-07-20T15:04:12.979+0530] {subprocess.py:93} INFO - 	at py4j.reflection.ReflectionEngine.invoke(ReflectionEngine.java:374)
[2023-07-20T15:04:12.979+0530] {subprocess.py:93} INFO - 	at py4j.Gateway.invoke(Gateway.java:282)
[2023-07-20T15:04:12.979+0530] {subprocess.py:93} INFO - 	at py4j.commands.AbstractCommand.invokeMethod(AbstractCommand.java:132)
[2023-07-20T15:04:12.979+0530] {subprocess.py:93} INFO - 	at py4j.commands.CallCommand.execute(CallCommand.java:79)
[2023-07-20T15:04:12.979+0530] {subprocess.py:93} INFO - 	at py4j.ClientServerConnection.waitForCommands(ClientServerConnection.java:182)
[2023-07-20T15:04:12.979+0530] {subprocess.py:93} INFO - 	at py4j.ClientServerConnection.run(ClientServerConnection.java:106)
[2023-07-20T15:04:12.979+0530] {subprocess.py:93} INFO - 	at java.base/java.lang.Thread.run(Thread.java:829)
[2023-07-20T15:04:12.980+0530] {subprocess.py:93} INFO - 
[2023-07-20T15:04:13.010+0530] {subprocess.py:93} INFO - 23/07/20 15:04:13 INFO SparkContext: Invoking stop() from shutdown hook
[2023-07-20T15:04:13.011+0530] {subprocess.py:93} INFO - 23/07/20 15:04:13 INFO SparkContext: SparkContext is stopping with exitCode 0.
[2023-07-20T15:04:13.025+0530] {subprocess.py:93} INFO - 23/07/20 15:04:13 INFO SparkUI: Stopped Spark web UI at http://10.0.28.108:4040
[2023-07-20T15:04:13.040+0530] {subprocess.py:93} INFO - 23/07/20 15:04:13 INFO MapOutputTrackerMasterEndpoint: MapOutputTrackerMasterEndpoint stopped!
[2023-07-20T15:04:13.050+0530] {subprocess.py:93} INFO - 23/07/20 15:04:13 INFO MemoryStore: MemoryStore cleared
[2023-07-20T15:04:13.050+0530] {subprocess.py:93} INFO - 23/07/20 15:04:13 INFO BlockManager: BlockManager stopped
[2023-07-20T15:04:13.057+0530] {subprocess.py:93} INFO - 23/07/20 15:04:13 INFO BlockManagerMaster: BlockManagerMaster stopped
[2023-07-20T15:04:13.061+0530] {subprocess.py:93} INFO - 23/07/20 15:04:13 INFO OutputCommitCoordinator$OutputCommitCoordinatorEndpoint: OutputCommitCoordinator stopped!
[2023-07-20T15:04:13.066+0530] {subprocess.py:93} INFO - 23/07/20 15:04:13 INFO SparkContext: Successfully stopped SparkContext
[2023-07-20T15:04:13.066+0530] {subprocess.py:93} INFO - 23/07/20 15:04:13 INFO ShutdownHookManager: Shutdown hook called
[2023-07-20T15:04:13.067+0530] {subprocess.py:93} INFO - 23/07/20 15:04:13 INFO ShutdownHookManager: Deleting directory /tmp/spark-25dc7b2b-9989-4d39-94ae-2eaf29a4196a
[2023-07-20T15:04:13.070+0530] {subprocess.py:93} INFO - 23/07/20 15:04:13 INFO ShutdownHookManager: Deleting directory /tmp/spark-42c073fb-7d31-45f3-816d-ead7bc4a4670
[2023-07-20T15:04:13.073+0530] {subprocess.py:93} INFO - 23/07/20 15:04:13 INFO ShutdownHookManager: Deleting directory /tmp/spark-42c073fb-7d31-45f3-816d-ead7bc4a4670/pyspark-d720ff4b-f261-47af-a638-c881bc9c2c7c
[2023-07-20T15:04:13.130+0530] {subprocess.py:97} INFO - Command exited with return code 1
[2023-07-20T15:04:13.140+0530] {taskinstance.py:1824} ERROR - Task failed with exception
Traceback (most recent call last):
  File "/home/neosoft/airflow/py_env/lib/python3.8/site-packages/airflow/operators/bash.py", line 210, in execute
    raise AirflowException(
airflow.exceptions.AirflowException: Bash command failed. The command returned a non-zero exit code 1.
[2023-07-20T15:04:13.145+0530] {taskinstance.py:1345} INFO - Marking task as UP_FOR_RETRY. dag_id=spark_data_processing, task_id=run_spark, execution_date=20230702T080000, start_date=20230720T093404, end_date=20230720T093413
[2023-07-20T15:04:13.161+0530] {base.py:73} INFO - Using connection ID 'smtp_default' for task execution.
[2023-07-20T15:04:13.161+0530] {email.py:268} INFO - Email alerting: attempt 1
[2023-07-20T15:04:14.747+0530] {email.py:280} INFO - Sent an alert email to ['nikitaneti21@gmail.com']
[2023-07-20T15:04:16.451+0530] {standard_task_runner.py:104} ERROR - Failed to execute job 427 for task run_spark (Bash command failed. The command returned a non-zero exit code 1.; 198803)
[2023-07-20T15:04:16.496+0530] {local_task_job_runner.py:225} INFO - Task exited with return code 1
[2023-07-20T15:04:16.516+0530] {taskinstance.py:2653} INFO - 0 downstream tasks scheduled from follow-on schedule check
