[2023-07-25T11:56:09.693+0530] {taskinstance.py:1103} INFO - Dependencies all met for dep_context=non-requeueable deps ti=<TaskInstance: Data_processing.run_spark scheduled__2023-07-20T11:00:00+00:00 [queued]>
[2023-07-25T11:56:09.700+0530] {taskinstance.py:1103} INFO - Dependencies all met for dep_context=requeueable deps ti=<TaskInstance: Data_processing.run_spark scheduled__2023-07-20T11:00:00+00:00 [queued]>
[2023-07-25T11:56:09.700+0530] {taskinstance.py:1308} INFO - Starting attempt 7 of 9
[2023-07-25T11:56:09.725+0530] {taskinstance.py:1327} INFO - Executing <Task(BashOperator): run_spark> on 2023-07-20 11:00:00+00:00
[2023-07-25T11:56:09.727+0530] {standard_task_runner.py:57} INFO - Started process 33141 to run task
[2023-07-25T11:56:09.730+0530] {standard_task_runner.py:84} INFO - Running: ['airflow', 'tasks', 'run', 'Data_processing', 'run_spark', 'scheduled__2023-07-20T11:00:00+00:00', '--job-id', '473', '--raw', '--subdir', 'DAGS_FOLDER/assignment2.py', '--cfg-path', '/tmp/tmpmf9sf5jz']
[2023-07-25T11:56:09.731+0530] {standard_task_runner.py:85} INFO - Job 473: Subtask run_spark
[2023-07-25T11:56:09.789+0530] {task_command.py:410} INFO - Running <TaskInstance: Data_processing.run_spark scheduled__2023-07-20T11:00:00+00:00 [running]> on host neosoft-Latitude-E5270
[2023-07-25T11:56:09.877+0530] {taskinstance.py:1545} INFO - Exporting env vars: AIRFLOW_CTX_DAG_EMAIL='nikitaneti21@gmail.com' AIRFLOW_CTX_DAG_OWNER='Nikita' AIRFLOW_CTX_DAG_ID='Data_processing' AIRFLOW_CTX_TASK_ID='run_spark' AIRFLOW_CTX_EXECUTION_DATE='2023-07-20T11:00:00+00:00' AIRFLOW_CTX_TRY_NUMBER='7' AIRFLOW_CTX_DAG_RUN_ID='scheduled__2023-07-20T11:00:00+00:00'
[2023-07-25T11:56:09.879+0530] {subprocess.py:63} INFO - Tmp dir root location: /tmp
[2023-07-25T11:56:09.879+0530] {subprocess.py:75} INFO - Running command: ['/usr/bin/bash', '-c', 'spark-submit --master local   --jars /home/neosoft/Videos/mysql-connector-j-8.0.33.jar   /home/neosoft/airflow/dags/pyspark2.py ']
[2023-07-25T11:56:09.886+0530] {subprocess.py:86} INFO - Output:
[2023-07-25T11:56:13.335+0530] {subprocess.py:93} INFO - 23/07/25 11:56:13 WARN Utils: Your hostname, neosoft-Latitude-E5270 resolves to a loopback address: 127.0.1.1; using 10.0.28.108 instead (on interface enp0s31f6)
[2023-07-25T11:56:13.338+0530] {subprocess.py:93} INFO - 23/07/25 11:56:13 WARN Utils: Set SPARK_LOCAL_IP if you need to bind to another address
[2023-07-25T11:56:14.085+0530] {subprocess.py:93} INFO - 23/07/25 11:56:14 WARN NativeCodeLoader: Unable to load native-hadoop library for your platform... using builtin-java classes where applicable
[2023-07-25T11:56:15.072+0530] {subprocess.py:93} INFO - 23/07/25 11:56:15 INFO SparkContext: Running Spark version 3.4.0
[2023-07-25T11:56:15.114+0530] {subprocess.py:93} INFO - 23/07/25 11:56:15 INFO ResourceUtils: ==============================================================
[2023-07-25T11:56:15.114+0530] {subprocess.py:93} INFO - 23/07/25 11:56:15 INFO ResourceUtils: No custom resources configured for spark.driver.
[2023-07-25T11:56:15.115+0530] {subprocess.py:93} INFO - 23/07/25 11:56:15 INFO ResourceUtils: ==============================================================
[2023-07-25T11:56:15.115+0530] {subprocess.py:93} INFO - 23/07/25 11:56:15 INFO SparkContext: Submitted application: pyspark2.py
[2023-07-25T11:56:15.151+0530] {subprocess.py:93} INFO - 23/07/25 11:56:15 INFO ResourceProfile: Default ResourceProfile created, executor resources: Map(cores -> name: cores, amount: 1, script: , vendor: , memory -> name: memory, amount: 1024, script: , vendor: , offHeap -> name: offHeap, amount: 0, script: , vendor: ), task resources: Map(cpus -> name: cpus, amount: 1.0)
[2023-07-25T11:56:15.167+0530] {subprocess.py:93} INFO - 23/07/25 11:56:15 INFO ResourceProfile: Limiting resource is cpu
[2023-07-25T11:56:15.168+0530] {subprocess.py:93} INFO - 23/07/25 11:56:15 INFO ResourceProfileManager: Added ResourceProfile id: 0
[2023-07-25T11:56:15.294+0530] {subprocess.py:93} INFO - 23/07/25 11:56:15 INFO SecurityManager: Changing view acls to: neosoft
[2023-07-25T11:56:15.294+0530] {subprocess.py:93} INFO - 23/07/25 11:56:15 INFO SecurityManager: Changing modify acls to: neosoft
[2023-07-25T11:56:15.295+0530] {subprocess.py:93} INFO - 23/07/25 11:56:15 INFO SecurityManager: Changing view acls groups to:
[2023-07-25T11:56:15.296+0530] {subprocess.py:93} INFO - 23/07/25 11:56:15 INFO SecurityManager: Changing modify acls groups to:
[2023-07-25T11:56:15.297+0530] {subprocess.py:93} INFO - 23/07/25 11:56:15 INFO SecurityManager: SecurityManager: authentication disabled; ui acls disabled; users with view permissions: neosoft; groups with view permissions: EMPTY; users with modify permissions: neosoft; groups with modify permissions: EMPTY
[2023-07-25T11:56:15.675+0530] {subprocess.py:93} INFO - 23/07/25 11:56:15 INFO Utils: Successfully started service 'sparkDriver' on port 35741.
[2023-07-25T11:56:15.723+0530] {subprocess.py:93} INFO - 23/07/25 11:56:15 INFO SparkEnv: Registering MapOutputTracker
[2023-07-25T11:56:15.768+0530] {subprocess.py:93} INFO - 23/07/25 11:56:15 INFO SparkEnv: Registering BlockManagerMaster
[2023-07-25T11:56:15.802+0530] {subprocess.py:93} INFO - 23/07/25 11:56:15 INFO BlockManagerMasterEndpoint: Using org.apache.spark.storage.DefaultTopologyMapper for getting topology information
[2023-07-25T11:56:15.803+0530] {subprocess.py:93} INFO - 23/07/25 11:56:15 INFO BlockManagerMasterEndpoint: BlockManagerMasterEndpoint up
[2023-07-25T11:56:15.807+0530] {subprocess.py:93} INFO - 23/07/25 11:56:15 INFO SparkEnv: Registering BlockManagerMasterHeartbeat
[2023-07-25T11:56:15.851+0530] {subprocess.py:93} INFO - 23/07/25 11:56:15 INFO DiskBlockManager: Created local directory at /tmp/blockmgr-4fe973bd-9dec-4f28-a0f0-519c4a1dc726
[2023-07-25T11:56:15.874+0530] {subprocess.py:93} INFO - 23/07/25 11:56:15 INFO MemoryStore: MemoryStore started with capacity 434.4 MiB
[2023-07-25T11:56:15.895+0530] {subprocess.py:93} INFO - 23/07/25 11:56:15 INFO SparkEnv: Registering OutputCommitCoordinator
[2023-07-25T11:56:16.156+0530] {subprocess.py:93} INFO - 23/07/25 11:56:16 INFO JettyUtils: Start Jetty 0.0.0.0:4040 for SparkUI
[2023-07-25T11:56:16.247+0530] {subprocess.py:93} INFO - 23/07/25 11:56:16 INFO Utils: Successfully started service 'SparkUI' on port 4040.
[2023-07-25T11:56:16.291+0530] {subprocess.py:93} INFO - 23/07/25 11:56:16 INFO SparkContext: Added JAR file:///home/neosoft/Videos/mysql-connector-j-8.0.33.jar at spark://10.0.28.108:35741/jars/mysql-connector-j-8.0.33.jar with timestamp 1690266375059
[2023-07-25T11:56:16.391+0530] {subprocess.py:93} INFO - 23/07/25 11:56:16 INFO Executor: Starting executor ID driver on host 10.0.28.108
[2023-07-25T11:56:16.405+0530] {subprocess.py:93} INFO - 23/07/25 11:56:16 INFO Executor: Starting executor with user classpath (userClassPathFirst = false): ''
[2023-07-25T11:56:16.428+0530] {subprocess.py:93} INFO - 23/07/25 11:56:16 INFO Executor: Fetching spark://10.0.28.108:35741/jars/mysql-connector-j-8.0.33.jar with timestamp 1690266375059
[2023-07-25T11:56:16.547+0530] {subprocess.py:93} INFO - 23/07/25 11:56:16 INFO TransportClientFactory: Successfully created connection to /10.0.28.108:35741 after 75 ms (0 ms spent in bootstraps)
[2023-07-25T11:56:16.569+0530] {subprocess.py:93} INFO - 23/07/25 11:56:16 INFO Utils: Fetching spark://10.0.28.108:35741/jars/mysql-connector-j-8.0.33.jar to /tmp/spark-b844e076-7f73-41f3-9e41-7b2bd2d7be08/userFiles-edca85e6-ca82-4736-abfe-f02379261a9f/fetchFileTemp753569232692592241.tmp
[2023-07-25T11:56:16.660+0530] {subprocess.py:93} INFO - 23/07/25 11:56:16 INFO Executor: Adding file:/tmp/spark-b844e076-7f73-41f3-9e41-7b2bd2d7be08/userFiles-edca85e6-ca82-4736-abfe-f02379261a9f/mysql-connector-j-8.0.33.jar to class loader
[2023-07-25T11:56:16.671+0530] {subprocess.py:93} INFO - 23/07/25 11:56:16 INFO Utils: Successfully started service 'org.apache.spark.network.netty.NettyBlockTransferService' on port 37987.
[2023-07-25T11:56:16.671+0530] {subprocess.py:93} INFO - 23/07/25 11:56:16 INFO NettyBlockTransferService: Server created on 10.0.28.108:37987
[2023-07-25T11:56:16.674+0530] {subprocess.py:93} INFO - 23/07/25 11:56:16 INFO BlockManager: Using org.apache.spark.storage.RandomBlockReplicationPolicy for block replication policy
[2023-07-25T11:56:16.685+0530] {subprocess.py:93} INFO - 23/07/25 11:56:16 INFO BlockManagerMaster: Registering BlockManager BlockManagerId(driver, 10.0.28.108, 37987, None)
[2023-07-25T11:56:16.691+0530] {subprocess.py:93} INFO - 23/07/25 11:56:16 INFO BlockManagerMasterEndpoint: Registering block manager 10.0.28.108:37987 with 434.4 MiB RAM, BlockManagerId(driver, 10.0.28.108, 37987, None)
[2023-07-25T11:56:16.694+0530] {subprocess.py:93} INFO - 23/07/25 11:56:16 INFO BlockManagerMaster: Registered BlockManager BlockManagerId(driver, 10.0.28.108, 37987, None)
[2023-07-25T11:56:16.697+0530] {subprocess.py:93} INFO - 23/07/25 11:56:16 INFO BlockManager: Initialized BlockManager: BlockManagerId(driver, 10.0.28.108, 37987, None)
[2023-07-25T11:56:17.402+0530] {subprocess.py:93} INFO - 23/07/25 11:56:17 INFO SharedState: Setting hive.metastore.warehouse.dir ('null') to the value of spark.sql.warehouse.dir.
[2023-07-25T11:56:17.407+0530] {subprocess.py:93} INFO - 23/07/25 11:56:17 INFO SharedState: Warehouse path is 'file:/tmp/airflowtmpy5yywl2q/spark-warehouse'.
[2023-07-25T11:56:23.532+0530] {subprocess.py:93} INFO - 23/07/25 11:56:23 INFO CodeGenerator: Code generated in 262.374745 ms
[2023-07-25T11:56:23.650+0530] {subprocess.py:93} INFO - 23/07/25 11:56:23 INFO SparkContext: Starting job: showString at NativeMethodAccessorImpl.java:0
[2023-07-25T11:56:23.672+0530] {subprocess.py:93} INFO - 23/07/25 11:56:23 INFO DAGScheduler: Got job 0 (showString at NativeMethodAccessorImpl.java:0) with 1 output partitions
[2023-07-25T11:56:23.673+0530] {subprocess.py:93} INFO - 23/07/25 11:56:23 INFO DAGScheduler: Final stage: ResultStage 0 (showString at NativeMethodAccessorImpl.java:0)
[2023-07-25T11:56:23.674+0530] {subprocess.py:93} INFO - 23/07/25 11:56:23 INFO DAGScheduler: Parents of final stage: List()
[2023-07-25T11:56:23.675+0530] {subprocess.py:93} INFO - 23/07/25 11:56:23 INFO DAGScheduler: Missing parents: List()
[2023-07-25T11:56:23.681+0530] {subprocess.py:93} INFO - 23/07/25 11:56:23 INFO DAGScheduler: Submitting ResultStage 0 (MapPartitionsRDD[2] at showString at NativeMethodAccessorImpl.java:0), which has no missing parents
[2023-07-25T11:56:23.863+0530] {subprocess.py:93} INFO - 23/07/25 11:56:23 INFO MemoryStore: Block broadcast_0 stored as values in memory (estimated size 11.9 KiB, free 434.4 MiB)
[2023-07-25T11:56:23.899+0530] {subprocess.py:93} INFO - 23/07/25 11:56:23 INFO MemoryStore: Block broadcast_0_piece0 stored as bytes in memory (estimated size 6.0 KiB, free 434.4 MiB)
[2023-07-25T11:56:23.903+0530] {subprocess.py:93} INFO - 23/07/25 11:56:23 INFO BlockManagerInfo: Added broadcast_0_piece0 in memory on 10.0.28.108:37987 (size: 6.0 KiB, free: 434.4 MiB)
[2023-07-25T11:56:23.909+0530] {subprocess.py:93} INFO - 23/07/25 11:56:23 INFO SparkContext: Created broadcast 0 from broadcast at DAGScheduler.scala:1535
[2023-07-25T11:56:23.928+0530] {subprocess.py:93} INFO - 23/07/25 11:56:23 INFO DAGScheduler: Submitting 1 missing tasks from ResultStage 0 (MapPartitionsRDD[2] at showString at NativeMethodAccessorImpl.java:0) (first 15 tasks are for partitions Vector(0))
[2023-07-25T11:56:23.930+0530] {subprocess.py:93} INFO - 23/07/25 11:56:23 INFO TaskSchedulerImpl: Adding task set 0.0 with 1 tasks resource profile 0
[2023-07-25T11:56:23.994+0530] {subprocess.py:93} INFO - 23/07/25 11:56:23 INFO TaskSetManager: Starting task 0.0 in stage 0.0 (TID 0) (10.0.28.108, executor driver, partition 0, PROCESS_LOCAL, 7209 bytes)
[2023-07-25T11:56:24.012+0530] {subprocess.py:93} INFO - 23/07/25 11:56:24 INFO Executor: Running task 0.0 in stage 0.0 (TID 0)
[2023-07-25T11:56:24.152+0530] {subprocess.py:93} INFO - 23/07/25 11:56:24 INFO JDBCRDD: closed connection
[2023-07-25T11:56:24.175+0530] {subprocess.py:93} INFO - 23/07/25 11:56:24 INFO Executor: Finished task 0.0 in stage 0.0 (TID 0). 1802 bytes result sent to driver
[2023-07-25T11:56:24.187+0530] {subprocess.py:93} INFO - 23/07/25 11:56:24 INFO TaskSetManager: Finished task 0.0 in stage 0.0 (TID 0) in 207 ms on 10.0.28.108 (executor driver) (1/1)
[2023-07-25T11:56:24.190+0530] {subprocess.py:93} INFO - 23/07/25 11:56:24 INFO TaskSchedulerImpl: Removed TaskSet 0.0, whose tasks have all completed, from pool
[2023-07-25T11:56:24.198+0530] {subprocess.py:93} INFO - 23/07/25 11:56:24 INFO DAGScheduler: ResultStage 0 (showString at NativeMethodAccessorImpl.java:0) finished in 0.498 s
[2023-07-25T11:56:24.204+0530] {subprocess.py:93} INFO - 23/07/25 11:56:24 INFO DAGScheduler: Job 0 is finished. Cancelling potential speculative or zombie tasks for this job
[2023-07-25T11:56:24.205+0530] {subprocess.py:93} INFO - 23/07/25 11:56:24 INFO TaskSchedulerImpl: Killing all running tasks in stage 0: Stage finished
[2023-07-25T11:56:24.209+0530] {subprocess.py:93} INFO - 23/07/25 11:56:24 INFO DAGScheduler: Job 0 finished: showString at NativeMethodAccessorImpl.java:0, took 0.557834 s
[2023-07-25T11:56:24.314+0530] {subprocess.py:93} INFO - 23/07/25 11:56:24 INFO CodeGenerator: Code generated in 70.398841 ms
[2023-07-25T11:56:24.324+0530] {subprocess.py:93} INFO - 23/07/25 11:56:24 INFO BlockManagerInfo: Removed broadcast_0_piece0 on 10.0.28.108:37987 in memory (size: 6.0 KiB, free: 434.4 MiB)
[2023-07-25T11:56:24.336+0530] {subprocess.py:93} INFO - +-----------+----------+---------+---+-------+
[2023-07-25T11:56:24.336+0530] {subprocess.py:93} INFO - |customer_id|first_name|last_name|age|country|
[2023-07-25T11:56:24.337+0530] {subprocess.py:93} INFO - +-----------+----------+---------+---+-------+
[2023-07-25T11:56:24.337+0530] {subprocess.py:93} INFO - |          1|      John|      Doe| 31|    USA|
[2023-07-25T11:56:24.337+0530] {subprocess.py:93} INFO - |          2|    Robert|     luna| 22|    USA|
[2023-07-25T11:56:24.337+0530] {subprocess.py:93} INFO - |          3|     David|  Robison| 22|     UK|
[2023-07-25T11:56:24.337+0530] {subprocess.py:93} INFO - |          4|      jOhn|Reinhardt| 25|     UK|
[2023-07-25T11:56:24.337+0530] {subprocess.py:93} INFO - |          5|     James|     Bond| 48|    USA|
[2023-07-25T11:56:24.337+0530] {subprocess.py:93} INFO - |          6|    Nikita|     Neti| 24|  India|
[2023-07-25T11:56:24.337+0530] {subprocess.py:93} INFO - +-----------+----------+---------+---+-------+
[2023-07-25T11:56:24.338+0530] {subprocess.py:93} INFO - 
[2023-07-25T11:56:24.338+0530] {subprocess.py:93} INFO - None
[2023-07-25T11:56:24.613+0530] {subprocess.py:93} INFO - 23/07/25 11:56:24 INFO SparkContext: Starting job: showString at NativeMethodAccessorImpl.java:0
[2023-07-25T11:56:24.615+0530] {subprocess.py:93} INFO - 23/07/25 11:56:24 INFO DAGScheduler: Got job 1 (showString at NativeMethodAccessorImpl.java:0) with 1 output partitions
[2023-07-25T11:56:24.616+0530] {subprocess.py:93} INFO - 23/07/25 11:56:24 INFO DAGScheduler: Final stage: ResultStage 1 (showString at NativeMethodAccessorImpl.java:0)
[2023-07-25T11:56:24.616+0530] {subprocess.py:93} INFO - 23/07/25 11:56:24 INFO DAGScheduler: Parents of final stage: List()
[2023-07-25T11:56:24.616+0530] {subprocess.py:93} INFO - 23/07/25 11:56:24 INFO DAGScheduler: Missing parents: List()
[2023-07-25T11:56:24.616+0530] {subprocess.py:93} INFO - 23/07/25 11:56:24 INFO DAGScheduler: Submitting ResultStage 1 (MapPartitionsRDD[5] at showString at NativeMethodAccessorImpl.java:0), which has no missing parents
[2023-07-25T11:56:24.626+0530] {subprocess.py:93} INFO - 23/07/25 11:56:24 INFO MemoryStore: Block broadcast_1 stored as values in memory (estimated size 12.0 KiB, free 434.4 MiB)
[2023-07-25T11:56:24.630+0530] {subprocess.py:93} INFO - 23/07/25 11:56:24 INFO MemoryStore: Block broadcast_1_piece0 stored as bytes in memory (estimated size 6.0 KiB, free 434.4 MiB)
[2023-07-25T11:56:24.631+0530] {subprocess.py:93} INFO - 23/07/25 11:56:24 INFO BlockManagerInfo: Added broadcast_1_piece0 in memory on 10.0.28.108:37987 (size: 6.0 KiB, free: 434.4 MiB)
[2023-07-25T11:56:24.632+0530] {subprocess.py:93} INFO - 23/07/25 11:56:24 INFO SparkContext: Created broadcast 1 from broadcast at DAGScheduler.scala:1535
[2023-07-25T11:56:24.633+0530] {subprocess.py:93} INFO - 23/07/25 11:56:24 INFO DAGScheduler: Submitting 1 missing tasks from ResultStage 1 (MapPartitionsRDD[5] at showString at NativeMethodAccessorImpl.java:0) (first 15 tasks are for partitions Vector(0))
[2023-07-25T11:56:24.633+0530] {subprocess.py:93} INFO - 23/07/25 11:56:24 INFO TaskSchedulerImpl: Adding task set 1.0 with 1 tasks resource profile 0
[2023-07-25T11:56:24.637+0530] {subprocess.py:93} INFO - 23/07/25 11:56:24 INFO TaskSetManager: Starting task 0.0 in stage 1.0 (TID 1) (10.0.28.108, executor driver, partition 0, PROCESS_LOCAL, 7209 bytes)
[2023-07-25T11:56:24.637+0530] {subprocess.py:93} INFO - 23/07/25 11:56:24 INFO Executor: Running task 0.0 in stage 1.0 (TID 1)
[2023-07-25T11:56:24.671+0530] {subprocess.py:93} INFO - 23/07/25 11:56:24 INFO JDBCRDD: closed connection
[2023-07-25T11:56:24.674+0530] {subprocess.py:93} INFO - 23/07/25 11:56:24 INFO Executor: Finished task 0.0 in stage 1.0 (TID 1). 1570 bytes result sent to driver
[2023-07-25T11:56:24.677+0530] {subprocess.py:93} INFO - 23/07/25 11:56:24 INFO TaskSetManager: Finished task 0.0 in stage 1.0 (TID 1) in 43 ms on 10.0.28.108 (executor driver) (1/1)
[2023-07-25T11:56:24.679+0530] {subprocess.py:93} INFO - 23/07/25 11:56:24 INFO DAGScheduler: ResultStage 1 (showString at NativeMethodAccessorImpl.java:0) finished in 0.060 s
[2023-07-25T11:56:24.680+0530] {subprocess.py:93} INFO - 23/07/25 11:56:24 INFO DAGScheduler: Job 1 is finished. Cancelling potential speculative or zombie tasks for this job
[2023-07-25T11:56:24.680+0530] {subprocess.py:93} INFO - 23/07/25 11:56:24 INFO TaskSchedulerImpl: Removed TaskSet 1.0, whose tasks have all completed, from pool
[2023-07-25T11:56:24.680+0530] {subprocess.py:93} INFO - 23/07/25 11:56:24 INFO TaskSchedulerImpl: Killing all running tasks in stage 1: Stage finished
[2023-07-25T11:56:24.681+0530] {subprocess.py:93} INFO - 23/07/25 11:56:24 INFO DAGScheduler: Job 1 finished: showString at NativeMethodAccessorImpl.java:0, took 0.067370 s
[2023-07-25T11:56:24.690+0530] {subprocess.py:93} INFO - +-----------+----------+---------+---+-------+
[2023-07-25T11:56:24.690+0530] {subprocess.py:93} INFO - |customer_id|first_name|last_name|age|country|
[2023-07-25T11:56:24.690+0530] {subprocess.py:93} INFO - +-----------+----------+---------+---+-------+
[2023-07-25T11:56:24.690+0530] {subprocess.py:93} INFO - |          1|      John|      Doe| 31|    USA|
[2023-07-25T11:56:24.690+0530] {subprocess.py:93} INFO - |          5|     James|     Bond| 48|    USA|
[2023-07-25T11:56:24.691+0530] {subprocess.py:93} INFO - +-----------+----------+---------+---+-------+
[2023-07-25T11:56:24.691+0530] {subprocess.py:93} INFO - 
[2023-07-25T11:56:24.691+0530] {subprocess.py:93} INFO - None
[2023-07-25T11:56:24.691+0530] {subprocess.py:93} INFO - 23/07/25 11:56:24 INFO SparkContext: SparkContext is stopping with exitCode 0.
[2023-07-25T11:56:24.703+0530] {subprocess.py:93} INFO - 23/07/25 11:56:24 INFO SparkUI: Stopped Spark web UI at http://10.0.28.108:4040
[2023-07-25T11:56:24.721+0530] {subprocess.py:93} INFO - 23/07/25 11:56:24 INFO MapOutputTrackerMasterEndpoint: MapOutputTrackerMasterEndpoint stopped!
[2023-07-25T11:56:24.730+0530] {subprocess.py:93} INFO - 23/07/25 11:56:24 INFO MemoryStore: MemoryStore cleared
[2023-07-25T11:56:24.730+0530] {subprocess.py:93} INFO - 23/07/25 11:56:24 INFO BlockManager: BlockManager stopped
[2023-07-25T11:56:24.734+0530] {subprocess.py:93} INFO - 23/07/25 11:56:24 INFO BlockManagerMaster: BlockManagerMaster stopped
[2023-07-25T11:56:24.737+0530] {subprocess.py:93} INFO - 23/07/25 11:56:24 INFO OutputCommitCoordinator$OutputCommitCoordinatorEndpoint: OutputCommitCoordinator stopped!
[2023-07-25T11:56:24.743+0530] {subprocess.py:93} INFO - 23/07/25 11:56:24 INFO SparkContext: Successfully stopped SparkContext
[2023-07-25T11:56:25.157+0530] {subprocess.py:93} INFO - 23/07/25 11:56:25 INFO ShutdownHookManager: Shutdown hook called
[2023-07-25T11:56:25.159+0530] {subprocess.py:93} INFO - 23/07/25 11:56:25 INFO ShutdownHookManager: Deleting directory /tmp/spark-ece4beb2-2f9a-46ca-b27d-d252086f4eb1
[2023-07-25T11:56:25.164+0530] {subprocess.py:93} INFO - 23/07/25 11:56:25 INFO ShutdownHookManager: Deleting directory /tmp/spark-b844e076-7f73-41f3-9e41-7b2bd2d7be08
[2023-07-25T11:56:25.170+0530] {subprocess.py:93} INFO - 23/07/25 11:56:25 INFO ShutdownHookManager: Deleting directory /tmp/spark-b844e076-7f73-41f3-9e41-7b2bd2d7be08/pyspark-de567da6-5126-49e2-af90-3ff9fda16acb
[2023-07-25T11:56:25.262+0530] {subprocess.py:97} INFO - Command exited with return code 0
[2023-07-25T11:56:25.298+0530] {taskinstance.py:1345} INFO - Marking task as SUCCESS. dag_id=Data_processing, task_id=run_spark, execution_date=20230720T110000, start_date=20230725T062609, end_date=20230725T062625
[2023-07-25T11:56:25.370+0530] {local_task_job_runner.py:225} INFO - Task exited with return code 0
[2023-07-25T11:56:25.388+0530] {taskinstance.py:2653} INFO - 0 downstream tasks scheduled from follow-on schedule check
