[2023-07-21T18:46:16.411+0530] {taskinstance.py:1103} INFO - Dependencies all met for dep_context=non-requeueable deps ti=<TaskInstance: Data_processing.run_spark scheduled__2023-07-20T11:00:00+00:00 [queued]>
[2023-07-21T18:46:16.421+0530] {taskinstance.py:1103} INFO - Dependencies all met for dep_context=requeueable deps ti=<TaskInstance: Data_processing.run_spark scheduled__2023-07-20T11:00:00+00:00 [queued]>
[2023-07-21T18:46:16.421+0530] {taskinstance.py:1308} INFO - Starting attempt 1 of 3
[2023-07-21T18:46:16.446+0530] {taskinstance.py:1327} INFO - Executing <Task(BashOperator): run_spark> on 2023-07-20 11:00:00+00:00
[2023-07-21T18:46:16.449+0530] {standard_task_runner.py:57} INFO - Started process 257484 to run task
[2023-07-21T18:46:16.454+0530] {standard_task_runner.py:84} INFO - Running: ['airflow', 'tasks', 'run', 'Data_processing', 'run_spark', 'scheduled__2023-07-20T11:00:00+00:00', '--job-id', '466', '--raw', '--subdir', 'DAGS_FOLDER/assignment2.py', '--cfg-path', '/tmp/tmp5pnk6qjj']
[2023-07-21T18:46:16.455+0530] {standard_task_runner.py:85} INFO - Job 466: Subtask run_spark
[2023-07-21T18:46:16.525+0530] {task_command.py:410} INFO - Running <TaskInstance: Data_processing.run_spark scheduled__2023-07-20T11:00:00+00:00 [running]> on host neosoft-Latitude-E5270
[2023-07-21T18:46:16.649+0530] {taskinstance.py:1545} INFO - Exporting env vars: AIRFLOW_CTX_DAG_EMAIL='nikitaneti21@gmail.com' AIRFLOW_CTX_DAG_OWNER='Nikita' AIRFLOW_CTX_DAG_ID='Data_processing' AIRFLOW_CTX_TASK_ID='run_spark' AIRFLOW_CTX_EXECUTION_DATE='2023-07-20T11:00:00+00:00' AIRFLOW_CTX_TRY_NUMBER='1' AIRFLOW_CTX_DAG_RUN_ID='scheduled__2023-07-20T11:00:00+00:00'
[2023-07-21T18:46:16.651+0530] {subprocess.py:63} INFO - Tmp dir root location: /tmp
[2023-07-21T18:46:16.651+0530] {subprocess.py:75} INFO - Running command: ['/usr/bin/bash', '-c', 'spark-submit --master local   --jars /home/neosoft/Videos/mysql-connector-j-8.0.33.jar   /home/neosoft/airflow/dags/pyspark2.py ']
[2023-07-21T18:46:16.658+0530] {subprocess.py:86} INFO - Output:
[2023-07-21T18:46:19.085+0530] {subprocess.py:93} INFO - 23/07/21 18:46:19 WARN Utils: Your hostname, neosoft-Latitude-E5270 resolves to a loopback address: 127.0.1.1; using 10.0.28.108 instead (on interface enp0s31f6)
[2023-07-21T18:46:19.089+0530] {subprocess.py:93} INFO - 23/07/21 18:46:19 WARN Utils: Set SPARK_LOCAL_IP if you need to bind to another address
[2023-07-21T18:46:19.658+0530] {subprocess.py:93} INFO - 23/07/21 18:46:19 WARN NativeCodeLoader: Unable to load native-hadoop library for your platform... using builtin-java classes where applicable
[2023-07-21T18:46:20.619+0530] {subprocess.py:93} INFO - 23/07/21 18:46:20 INFO SparkContext: Running Spark version 3.4.0
[2023-07-21T18:46:20.662+0530] {subprocess.py:93} INFO - 23/07/21 18:46:20 INFO ResourceUtils: ==============================================================
[2023-07-21T18:46:20.662+0530] {subprocess.py:93} INFO - 23/07/21 18:46:20 INFO ResourceUtils: No custom resources configured for spark.driver.
[2023-07-21T18:46:20.663+0530] {subprocess.py:93} INFO - 23/07/21 18:46:20 INFO ResourceUtils: ==============================================================
[2023-07-21T18:46:20.664+0530] {subprocess.py:93} INFO - 23/07/21 18:46:20 INFO SparkContext: Submitted application: pyspark2.py
[2023-07-21T18:46:20.692+0530] {subprocess.py:93} INFO - 23/07/21 18:46:20 INFO ResourceProfile: Default ResourceProfile created, executor resources: Map(cores -> name: cores, amount: 1, script: , vendor: , memory -> name: memory, amount: 1024, script: , vendor: , offHeap -> name: offHeap, amount: 0, script: , vendor: ), task resources: Map(cpus -> name: cpus, amount: 1.0)
[2023-07-21T18:46:20.707+0530] {subprocess.py:93} INFO - 23/07/21 18:46:20 INFO ResourceProfile: Limiting resource is cpu
[2023-07-21T18:46:20.708+0530] {subprocess.py:93} INFO - 23/07/21 18:46:20 INFO ResourceProfileManager: Added ResourceProfile id: 0
[2023-07-21T18:46:20.789+0530] {subprocess.py:93} INFO - 23/07/21 18:46:20 INFO SecurityManager: Changing view acls to: neosoft
[2023-07-21T18:46:20.790+0530] {subprocess.py:93} INFO - 23/07/21 18:46:20 INFO SecurityManager: Changing modify acls to: neosoft
[2023-07-21T18:46:20.791+0530] {subprocess.py:93} INFO - 23/07/21 18:46:20 INFO SecurityManager: Changing view acls groups to:
[2023-07-21T18:46:20.791+0530] {subprocess.py:93} INFO - 23/07/21 18:46:20 INFO SecurityManager: Changing modify acls groups to:
[2023-07-21T18:46:20.792+0530] {subprocess.py:93} INFO - 23/07/21 18:46:20 INFO SecurityManager: SecurityManager: authentication disabled; ui acls disabled; users with view permissions: neosoft; groups with view permissions: EMPTY; users with modify permissions: neosoft; groups with modify permissions: EMPTY
[2023-07-21T18:46:21.149+0530] {subprocess.py:93} INFO - 23/07/21 18:46:21 INFO Utils: Successfully started service 'sparkDriver' on port 46693.
[2023-07-21T18:46:21.182+0530] {subprocess.py:93} INFO - 23/07/21 18:46:21 INFO SparkEnv: Registering MapOutputTracker
[2023-07-21T18:46:21.224+0530] {subprocess.py:93} INFO - 23/07/21 18:46:21 INFO SparkEnv: Registering BlockManagerMaster
[2023-07-21T18:46:21.248+0530] {subprocess.py:93} INFO - 23/07/21 18:46:21 INFO BlockManagerMasterEndpoint: Using org.apache.spark.storage.DefaultTopologyMapper for getting topology information
[2023-07-21T18:46:21.249+0530] {subprocess.py:93} INFO - 23/07/21 18:46:21 INFO BlockManagerMasterEndpoint: BlockManagerMasterEndpoint up
[2023-07-21T18:46:21.252+0530] {subprocess.py:93} INFO - 23/07/21 18:46:21 INFO SparkEnv: Registering BlockManagerMasterHeartbeat
[2023-07-21T18:46:21.278+0530] {subprocess.py:93} INFO - 23/07/21 18:46:21 INFO DiskBlockManager: Created local directory at /tmp/blockmgr-08bc089a-956c-40dd-ad7a-8e202b0a7bd2
[2023-07-21T18:46:21.298+0530] {subprocess.py:93} INFO - 23/07/21 18:46:21 INFO MemoryStore: MemoryStore started with capacity 434.4 MiB
[2023-07-21T18:46:21.320+0530] {subprocess.py:93} INFO - 23/07/21 18:46:21 INFO SparkEnv: Registering OutputCommitCoordinator
[2023-07-21T18:46:21.519+0530] {subprocess.py:93} INFO - 23/07/21 18:46:21 INFO JettyUtils: Start Jetty 0.0.0.0:4040 for SparkUI
[2023-07-21T18:46:21.590+0530] {subprocess.py:93} INFO - 23/07/21 18:46:21 INFO Utils: Successfully started service 'SparkUI' on port 4040.
[2023-07-21T18:46:21.638+0530] {subprocess.py:93} INFO - 23/07/21 18:46:21 INFO SparkContext: Added JAR file:///home/neosoft/Videos/mysql-connector-j-8.0.33.jar at spark://10.0.28.108:46693/jars/mysql-connector-j-8.0.33.jar with timestamp 1689945380603
[2023-07-21T18:46:21.721+0530] {subprocess.py:93} INFO - 23/07/21 18:46:21 INFO Executor: Starting executor ID driver on host 10.0.28.108
[2023-07-21T18:46:21.729+0530] {subprocess.py:93} INFO - 23/07/21 18:46:21 INFO Executor: Starting executor with user classpath (userClassPathFirst = false): ''
[2023-07-21T18:46:21.743+0530] {subprocess.py:93} INFO - 23/07/21 18:46:21 INFO Executor: Fetching spark://10.0.28.108:46693/jars/mysql-connector-j-8.0.33.jar with timestamp 1689945380603
[2023-07-21T18:46:21.811+0530] {subprocess.py:93} INFO - 23/07/21 18:46:21 INFO TransportClientFactory: Successfully created connection to /10.0.28.108:46693 after 37 ms (0 ms spent in bootstraps)
[2023-07-21T18:46:21.824+0530] {subprocess.py:93} INFO - 23/07/21 18:46:21 INFO Utils: Fetching spark://10.0.28.108:46693/jars/mysql-connector-j-8.0.33.jar to /tmp/spark-c2df6cb9-96f7-4705-8a9d-d0532b13fe96/userFiles-39476237-604c-40fb-af03-f59d2d68ad1f/fetchFileTemp17706175818873212817.tmp
[2023-07-21T18:46:21.893+0530] {subprocess.py:93} INFO - 23/07/21 18:46:21 INFO Executor: Adding file:/tmp/spark-c2df6cb9-96f7-4705-8a9d-d0532b13fe96/userFiles-39476237-604c-40fb-af03-f59d2d68ad1f/mysql-connector-j-8.0.33.jar to class loader
[2023-07-21T18:46:21.904+0530] {subprocess.py:93} INFO - 23/07/21 18:46:21 INFO Utils: Successfully started service 'org.apache.spark.network.netty.NettyBlockTransferService' on port 42491.
[2023-07-21T18:46:21.904+0530] {subprocess.py:93} INFO - 23/07/21 18:46:21 INFO NettyBlockTransferService: Server created on 10.0.28.108:42491
[2023-07-21T18:46:21.907+0530] {subprocess.py:93} INFO - 23/07/21 18:46:21 INFO BlockManager: Using org.apache.spark.storage.RandomBlockReplicationPolicy for block replication policy
[2023-07-21T18:46:21.914+0530] {subprocess.py:93} INFO - 23/07/21 18:46:21 INFO BlockManagerMaster: Registering BlockManager BlockManagerId(driver, 10.0.28.108, 42491, None)
[2023-07-21T18:46:21.921+0530] {subprocess.py:93} INFO - 23/07/21 18:46:21 INFO BlockManagerMasterEndpoint: Registering block manager 10.0.28.108:42491 with 434.4 MiB RAM, BlockManagerId(driver, 10.0.28.108, 42491, None)
[2023-07-21T18:46:21.924+0530] {subprocess.py:93} INFO - 23/07/21 18:46:21 INFO BlockManagerMaster: Registered BlockManager BlockManagerId(driver, 10.0.28.108, 42491, None)
[2023-07-21T18:46:21.926+0530] {subprocess.py:93} INFO - 23/07/21 18:46:21 INFO BlockManager: Initialized BlockManager: BlockManagerId(driver, 10.0.28.108, 42491, None)
[2023-07-21T18:46:22.484+0530] {subprocess.py:93} INFO - 23/07/21 18:46:22 INFO SharedState: Setting hive.metastore.warehouse.dir ('null') to the value of spark.sql.warehouse.dir.
[2023-07-21T18:46:22.487+0530] {subprocess.py:93} INFO - 23/07/21 18:46:22 INFO SharedState: Warehouse path is 'file:/tmp/airflowtmpgnv2dky4/spark-warehouse'.
[2023-07-21T18:46:27.937+0530] {subprocess.py:93} INFO - 23/07/21 18:46:27 INFO CodeGenerator: Code generated in 302.524298 ms
[2023-07-21T18:46:28.062+0530] {subprocess.py:93} INFO - 23/07/21 18:46:28 INFO SparkContext: Starting job: showString at NativeMethodAccessorImpl.java:0
[2023-07-21T18:46:28.086+0530] {subprocess.py:93} INFO - 23/07/21 18:46:28 INFO DAGScheduler: Got job 0 (showString at NativeMethodAccessorImpl.java:0) with 1 output partitions
[2023-07-21T18:46:28.086+0530] {subprocess.py:93} INFO - 23/07/21 18:46:28 INFO DAGScheduler: Final stage: ResultStage 0 (showString at NativeMethodAccessorImpl.java:0)
[2023-07-21T18:46:28.087+0530] {subprocess.py:93} INFO - 23/07/21 18:46:28 INFO DAGScheduler: Parents of final stage: List()
[2023-07-21T18:46:28.088+0530] {subprocess.py:93} INFO - 23/07/21 18:46:28 INFO DAGScheduler: Missing parents: List()
[2023-07-21T18:46:28.095+0530] {subprocess.py:93} INFO - 23/07/21 18:46:28 INFO DAGScheduler: Submitting ResultStage 0 (MapPartitionsRDD[2] at showString at NativeMethodAccessorImpl.java:0), which has no missing parents
[2023-07-21T18:46:28.272+0530] {subprocess.py:93} INFO - 23/07/21 18:46:28 INFO MemoryStore: Block broadcast_0 stored as values in memory (estimated size 11.9 KiB, free 434.4 MiB)
[2023-07-21T18:46:28.315+0530] {subprocess.py:93} INFO - 23/07/21 18:46:28 INFO MemoryStore: Block broadcast_0_piece0 stored as bytes in memory (estimated size 6.0 KiB, free 434.4 MiB)
[2023-07-21T18:46:28.318+0530] {subprocess.py:93} INFO - 23/07/21 18:46:28 INFO BlockManagerInfo: Added broadcast_0_piece0 in memory on 10.0.28.108:42491 (size: 6.0 KiB, free: 434.4 MiB)
[2023-07-21T18:46:28.322+0530] {subprocess.py:93} INFO - 23/07/21 18:46:28 INFO SparkContext: Created broadcast 0 from broadcast at DAGScheduler.scala:1535
[2023-07-21T18:46:28.342+0530] {subprocess.py:93} INFO - 23/07/21 18:46:28 INFO DAGScheduler: Submitting 1 missing tasks from ResultStage 0 (MapPartitionsRDD[2] at showString at NativeMethodAccessorImpl.java:0) (first 15 tasks are for partitions Vector(0))
[2023-07-21T18:46:28.344+0530] {subprocess.py:93} INFO - 23/07/21 18:46:28 INFO TaskSchedulerImpl: Adding task set 0.0 with 1 tasks resource profile 0
[2023-07-21T18:46:28.403+0530] {subprocess.py:93} INFO - 23/07/21 18:46:28 INFO TaskSetManager: Starting task 0.0 in stage 0.0 (TID 0) (10.0.28.108, executor driver, partition 0, PROCESS_LOCAL, 7209 bytes)
[2023-07-21T18:46:28.420+0530] {subprocess.py:93} INFO - 23/07/21 18:46:28 INFO Executor: Running task 0.0 in stage 0.0 (TID 0)
[2023-07-21T18:46:28.629+0530] {subprocess.py:93} INFO - 23/07/21 18:46:28 INFO JDBCRDD: closed connection
[2023-07-21T18:46:28.653+0530] {subprocess.py:93} INFO - 23/07/21 18:46:28 INFO Executor: Finished task 0.0 in stage 0.0 (TID 0). 1845 bytes result sent to driver
[2023-07-21T18:46:28.665+0530] {subprocess.py:93} INFO - 23/07/21 18:46:28 INFO TaskSetManager: Finished task 0.0 in stage 0.0 (TID 0) in 276 ms on 10.0.28.108 (executor driver) (1/1)
[2023-07-21T18:46:28.668+0530] {subprocess.py:93} INFO - 23/07/21 18:46:28 INFO TaskSchedulerImpl: Removed TaskSet 0.0, whose tasks have all completed, from pool
[2023-07-21T18:46:28.674+0530] {subprocess.py:93} INFO - 23/07/21 18:46:28 INFO DAGScheduler: ResultStage 0 (showString at NativeMethodAccessorImpl.java:0) finished in 0.563 s
[2023-07-21T18:46:28.680+0530] {subprocess.py:93} INFO - 23/07/21 18:46:28 INFO DAGScheduler: Job 0 is finished. Cancelling potential speculative or zombie tasks for this job
[2023-07-21T18:46:28.681+0530] {subprocess.py:93} INFO - 23/07/21 18:46:28 INFO TaskSchedulerImpl: Killing all running tasks in stage 0: Stage finished
[2023-07-21T18:46:28.683+0530] {subprocess.py:93} INFO - 23/07/21 18:46:28 INFO DAGScheduler: Job 0 finished: showString at NativeMethodAccessorImpl.java:0, took 0.620459 s
[2023-07-21T18:46:28.749+0530] {subprocess.py:93} INFO - 23/07/21 18:46:28 INFO CodeGenerator: Code generated in 33.518886 ms
[2023-07-21T18:46:28.760+0530] {subprocess.py:93} INFO - +-----------+----------+---------+---+-------+
[2023-07-21T18:46:28.760+0530] {subprocess.py:93} INFO - |customer_id|first_name|last_name|age|country|
[2023-07-21T18:46:28.760+0530] {subprocess.py:93} INFO - +-----------+----------+---------+---+-------+
[2023-07-21T18:46:28.760+0530] {subprocess.py:93} INFO - |          1|      John|      Doe| 31|    USA|
[2023-07-21T18:46:28.761+0530] {subprocess.py:93} INFO - |          2|    Robert|     luna| 22|    USA|
[2023-07-21T18:46:28.761+0530] {subprocess.py:93} INFO - |          3|     David|  Robison| 22|     UK|
[2023-07-21T18:46:28.761+0530] {subprocess.py:93} INFO - |          4|      jOhn|Reinhardt| 25|     UK|
[2023-07-21T18:46:28.761+0530] {subprocess.py:93} INFO - |          5|     James|     Bond| 48|    USA|
[2023-07-21T18:46:28.761+0530] {subprocess.py:93} INFO - |          6|    Nikita|     Neti| 24|  India|
[2023-07-21T18:46:28.761+0530] {subprocess.py:93} INFO - +-----------+----------+---------+---+-------+
[2023-07-21T18:46:28.761+0530] {subprocess.py:93} INFO - 
[2023-07-21T18:46:28.761+0530] {subprocess.py:93} INFO - None
[2023-07-21T18:46:28.982+0530] {subprocess.py:93} INFO - 23/07/21 18:46:28 INFO SparkContext: Starting job: showString at NativeMethodAccessorImpl.java:0
[2023-07-21T18:46:28.984+0530] {subprocess.py:93} INFO - 23/07/21 18:46:28 INFO DAGScheduler: Got job 1 (showString at NativeMethodAccessorImpl.java:0) with 1 output partitions
[2023-07-21T18:46:28.984+0530] {subprocess.py:93} INFO - 23/07/21 18:46:28 INFO DAGScheduler: Final stage: ResultStage 1 (showString at NativeMethodAccessorImpl.java:0)
[2023-07-21T18:46:28.984+0530] {subprocess.py:93} INFO - 23/07/21 18:46:28 INFO DAGScheduler: Parents of final stage: List()
[2023-07-21T18:46:28.985+0530] {subprocess.py:93} INFO - 23/07/21 18:46:28 INFO DAGScheduler: Missing parents: List()
[2023-07-21T18:46:28.988+0530] {subprocess.py:93} INFO - 23/07/21 18:46:28 INFO DAGScheduler: Submitting ResultStage 1 (MapPartitionsRDD[5] at showString at NativeMethodAccessorImpl.java:0), which has no missing parents
[2023-07-21T18:46:28.993+0530] {subprocess.py:93} INFO - 23/07/21 18:46:28 INFO MemoryStore: Block broadcast_1 stored as values in memory (estimated size 12.0 KiB, free 434.4 MiB)
[2023-07-21T18:46:28.999+0530] {subprocess.py:93} INFO - 23/07/21 18:46:28 INFO MemoryStore: Block broadcast_1_piece0 stored as bytes in memory (estimated size 6.0 KiB, free 434.4 MiB)
[2023-07-21T18:46:29.001+0530] {subprocess.py:93} INFO - 23/07/21 18:46:29 INFO BlockManagerInfo: Added broadcast_1_piece0 in memory on 10.0.28.108:42491 (size: 6.0 KiB, free: 434.4 MiB)
[2023-07-21T18:46:29.002+0530] {subprocess.py:93} INFO - 23/07/21 18:46:29 INFO SparkContext: Created broadcast 1 from broadcast at DAGScheduler.scala:1535
[2023-07-21T18:46:29.004+0530] {subprocess.py:93} INFO - 23/07/21 18:46:29 INFO DAGScheduler: Submitting 1 missing tasks from ResultStage 1 (MapPartitionsRDD[5] at showString at NativeMethodAccessorImpl.java:0) (first 15 tasks are for partitions Vector(0))
[2023-07-21T18:46:29.005+0530] {subprocess.py:93} INFO - 23/07/21 18:46:29 INFO TaskSchedulerImpl: Adding task set 1.0 with 1 tasks resource profile 0
[2023-07-21T18:46:29.008+0530] {subprocess.py:93} INFO - 23/07/21 18:46:29 INFO TaskSetManager: Starting task 0.0 in stage 1.0 (TID 1) (10.0.28.108, executor driver, partition 0, PROCESS_LOCAL, 7209 bytes)
[2023-07-21T18:46:29.009+0530] {subprocess.py:93} INFO - 23/07/21 18:46:29 INFO Executor: Running task 0.0 in stage 1.0 (TID 1)
[2023-07-21T18:46:29.056+0530] {subprocess.py:93} INFO - 23/07/21 18:46:29 INFO JDBCRDD: closed connection
[2023-07-21T18:46:29.067+0530] {subprocess.py:93} INFO - 23/07/21 18:46:29 INFO Executor: Finished task 0.0 in stage 1.0 (TID 1). 1613 bytes result sent to driver
[2023-07-21T18:46:29.072+0530] {subprocess.py:93} INFO - 23/07/21 18:46:29 INFO TaskSetManager: Finished task 0.0 in stage 1.0 (TID 1) in 65 ms on 10.0.28.108 (executor driver) (1/1)
[2023-07-21T18:46:29.076+0530] {subprocess.py:93} INFO - 23/07/21 18:46:29 INFO DAGScheduler: ResultStage 1 (showString at NativeMethodAccessorImpl.java:0) finished in 0.086 s
[2023-07-21T18:46:29.077+0530] {subprocess.py:93} INFO - 23/07/21 18:46:29 INFO DAGScheduler: Job 1 is finished. Cancelling potential speculative or zombie tasks for this job
[2023-07-21T18:46:29.077+0530] {subprocess.py:93} INFO - 23/07/21 18:46:29 INFO TaskSchedulerImpl: Removed TaskSet 1.0, whose tasks have all completed, from pool
[2023-07-21T18:46:29.078+0530] {subprocess.py:93} INFO - 23/07/21 18:46:29 INFO TaskSchedulerImpl: Killing all running tasks in stage 1: Stage finished
[2023-07-21T18:46:29.078+0530] {subprocess.py:93} INFO - 23/07/21 18:46:29 INFO DAGScheduler: Job 1 finished: showString at NativeMethodAccessorImpl.java:0, took 0.095996 s
[2023-07-21T18:46:29.087+0530] {subprocess.py:93} INFO - +-----------+----------+---------+---+-------+
[2023-07-21T18:46:29.088+0530] {subprocess.py:93} INFO - |customer_id|first_name|last_name|age|country|
[2023-07-21T18:46:29.088+0530] {subprocess.py:93} INFO - +-----------+----------+---------+---+-------+
[2023-07-21T18:46:29.088+0530] {subprocess.py:93} INFO - |          1|      John|      Doe| 31|    USA|
[2023-07-21T18:46:29.088+0530] {subprocess.py:93} INFO - |          5|     James|     Bond| 48|    USA|
[2023-07-21T18:46:29.088+0530] {subprocess.py:93} INFO - +-----------+----------+---------+---+-------+
[2023-07-21T18:46:29.088+0530] {subprocess.py:93} INFO - 
[2023-07-21T18:46:29.088+0530] {subprocess.py:93} INFO - None
[2023-07-21T18:46:29.088+0530] {subprocess.py:93} INFO - 23/07/21 18:46:29 INFO SparkContext: SparkContext is stopping with exitCode 0.
[2023-07-21T18:46:29.102+0530] {subprocess.py:93} INFO - 23/07/21 18:46:29 INFO SparkUI: Stopped Spark web UI at http://10.0.28.108:4040
[2023-07-21T18:46:29.119+0530] {subprocess.py:93} INFO - 23/07/21 18:46:29 INFO MapOutputTrackerMasterEndpoint: MapOutputTrackerMasterEndpoint stopped!
[2023-07-21T18:46:29.129+0530] {subprocess.py:93} INFO - 23/07/21 18:46:29 INFO MemoryStore: MemoryStore cleared
[2023-07-21T18:46:29.130+0530] {subprocess.py:93} INFO - 23/07/21 18:46:29 INFO BlockManager: BlockManager stopped
[2023-07-21T18:46:29.137+0530] {subprocess.py:93} INFO - 23/07/21 18:46:29 INFO BlockManagerMaster: BlockManagerMaster stopped
[2023-07-21T18:46:29.140+0530] {subprocess.py:93} INFO - 23/07/21 18:46:29 INFO OutputCommitCoordinator$OutputCommitCoordinatorEndpoint: OutputCommitCoordinator stopped!
[2023-07-21T18:46:29.147+0530] {subprocess.py:93} INFO - 23/07/21 18:46:29 INFO SparkContext: Successfully stopped SparkContext
[2023-07-21T18:46:29.379+0530] {subprocess.py:93} INFO - 23/07/21 18:46:29 INFO ShutdownHookManager: Shutdown hook called
[2023-07-21T18:46:29.380+0530] {subprocess.py:93} INFO - 23/07/21 18:46:29 INFO ShutdownHookManager: Deleting directory /tmp/spark-c2df6cb9-96f7-4705-8a9d-d0532b13fe96
[2023-07-21T18:46:29.387+0530] {subprocess.py:93} INFO - 23/07/21 18:46:29 INFO ShutdownHookManager: Deleting directory /tmp/spark-6fee5fe7-f980-492b-b406-f1503eed17dc
[2023-07-21T18:46:29.393+0530] {subprocess.py:93} INFO - 23/07/21 18:46:29 INFO ShutdownHookManager: Deleting directory /tmp/spark-c2df6cb9-96f7-4705-8a9d-d0532b13fe96/pyspark-a6e2f8e1-3b2a-4e2f-9763-bb9092945f46
[2023-07-21T18:46:29.502+0530] {subprocess.py:97} INFO - Command exited with return code 0
[2023-07-21T18:46:29.541+0530] {taskinstance.py:1345} INFO - Marking task as SUCCESS. dag_id=Data_processing, task_id=run_spark, execution_date=20230720T110000, start_date=20230721T131616, end_date=20230721T131629
[2023-07-21T18:46:29.584+0530] {local_task_job_runner.py:225} INFO - Task exited with return code 0
[2023-07-21T18:46:29.608+0530] {taskinstance.py:2653} INFO - 0 downstream tasks scheduled from follow-on schedule check
