[2023-07-21T19:06:44.826+0530] {taskinstance.py:1103} INFO - Dependencies all met for dep_context=non-requeueable deps ti=<TaskInstance: Data_processing.run_spark scheduled__2023-07-20T11:00:00+00:00 [queued]>
[2023-07-21T19:06:44.832+0530] {taskinstance.py:1103} INFO - Dependencies all met for dep_context=requeueable deps ti=<TaskInstance: Data_processing.run_spark scheduled__2023-07-20T11:00:00+00:00 [queued]>
[2023-07-21T19:06:44.833+0530] {taskinstance.py:1308} INFO - Starting attempt 6 of 8
[2023-07-21T19:06:44.870+0530] {taskinstance.py:1327} INFO - Executing <Task(BashOperator): run_spark> on 2023-07-20 11:00:00+00:00
[2023-07-21T19:06:44.872+0530] {standard_task_runner.py:57} INFO - Started process 271981 to run task
[2023-07-21T19:06:44.875+0530] {standard_task_runner.py:84} INFO - Running: ['airflow', 'tasks', 'run', 'Data_processing', 'run_spark', 'scheduled__2023-07-20T11:00:00+00:00', '--job-id', '471', '--raw', '--subdir', 'DAGS_FOLDER/assignment2.py', '--cfg-path', '/tmp/tmpr6pu8i9r']
[2023-07-21T19:06:44.876+0530] {standard_task_runner.py:85} INFO - Job 471: Subtask run_spark
[2023-07-21T19:06:44.933+0530] {task_command.py:410} INFO - Running <TaskInstance: Data_processing.run_spark scheduled__2023-07-20T11:00:00+00:00 [running]> on host neosoft-Latitude-E5270
[2023-07-21T19:06:45.010+0530] {taskinstance.py:1545} INFO - Exporting env vars: AIRFLOW_CTX_DAG_EMAIL='nikitaneti21@gmail.com' AIRFLOW_CTX_DAG_OWNER='Nikita' AIRFLOW_CTX_DAG_ID='Data_processing' AIRFLOW_CTX_TASK_ID='run_spark' AIRFLOW_CTX_EXECUTION_DATE='2023-07-20T11:00:00+00:00' AIRFLOW_CTX_TRY_NUMBER='6' AIRFLOW_CTX_DAG_RUN_ID='scheduled__2023-07-20T11:00:00+00:00'
[2023-07-21T19:06:45.013+0530] {subprocess.py:63} INFO - Tmp dir root location: /tmp
[2023-07-21T19:06:45.014+0530] {subprocess.py:75} INFO - Running command: ['/usr/bin/bash', '-c', 'spark-submit --master local   --jars /home/neosoft/Videos/mysql-connector-j-8.0.33.jar   /home/neosoft/airflow/dags/pyspark2.py ']
[2023-07-21T19:06:45.024+0530] {subprocess.py:86} INFO - Output:
[2023-07-21T19:06:47.384+0530] {subprocess.py:93} INFO - 23/07/21 19:06:47 WARN Utils: Your hostname, neosoft-Latitude-E5270 resolves to a loopback address: 127.0.1.1; using 10.0.28.108 instead (on interface enp0s31f6)
[2023-07-21T19:06:47.388+0530] {subprocess.py:93} INFO - 23/07/21 19:06:47 WARN Utils: Set SPARK_LOCAL_IP if you need to bind to another address
[2023-07-21T19:06:47.940+0530] {subprocess.py:93} INFO - 23/07/21 19:06:47 WARN NativeCodeLoader: Unable to load native-hadoop library for your platform... using builtin-java classes where applicable
[2023-07-21T19:06:48.802+0530] {subprocess.py:93} INFO - 23/07/21 19:06:48 INFO SparkContext: Running Spark version 3.4.0
[2023-07-21T19:06:48.851+0530] {subprocess.py:93} INFO - 23/07/21 19:06:48 INFO ResourceUtils: ==============================================================
[2023-07-21T19:06:48.851+0530] {subprocess.py:93} INFO - 23/07/21 19:06:48 INFO ResourceUtils: No custom resources configured for spark.driver.
[2023-07-21T19:06:48.852+0530] {subprocess.py:93} INFO - 23/07/21 19:06:48 INFO ResourceUtils: ==============================================================
[2023-07-21T19:06:48.853+0530] {subprocess.py:93} INFO - 23/07/21 19:06:48 INFO SparkContext: Submitted application: pyspark2.py
[2023-07-21T19:06:48.884+0530] {subprocess.py:93} INFO - 23/07/21 19:06:48 INFO ResourceProfile: Default ResourceProfile created, executor resources: Map(cores -> name: cores, amount: 1, script: , vendor: , memory -> name: memory, amount: 1024, script: , vendor: , offHeap -> name: offHeap, amount: 0, script: , vendor: ), task resources: Map(cpus -> name: cpus, amount: 1.0)
[2023-07-21T19:06:48.900+0530] {subprocess.py:93} INFO - 23/07/21 19:06:48 INFO ResourceProfile: Limiting resource is cpu
[2023-07-21T19:06:48.901+0530] {subprocess.py:93} INFO - 23/07/21 19:06:48 INFO ResourceProfileManager: Added ResourceProfile id: 0
[2023-07-21T19:06:48.994+0530] {subprocess.py:93} INFO - 23/07/21 19:06:48 INFO SecurityManager: Changing view acls to: neosoft
[2023-07-21T19:06:48.995+0530] {subprocess.py:93} INFO - 23/07/21 19:06:48 INFO SecurityManager: Changing modify acls to: neosoft
[2023-07-21T19:06:48.996+0530] {subprocess.py:93} INFO - 23/07/21 19:06:48 INFO SecurityManager: Changing view acls groups to:
[2023-07-21T19:06:48.997+0530] {subprocess.py:93} INFO - 23/07/21 19:06:48 INFO SecurityManager: Changing modify acls groups to:
[2023-07-21T19:06:48.997+0530] {subprocess.py:93} INFO - 23/07/21 19:06:48 INFO SecurityManager: SecurityManager: authentication disabled; ui acls disabled; users with view permissions: neosoft; groups with view permissions: EMPTY; users with modify permissions: neosoft; groups with modify permissions: EMPTY
[2023-07-21T19:06:49.289+0530] {subprocess.py:93} INFO - 23/07/21 19:06:49 INFO Utils: Successfully started service 'sparkDriver' on port 43053.
[2023-07-21T19:06:49.339+0530] {subprocess.py:93} INFO - 23/07/21 19:06:49 INFO SparkEnv: Registering MapOutputTracker
[2023-07-21T19:06:49.390+0530] {subprocess.py:93} INFO - 23/07/21 19:06:49 INFO SparkEnv: Registering BlockManagerMaster
[2023-07-21T19:06:49.435+0530] {subprocess.py:93} INFO - 23/07/21 19:06:49 INFO BlockManagerMasterEndpoint: Using org.apache.spark.storage.DefaultTopologyMapper for getting topology information
[2023-07-21T19:06:49.436+0530] {subprocess.py:93} INFO - 23/07/21 19:06:49 INFO BlockManagerMasterEndpoint: BlockManagerMasterEndpoint up
[2023-07-21T19:06:49.441+0530] {subprocess.py:93} INFO - 23/07/21 19:06:49 INFO SparkEnv: Registering BlockManagerMasterHeartbeat
[2023-07-21T19:06:49.493+0530] {subprocess.py:93} INFO - 23/07/21 19:06:49 INFO DiskBlockManager: Created local directory at /tmp/blockmgr-c28026ae-86ed-4945-9f33-a3c5e2f9731a
[2023-07-21T19:06:49.523+0530] {subprocess.py:93} INFO - 23/07/21 19:06:49 INFO MemoryStore: MemoryStore started with capacity 434.4 MiB
[2023-07-21T19:06:49.549+0530] {subprocess.py:93} INFO - 23/07/21 19:06:49 INFO SparkEnv: Registering OutputCommitCoordinator
[2023-07-21T19:06:49.775+0530] {subprocess.py:93} INFO - 23/07/21 19:06:49 INFO JettyUtils: Start Jetty 0.0.0.0:4040 for SparkUI
[2023-07-21T19:06:49.855+0530] {subprocess.py:93} INFO - 23/07/21 19:06:49 INFO Utils: Successfully started service 'SparkUI' on port 4040.
[2023-07-21T19:06:49.904+0530] {subprocess.py:93} INFO - 23/07/21 19:06:49 INFO SparkContext: Added JAR file:///home/neosoft/Videos/mysql-connector-j-8.0.33.jar at spark://10.0.28.108:43053/jars/mysql-connector-j-8.0.33.jar with timestamp 1689946608791
[2023-07-21T19:06:50.036+0530] {subprocess.py:93} INFO - 23/07/21 19:06:50 INFO Executor: Starting executor ID driver on host 10.0.28.108
[2023-07-21T19:06:50.045+0530] {subprocess.py:93} INFO - 23/07/21 19:06:50 INFO Executor: Starting executor with user classpath (userClassPathFirst = false): ''
[2023-07-21T19:06:50.063+0530] {subprocess.py:93} INFO - 23/07/21 19:06:50 INFO Executor: Fetching spark://10.0.28.108:43053/jars/mysql-connector-j-8.0.33.jar with timestamp 1689946608791
[2023-07-21T19:06:50.132+0530] {subprocess.py:93} INFO - 23/07/21 19:06:50 INFO TransportClientFactory: Successfully created connection to /10.0.28.108:43053 after 42 ms (0 ms spent in bootstraps)
[2023-07-21T19:06:50.147+0530] {subprocess.py:93} INFO - 23/07/21 19:06:50 INFO Utils: Fetching spark://10.0.28.108:43053/jars/mysql-connector-j-8.0.33.jar to /tmp/spark-59176e2d-4032-44e2-b347-fb3ebe6ab627/userFiles-a6c3f75f-5904-4419-97d9-dadd748f1c84/fetchFileTemp4038252361430311860.tmp
[2023-07-21T19:06:50.212+0530] {subprocess.py:93} INFO - 23/07/21 19:06:50 INFO Executor: Adding file:/tmp/spark-59176e2d-4032-44e2-b347-fb3ebe6ab627/userFiles-a6c3f75f-5904-4419-97d9-dadd748f1c84/mysql-connector-j-8.0.33.jar to class loader
[2023-07-21T19:06:50.222+0530] {subprocess.py:93} INFO - 23/07/21 19:06:50 INFO Utils: Successfully started service 'org.apache.spark.network.netty.NettyBlockTransferService' on port 39243.
[2023-07-21T19:06:50.222+0530] {subprocess.py:93} INFO - 23/07/21 19:06:50 INFO NettyBlockTransferService: Server created on 10.0.28.108:39243
[2023-07-21T19:06:50.225+0530] {subprocess.py:93} INFO - 23/07/21 19:06:50 INFO BlockManager: Using org.apache.spark.storage.RandomBlockReplicationPolicy for block replication policy
[2023-07-21T19:06:50.234+0530] {subprocess.py:93} INFO - 23/07/21 19:06:50 INFO BlockManagerMaster: Registering BlockManager BlockManagerId(driver, 10.0.28.108, 39243, None)
[2023-07-21T19:06:50.239+0530] {subprocess.py:93} INFO - 23/07/21 19:06:50 INFO BlockManagerMasterEndpoint: Registering block manager 10.0.28.108:39243 with 434.4 MiB RAM, BlockManagerId(driver, 10.0.28.108, 39243, None)
[2023-07-21T19:06:50.243+0530] {subprocess.py:93} INFO - 23/07/21 19:06:50 INFO BlockManagerMaster: Registered BlockManager BlockManagerId(driver, 10.0.28.108, 39243, None)
[2023-07-21T19:06:50.244+0530] {subprocess.py:93} INFO - 23/07/21 19:06:50 INFO BlockManager: Initialized BlockManager: BlockManagerId(driver, 10.0.28.108, 39243, None)
[2023-07-21T19:06:50.787+0530] {subprocess.py:93} INFO - 23/07/21 19:06:50 INFO SharedState: Setting hive.metastore.warehouse.dir ('null') to the value of spark.sql.warehouse.dir.
[2023-07-21T19:06:50.792+0530] {subprocess.py:93} INFO - 23/07/21 19:06:50 INFO SharedState: Warehouse path is 'file:/tmp/airflowtmpwta5k42b/spark-warehouse'.
[2023-07-21T19:06:57.004+0530] {subprocess.py:93} INFO - 23/07/21 19:06:57 INFO CodeGenerator: Code generated in 253.417749 ms
[2023-07-21T19:06:57.129+0530] {subprocess.py:93} INFO - 23/07/21 19:06:57 INFO SparkContext: Starting job: showString at NativeMethodAccessorImpl.java:0
[2023-07-21T19:06:57.147+0530] {subprocess.py:93} INFO - 23/07/21 19:06:57 INFO DAGScheduler: Got job 0 (showString at NativeMethodAccessorImpl.java:0) with 1 output partitions
[2023-07-21T19:06:57.148+0530] {subprocess.py:93} INFO - 23/07/21 19:06:57 INFO DAGScheduler: Final stage: ResultStage 0 (showString at NativeMethodAccessorImpl.java:0)
[2023-07-21T19:06:57.149+0530] {subprocess.py:93} INFO - 23/07/21 19:06:57 INFO DAGScheduler: Parents of final stage: List()
[2023-07-21T19:06:57.151+0530] {subprocess.py:93} INFO - 23/07/21 19:06:57 INFO DAGScheduler: Missing parents: List()
[2023-07-21T19:06:57.157+0530] {subprocess.py:93} INFO - 23/07/21 19:06:57 INFO DAGScheduler: Submitting ResultStage 0 (MapPartitionsRDD[2] at showString at NativeMethodAccessorImpl.java:0), which has no missing parents
[2023-07-21T19:06:57.327+0530] {subprocess.py:93} INFO - 23/07/21 19:06:57 INFO MemoryStore: Block broadcast_0 stored as values in memory (estimated size 11.9 KiB, free 434.4 MiB)
[2023-07-21T19:06:57.362+0530] {subprocess.py:93} INFO - 23/07/21 19:06:57 INFO MemoryStore: Block broadcast_0_piece0 stored as bytes in memory (estimated size 6.0 KiB, free 434.4 MiB)
[2023-07-21T19:06:57.365+0530] {subprocess.py:93} INFO - 23/07/21 19:06:57 INFO BlockManagerInfo: Added broadcast_0_piece0 in memory on 10.0.28.108:39243 (size: 6.0 KiB, free: 434.4 MiB)
[2023-07-21T19:06:57.370+0530] {subprocess.py:93} INFO - 23/07/21 19:06:57 INFO SparkContext: Created broadcast 0 from broadcast at DAGScheduler.scala:1535
[2023-07-21T19:06:57.389+0530] {subprocess.py:93} INFO - 23/07/21 19:06:57 INFO DAGScheduler: Submitting 1 missing tasks from ResultStage 0 (MapPartitionsRDD[2] at showString at NativeMethodAccessorImpl.java:0) (first 15 tasks are for partitions Vector(0))
[2023-07-21T19:06:57.390+0530] {subprocess.py:93} INFO - 23/07/21 19:06:57 INFO TaskSchedulerImpl: Adding task set 0.0 with 1 tasks resource profile 0
[2023-07-21T19:06:57.449+0530] {subprocess.py:93} INFO - 23/07/21 19:06:57 INFO TaskSetManager: Starting task 0.0 in stage 0.0 (TID 0) (10.0.28.108, executor driver, partition 0, PROCESS_LOCAL, 7209 bytes)
[2023-07-21T19:06:57.468+0530] {subprocess.py:93} INFO - 23/07/21 19:06:57 INFO Executor: Running task 0.0 in stage 0.0 (TID 0)
[2023-07-21T19:06:57.606+0530] {subprocess.py:93} INFO - 23/07/21 19:06:57 INFO JDBCRDD: closed connection
[2023-07-21T19:06:57.628+0530] {subprocess.py:93} INFO - 23/07/21 19:06:57 INFO Executor: Finished task 0.0 in stage 0.0 (TID 0). 1802 bytes result sent to driver
[2023-07-21T19:06:57.641+0530] {subprocess.py:93} INFO - 23/07/21 19:06:57 INFO TaskSetManager: Finished task 0.0 in stage 0.0 (TID 0) in 205 ms on 10.0.28.108 (executor driver) (1/1)
[2023-07-21T19:06:57.643+0530] {subprocess.py:93} INFO - 23/07/21 19:06:57 INFO TaskSchedulerImpl: Removed TaskSet 0.0, whose tasks have all completed, from pool
[2023-07-21T19:06:57.652+0530] {subprocess.py:93} INFO - 23/07/21 19:06:57 INFO DAGScheduler: ResultStage 0 (showString at NativeMethodAccessorImpl.java:0) finished in 0.474 s
[2023-07-21T19:06:57.657+0530] {subprocess.py:93} INFO - 23/07/21 19:06:57 INFO DAGScheduler: Job 0 is finished. Cancelling potential speculative or zombie tasks for this job
[2023-07-21T19:06:57.658+0530] {subprocess.py:93} INFO - 23/07/21 19:06:57 INFO TaskSchedulerImpl: Killing all running tasks in stage 0: Stage finished
[2023-07-21T19:06:57.662+0530] {subprocess.py:93} INFO - 23/07/21 19:06:57 INFO DAGScheduler: Job 0 finished: showString at NativeMethodAccessorImpl.java:0, took 0.537739 s
[2023-07-21T19:06:57.731+0530] {subprocess.py:93} INFO - 23/07/21 19:06:57 INFO CodeGenerator: Code generated in 33.410743 ms
[2023-07-21T19:06:57.742+0530] {subprocess.py:93} INFO - +-----------+----------+---------+---+-------+
[2023-07-21T19:06:57.743+0530] {subprocess.py:93} INFO - |customer_id|first_name|last_name|age|country|
[2023-07-21T19:06:57.743+0530] {subprocess.py:93} INFO - +-----------+----------+---------+---+-------+
[2023-07-21T19:06:57.743+0530] {subprocess.py:93} INFO - |          1|      John|      Doe| 31|    USA|
[2023-07-21T19:06:57.743+0530] {subprocess.py:93} INFO - |          2|    Robert|     luna| 22|    USA|
[2023-07-21T19:06:57.743+0530] {subprocess.py:93} INFO - |          3|     David|  Robison| 22|     UK|
[2023-07-21T19:06:57.743+0530] {subprocess.py:93} INFO - |          4|      jOhn|Reinhardt| 25|     UK|
[2023-07-21T19:06:57.744+0530] {subprocess.py:93} INFO - |          5|     James|     Bond| 48|    USA|
[2023-07-21T19:06:57.744+0530] {subprocess.py:93} INFO - |          6|    Nikita|     Neti| 24|  India|
[2023-07-21T19:06:57.744+0530] {subprocess.py:93} INFO - +-----------+----------+---------+---+-------+
[2023-07-21T19:06:57.744+0530] {subprocess.py:93} INFO - 
[2023-07-21T19:06:57.744+0530] {subprocess.py:93} INFO - None
[2023-07-21T19:06:58.002+0530] {subprocess.py:93} INFO - 23/07/21 19:06:58 INFO SparkContext: Starting job: showString at NativeMethodAccessorImpl.java:0
[2023-07-21T19:06:58.003+0530] {subprocess.py:93} INFO - 23/07/21 19:06:58 INFO DAGScheduler: Got job 1 (showString at NativeMethodAccessorImpl.java:0) with 1 output partitions
[2023-07-21T19:06:58.003+0530] {subprocess.py:93} INFO - 23/07/21 19:06:58 INFO DAGScheduler: Final stage: ResultStage 1 (showString at NativeMethodAccessorImpl.java:0)
[2023-07-21T19:06:58.004+0530] {subprocess.py:93} INFO - 23/07/21 19:06:58 INFO DAGScheduler: Parents of final stage: List()
[2023-07-21T19:06:58.004+0530] {subprocess.py:93} INFO - 23/07/21 19:06:58 INFO DAGScheduler: Missing parents: List()
[2023-07-21T19:06:58.006+0530] {subprocess.py:93} INFO - 23/07/21 19:06:58 INFO DAGScheduler: Submitting ResultStage 1 (MapPartitionsRDD[5] at showString at NativeMethodAccessorImpl.java:0), which has no missing parents
[2023-07-21T19:06:58.011+0530] {subprocess.py:93} INFO - 23/07/21 19:06:58 INFO MemoryStore: Block broadcast_1 stored as values in memory (estimated size 12.0 KiB, free 434.4 MiB)
[2023-07-21T19:06:58.016+0530] {subprocess.py:93} INFO - 23/07/21 19:06:58 INFO MemoryStore: Block broadcast_1_piece0 stored as bytes in memory (estimated size 6.0 KiB, free 434.4 MiB)
[2023-07-21T19:06:58.017+0530] {subprocess.py:93} INFO - 23/07/21 19:06:58 INFO BlockManagerInfo: Added broadcast_1_piece0 in memory on 10.0.28.108:39243 (size: 6.0 KiB, free: 434.4 MiB)
[2023-07-21T19:06:58.018+0530] {subprocess.py:93} INFO - 23/07/21 19:06:58 INFO SparkContext: Created broadcast 1 from broadcast at DAGScheduler.scala:1535
[2023-07-21T19:06:58.020+0530] {subprocess.py:93} INFO - 23/07/21 19:06:58 INFO DAGScheduler: Submitting 1 missing tasks from ResultStage 1 (MapPartitionsRDD[5] at showString at NativeMethodAccessorImpl.java:0) (first 15 tasks are for partitions Vector(0))
[2023-07-21T19:06:58.020+0530] {subprocess.py:93} INFO - 23/07/21 19:06:58 INFO TaskSchedulerImpl: Adding task set 1.0 with 1 tasks resource profile 0
[2023-07-21T19:06:58.023+0530] {subprocess.py:93} INFO - 23/07/21 19:06:58 INFO TaskSetManager: Starting task 0.0 in stage 1.0 (TID 1) (10.0.28.108, executor driver, partition 0, PROCESS_LOCAL, 7209 bytes)
[2023-07-21T19:06:58.023+0530] {subprocess.py:93} INFO - 23/07/21 19:06:58 INFO Executor: Running task 0.0 in stage 1.0 (TID 1)
[2023-07-21T19:06:58.058+0530] {subprocess.py:93} INFO - 23/07/21 19:06:58 INFO JDBCRDD: closed connection
[2023-07-21T19:06:58.063+0530] {subprocess.py:93} INFO - 23/07/21 19:06:58 INFO Executor: Finished task 0.0 in stage 1.0 (TID 1). 1613 bytes result sent to driver
[2023-07-21T19:06:58.066+0530] {subprocess.py:93} INFO - 23/07/21 19:06:58 INFO TaskSetManager: Finished task 0.0 in stage 1.0 (TID 1) in 44 ms on 10.0.28.108 (executor driver) (1/1)
[2023-07-21T19:06:58.068+0530] {subprocess.py:93} INFO - 23/07/21 19:06:58 INFO DAGScheduler: ResultStage 1 (showString at NativeMethodAccessorImpl.java:0) finished in 0.061 s
[2023-07-21T19:06:58.068+0530] {subprocess.py:93} INFO - 23/07/21 19:06:58 INFO DAGScheduler: Job 1 is finished. Cancelling potential speculative or zombie tasks for this job
[2023-07-21T19:06:58.069+0530] {subprocess.py:93} INFO - 23/07/21 19:06:58 INFO TaskSchedulerImpl: Removed TaskSet 1.0, whose tasks have all completed, from pool
[2023-07-21T19:06:58.069+0530] {subprocess.py:93} INFO - 23/07/21 19:06:58 INFO TaskSchedulerImpl: Killing all running tasks in stage 1: Stage finished
[2023-07-21T19:06:58.070+0530] {subprocess.py:93} INFO - 23/07/21 19:06:58 INFO DAGScheduler: Job 1 finished: showString at NativeMethodAccessorImpl.java:0, took 0.067720 s
[2023-07-21T19:06:58.079+0530] {subprocess.py:93} INFO - +-----------+----------+---------+---+-------+
[2023-07-21T19:06:58.079+0530] {subprocess.py:93} INFO - |customer_id|first_name|last_name|age|country|
[2023-07-21T19:06:58.079+0530] {subprocess.py:93} INFO - +-----------+----------+---------+---+-------+
[2023-07-21T19:06:58.079+0530] {subprocess.py:93} INFO - |          1|      John|      Doe| 31|    USA|
[2023-07-21T19:06:58.080+0530] {subprocess.py:93} INFO - |          5|     James|     Bond| 48|    USA|
[2023-07-21T19:06:58.080+0530] {subprocess.py:93} INFO - +-----------+----------+---------+---+-------+
[2023-07-21T19:06:58.080+0530] {subprocess.py:93} INFO - 
[2023-07-21T19:06:58.080+0530] {subprocess.py:93} INFO - None
[2023-07-21T19:06:58.080+0530] {subprocess.py:93} INFO - 23/07/21 19:06:58 INFO SparkContext: SparkContext is stopping with exitCode 0.
[2023-07-21T19:06:58.092+0530] {subprocess.py:93} INFO - 23/07/21 19:06:58 INFO SparkUI: Stopped Spark web UI at http://10.0.28.108:4040
[2023-07-21T19:06:58.109+0530] {subprocess.py:93} INFO - 23/07/21 19:06:58 INFO MapOutputTrackerMasterEndpoint: MapOutputTrackerMasterEndpoint stopped!
[2023-07-21T19:06:58.119+0530] {subprocess.py:93} INFO - 23/07/21 19:06:58 INFO MemoryStore: MemoryStore cleared
[2023-07-21T19:06:58.120+0530] {subprocess.py:93} INFO - 23/07/21 19:06:58 INFO BlockManager: BlockManager stopped
[2023-07-21T19:06:58.128+0530] {subprocess.py:93} INFO - 23/07/21 19:06:58 INFO BlockManagerMaster: BlockManagerMaster stopped
[2023-07-21T19:06:58.131+0530] {subprocess.py:93} INFO - 23/07/21 19:06:58 INFO OutputCommitCoordinator$OutputCommitCoordinatorEndpoint: OutputCommitCoordinator stopped!
[2023-07-21T19:06:58.138+0530] {subprocess.py:93} INFO - 23/07/21 19:06:58 INFO SparkContext: Successfully stopped SparkContext
[2023-07-21T19:06:58.665+0530] {subprocess.py:93} INFO - 23/07/21 19:06:58 INFO ShutdownHookManager: Shutdown hook called
[2023-07-21T19:06:58.666+0530] {subprocess.py:93} INFO - 23/07/21 19:06:58 INFO ShutdownHookManager: Deleting directory /tmp/spark-f1cdf1bb-0323-443a-b78a-041d8c8f525f
[2023-07-21T19:06:58.671+0530] {subprocess.py:93} INFO - 23/07/21 19:06:58 INFO ShutdownHookManager: Deleting directory /tmp/spark-59176e2d-4032-44e2-b347-fb3ebe6ab627
[2023-07-21T19:06:58.673+0530] {subprocess.py:93} INFO - 23/07/21 19:06:58 INFO ShutdownHookManager: Deleting directory /tmp/spark-59176e2d-4032-44e2-b347-fb3ebe6ab627/pyspark-5eeaa18b-1030-4bfb-a95b-61b7dcaaff6c
[2023-07-21T19:06:58.746+0530] {subprocess.py:97} INFO - Command exited with return code 0
[2023-07-21T19:06:58.785+0530] {taskinstance.py:1345} INFO - Marking task as SUCCESS. dag_id=Data_processing, task_id=run_spark, execution_date=20230720T110000, start_date=20230721T133644, end_date=20230721T133658
[2023-07-21T19:06:58.836+0530] {local_task_job_runner.py:225} INFO - Task exited with return code 0
[2023-07-21T19:06:58.847+0530] {taskinstance.py:2653} INFO - 0 downstream tasks scheduled from follow-on schedule check
