[2023-07-20T17:33:58.007+0530] {taskinstance.py:1103} INFO - Dependencies all met for dep_context=non-requeueable deps ti=<TaskInstance: A.run_spark scheduled__2023-07-19T11:00:00+00:00 [queued]>
[2023-07-20T17:33:58.013+0530] {taskinstance.py:1103} INFO - Dependencies all met for dep_context=requeueable deps ti=<TaskInstance: A.run_spark scheduled__2023-07-19T11:00:00+00:00 [queued]>
[2023-07-20T17:33:58.013+0530] {taskinstance.py:1308} INFO - Starting attempt 3 of 4
[2023-07-20T17:33:58.043+0530] {taskinstance.py:1327} INFO - Executing <Task(BashOperator): run_spark> on 2023-07-19 11:00:00+00:00
[2023-07-20T17:33:58.048+0530] {standard_task_runner.py:57} INFO - Started process 271684 to run task
[2023-07-20T17:33:58.055+0530] {standard_task_runner.py:84} INFO - Running: ['airflow', 'tasks', 'run', 'A', 'run_spark', 'scheduled__2023-07-19T11:00:00+00:00', '--job-id', '445', '--raw', '--subdir', 'DAGS_FOLDER/assignment21.py', '--cfg-path', '/tmp/tmpdmcuvdop']
[2023-07-20T17:33:58.056+0530] {standard_task_runner.py:85} INFO - Job 445: Subtask run_spark
[2023-07-20T17:33:58.122+0530] {task_command.py:410} INFO - Running <TaskInstance: A.run_spark scheduled__2023-07-19T11:00:00+00:00 [running]> on host neosoft-Latitude-E5270
[2023-07-20T17:33:58.186+0530] {taskinstance.py:1545} INFO - Exporting env vars: AIRFLOW_CTX_DAG_OWNER='Nikita' AIRFLOW_CTX_DAG_ID='A' AIRFLOW_CTX_TASK_ID='run_spark' AIRFLOW_CTX_EXECUTION_DATE='2023-07-19T11:00:00+00:00' AIRFLOW_CTX_TRY_NUMBER='3' AIRFLOW_CTX_DAG_RUN_ID='scheduled__2023-07-19T11:00:00+00:00'
[2023-07-20T17:33:58.187+0530] {subprocess.py:63} INFO - Tmp dir root location: /tmp
[2023-07-20T17:33:58.188+0530] {subprocess.py:75} INFO - Running command: ['/usr/bin/bash', '-c', 'spark-submit /home/neosoft/airflow/Assignment_airflow/pyspark1.py']
[2023-07-20T17:33:58.194+0530] {subprocess.py:86} INFO - Output:
[2023-07-20T17:34:00.517+0530] {subprocess.py:93} INFO - 23/07/20 17:34:00 WARN Utils: Your hostname, neosoft-Latitude-E5270 resolves to a loopback address: 127.0.1.1; using 10.0.28.108 instead (on interface enp0s31f6)
[2023-07-20T17:34:00.522+0530] {subprocess.py:93} INFO - 23/07/20 17:34:00 WARN Utils: Set SPARK_LOCAL_IP if you need to bind to another address
[2023-07-20T17:34:01.725+0530] {subprocess.py:93} INFO - 23/07/20 17:34:01 INFO SparkContext: Running Spark version 3.4.0
[2023-07-20T17:34:01.807+0530] {subprocess.py:93} INFO - 23/07/20 17:34:01 WARN NativeCodeLoader: Unable to load native-hadoop library for your platform... using builtin-java classes where applicable
[2023-07-20T17:34:01.916+0530] {subprocess.py:93} INFO - 23/07/20 17:34:01 INFO ResourceUtils: ==============================================================
[2023-07-20T17:34:01.916+0530] {subprocess.py:93} INFO - 23/07/20 17:34:01 INFO ResourceUtils: No custom resources configured for spark.driver.
[2023-07-20T17:34:01.917+0530] {subprocess.py:93} INFO - 23/07/20 17:34:01 INFO ResourceUtils: ==============================================================
[2023-07-20T17:34:01.918+0530] {subprocess.py:93} INFO - 23/07/20 17:34:01 INFO SparkContext: Submitted application: pyspark1.py
[2023-07-20T17:34:01.947+0530] {subprocess.py:93} INFO - 23/07/20 17:34:01 INFO ResourceProfile: Default ResourceProfile created, executor resources: Map(cores -> name: cores, amount: 1, script: , vendor: , memory -> name: memory, amount: 1024, script: , vendor: , offHeap -> name: offHeap, amount: 0, script: , vendor: ), task resources: Map(cpus -> name: cpus, amount: 1.0)
[2023-07-20T17:34:01.961+0530] {subprocess.py:93} INFO - 23/07/20 17:34:01 INFO ResourceProfile: Limiting resource is cpu
[2023-07-20T17:34:01.962+0530] {subprocess.py:93} INFO - 23/07/20 17:34:01 INFO ResourceProfileManager: Added ResourceProfile id: 0
[2023-07-20T17:34:02.028+0530] {subprocess.py:93} INFO - 23/07/20 17:34:02 INFO SecurityManager: Changing view acls to: neosoft
[2023-07-20T17:34:02.029+0530] {subprocess.py:93} INFO - 23/07/20 17:34:02 INFO SecurityManager: Changing modify acls to: neosoft
[2023-07-20T17:34:02.030+0530] {subprocess.py:93} INFO - 23/07/20 17:34:02 INFO SecurityManager: Changing view acls groups to:
[2023-07-20T17:34:02.030+0530] {subprocess.py:93} INFO - 23/07/20 17:34:02 INFO SecurityManager: Changing modify acls groups to:
[2023-07-20T17:34:02.031+0530] {subprocess.py:93} INFO - 23/07/20 17:34:02 INFO SecurityManager: SecurityManager: authentication disabled; ui acls disabled; users with view permissions: neosoft; groups with view permissions: EMPTY; users with modify permissions: neosoft; groups with modify permissions: EMPTY
[2023-07-20T17:34:02.368+0530] {subprocess.py:93} INFO - 23/07/20 17:34:02 INFO Utils: Successfully started service 'sparkDriver' on port 38415.
[2023-07-20T17:34:02.407+0530] {subprocess.py:93} INFO - 23/07/20 17:34:02 INFO SparkEnv: Registering MapOutputTracker
[2023-07-20T17:34:02.456+0530] {subprocess.py:93} INFO - 23/07/20 17:34:02 INFO SparkEnv: Registering BlockManagerMaster
[2023-07-20T17:34:02.484+0530] {subprocess.py:93} INFO - 23/07/20 17:34:02 INFO BlockManagerMasterEndpoint: Using org.apache.spark.storage.DefaultTopologyMapper for getting topology information
[2023-07-20T17:34:02.485+0530] {subprocess.py:93} INFO - 23/07/20 17:34:02 INFO BlockManagerMasterEndpoint: BlockManagerMasterEndpoint up
[2023-07-20T17:34:02.490+0530] {subprocess.py:93} INFO - 23/07/20 17:34:02 INFO SparkEnv: Registering BlockManagerMasterHeartbeat
[2023-07-20T17:34:02.521+0530] {subprocess.py:93} INFO - 23/07/20 17:34:02 INFO DiskBlockManager: Created local directory at /tmp/blockmgr-7e65678a-8a49-40f1-ba9d-705280e133df
[2023-07-20T17:34:02.541+0530] {subprocess.py:93} INFO - 23/07/20 17:34:02 INFO MemoryStore: MemoryStore started with capacity 434.4 MiB
[2023-07-20T17:34:02.558+0530] {subprocess.py:93} INFO - 23/07/20 17:34:02 INFO SparkEnv: Registering OutputCommitCoordinator
[2023-07-20T17:34:02.743+0530] {subprocess.py:93} INFO - 23/07/20 17:34:02 INFO JettyUtils: Start Jetty 0.0.0.0:4040 for SparkUI
[2023-07-20T17:34:02.823+0530] {subprocess.py:93} INFO - 23/07/20 17:34:02 INFO Utils: Successfully started service 'SparkUI' on port 4040.
[2023-07-20T17:34:02.955+0530] {subprocess.py:93} INFO - 23/07/20 17:34:02 INFO Executor: Starting executor ID driver on host 10.0.28.108
[2023-07-20T17:34:02.965+0530] {subprocess.py:93} INFO - 23/07/20 17:34:02 INFO Executor: Starting executor with user classpath (userClassPathFirst = false): ''
[2023-07-20T17:34:02.998+0530] {subprocess.py:93} INFO - 23/07/20 17:34:02 INFO Utils: Successfully started service 'org.apache.spark.network.netty.NettyBlockTransferService' on port 37415.
[2023-07-20T17:34:02.998+0530] {subprocess.py:93} INFO - 23/07/20 17:34:02 INFO NettyBlockTransferService: Server created on 10.0.28.108:37415
[2023-07-20T17:34:03.001+0530] {subprocess.py:93} INFO - 23/07/20 17:34:03 INFO BlockManager: Using org.apache.spark.storage.RandomBlockReplicationPolicy for block replication policy
[2023-07-20T17:34:03.011+0530] {subprocess.py:93} INFO - 23/07/20 17:34:03 INFO BlockManagerMaster: Registering BlockManager BlockManagerId(driver, 10.0.28.108, 37415, None)
[2023-07-20T17:34:03.016+0530] {subprocess.py:93} INFO - 23/07/20 17:34:03 INFO BlockManagerMasterEndpoint: Registering block manager 10.0.28.108:37415 with 434.4 MiB RAM, BlockManagerId(driver, 10.0.28.108, 37415, None)
[2023-07-20T17:34:03.019+0530] {subprocess.py:93} INFO - 23/07/20 17:34:03 INFO BlockManagerMaster: Registered BlockManager BlockManagerId(driver, 10.0.28.108, 37415, None)
[2023-07-20T17:34:03.020+0530] {subprocess.py:93} INFO - 23/07/20 17:34:03 INFO BlockManager: Initialized BlockManager: BlockManagerId(driver, 10.0.28.108, 37415, None)
[2023-07-20T17:34:03.605+0530] {subprocess.py:93} INFO - 23/07/20 17:34:03 INFO SharedState: Setting hive.metastore.warehouse.dir ('null') to the value of spark.sql.warehouse.dir.
[2023-07-20T17:34:03.613+0530] {subprocess.py:93} INFO - 23/07/20 17:34:03 INFO SharedState: Warehouse path is 'file:/tmp/airflowtmpvnnay6c3/spark-warehouse'.
[2023-07-20T17:34:04.675+0530] {subprocess.py:93} INFO - Traceback (most recent call last):
[2023-07-20T17:34:04.675+0530] {subprocess.py:93} INFO -   File "/home/neosoft/airflow/Assignment_airflow/pyspark1.py", line 19, in <module>
[2023-07-20T17:34:04.676+0530] {subprocess.py:93} INFO -     df = spark.read.jdbc(jdbc_url, table_name, properties=properties)
[2023-07-20T17:34:04.676+0530] {subprocess.py:93} INFO -   File "/opt/spark/spark-3.4.0-bin-hadoop3/python/lib/pyspark.zip/pyspark/sql/readwriter.py", line 927, in jdbc
[2023-07-20T17:34:04.676+0530] {subprocess.py:93} INFO -   File "/opt/spark/spark-3.4.0-bin-hadoop3/python/lib/py4j-0.10.9.7-src.zip/py4j/java_gateway.py", line 1322, in __call__
[2023-07-20T17:34:04.676+0530] {subprocess.py:93} INFO -   File "/opt/spark/spark-3.4.0-bin-hadoop3/python/lib/pyspark.zip/pyspark/errors/exceptions/captured.py", line 169, in deco
[2023-07-20T17:34:04.676+0530] {subprocess.py:93} INFO -   File "/opt/spark/spark-3.4.0-bin-hadoop3/python/lib/py4j-0.10.9.7-src.zip/py4j/protocol.py", line 326, in get_return_value
[2023-07-20T17:34:04.676+0530] {subprocess.py:93} INFO - py4j.protocol.Py4JJavaError: An error occurred while calling o25.jdbc.
[2023-07-20T17:34:04.677+0530] {subprocess.py:93} INFO - : java.lang.ClassNotFoundException: com.mysql.cj.jdbc.Driver
[2023-07-20T17:34:04.677+0530] {subprocess.py:93} INFO - 	at java.base/java.net.URLClassLoader.findClass(URLClassLoader.java:476)
[2023-07-20T17:34:04.677+0530] {subprocess.py:93} INFO - 	at java.base/java.lang.ClassLoader.loadClass(ClassLoader.java:589)
[2023-07-20T17:34:04.677+0530] {subprocess.py:93} INFO - 	at java.base/java.lang.ClassLoader.loadClass(ClassLoader.java:522)
[2023-07-20T17:34:04.677+0530] {subprocess.py:93} INFO - 	at org.apache.spark.sql.execution.datasources.jdbc.DriverRegistry$.register(DriverRegistry.scala:46)
[2023-07-20T17:34:04.677+0530] {subprocess.py:93} INFO - 	at org.apache.spark.sql.execution.datasources.jdbc.JDBCOptions.$anonfun$driverClass$1(JDBCOptions.scala:103)
[2023-07-20T17:34:04.677+0530] {subprocess.py:93} INFO - 	at org.apache.spark.sql.execution.datasources.jdbc.JDBCOptions.$anonfun$driverClass$1$adapted(JDBCOptions.scala:103)
[2023-07-20T17:34:04.677+0530] {subprocess.py:93} INFO - 	at scala.Option.foreach(Option.scala:407)
[2023-07-20T17:34:04.677+0530] {subprocess.py:93} INFO - 	at org.apache.spark.sql.execution.datasources.jdbc.JDBCOptions.<init>(JDBCOptions.scala:103)
[2023-07-20T17:34:04.678+0530] {subprocess.py:93} INFO - 	at org.apache.spark.sql.execution.datasources.jdbc.JDBCOptions.<init>(JDBCOptions.scala:41)
[2023-07-20T17:34:04.678+0530] {subprocess.py:93} INFO - 	at org.apache.spark.sql.execution.datasources.jdbc.JdbcRelationProvider.createRelation(JdbcRelationProvider.scala:34)
[2023-07-20T17:34:04.678+0530] {subprocess.py:93} INFO - 	at org.apache.spark.sql.execution.datasources.DataSource.resolveRelation(DataSource.scala:346)
[2023-07-20T17:34:04.678+0530] {subprocess.py:93} INFO - 	at org.apache.spark.sql.DataFrameReader.loadV1Source(DataFrameReader.scala:229)
[2023-07-20T17:34:04.678+0530] {subprocess.py:93} INFO - 	at org.apache.spark.sql.DataFrameReader.$anonfun$load$2(DataFrameReader.scala:211)
[2023-07-20T17:34:04.678+0530] {subprocess.py:93} INFO - 	at scala.Option.getOrElse(Option.scala:189)
[2023-07-20T17:34:04.678+0530] {subprocess.py:93} INFO - 	at org.apache.spark.sql.DataFrameReader.load(DataFrameReader.scala:211)
[2023-07-20T17:34:04.678+0530] {subprocess.py:93} INFO - 	at org.apache.spark.sql.DataFrameReader.load(DataFrameReader.scala:172)
[2023-07-20T17:34:04.678+0530] {subprocess.py:93} INFO - 	at org.apache.spark.sql.DataFrameReader.jdbc(DataFrameReader.scala:249)
[2023-07-20T17:34:04.679+0530] {subprocess.py:93} INFO - 	at java.base/jdk.internal.reflect.NativeMethodAccessorImpl.invoke0(Native Method)
[2023-07-20T17:34:04.679+0530] {subprocess.py:93} INFO - 	at java.base/jdk.internal.reflect.NativeMethodAccessorImpl.invoke(NativeMethodAccessorImpl.java:62)
[2023-07-20T17:34:04.679+0530] {subprocess.py:93} INFO - 	at java.base/jdk.internal.reflect.DelegatingMethodAccessorImpl.invoke(DelegatingMethodAccessorImpl.java:43)
[2023-07-20T17:34:04.679+0530] {subprocess.py:93} INFO - 	at java.base/java.lang.reflect.Method.invoke(Method.java:566)
[2023-07-20T17:34:04.679+0530] {subprocess.py:93} INFO - 	at py4j.reflection.MethodInvoker.invoke(MethodInvoker.java:244)
[2023-07-20T17:34:04.679+0530] {subprocess.py:93} INFO - 	at py4j.reflection.ReflectionEngine.invoke(ReflectionEngine.java:374)
[2023-07-20T17:34:04.679+0530] {subprocess.py:93} INFO - 	at py4j.Gateway.invoke(Gateway.java:282)
[2023-07-20T17:34:04.679+0530] {subprocess.py:93} INFO - 	at py4j.commands.AbstractCommand.invokeMethod(AbstractCommand.java:132)
[2023-07-20T17:34:04.679+0530] {subprocess.py:93} INFO - 	at py4j.commands.CallCommand.execute(CallCommand.java:79)
[2023-07-20T17:34:04.680+0530] {subprocess.py:93} INFO - 	at py4j.ClientServerConnection.waitForCommands(ClientServerConnection.java:182)
[2023-07-20T17:34:04.680+0530] {subprocess.py:93} INFO - 	at py4j.ClientServerConnection.run(ClientServerConnection.java:106)
[2023-07-20T17:34:04.680+0530] {subprocess.py:93} INFO - 	at java.base/java.lang.Thread.run(Thread.java:829)
[2023-07-20T17:34:04.680+0530] {subprocess.py:93} INFO - 
[2023-07-20T17:34:04.710+0530] {subprocess.py:93} INFO - 23/07/20 17:34:04 INFO SparkContext: Invoking stop() from shutdown hook
[2023-07-20T17:34:04.710+0530] {subprocess.py:93} INFO - 23/07/20 17:34:04 INFO SparkContext: SparkContext is stopping with exitCode 0.
[2023-07-20T17:34:04.725+0530] {subprocess.py:93} INFO - 23/07/20 17:34:04 INFO SparkUI: Stopped Spark web UI at http://10.0.28.108:4040
[2023-07-20T17:34:04.743+0530] {subprocess.py:93} INFO - 23/07/20 17:34:04 INFO MapOutputTrackerMasterEndpoint: MapOutputTrackerMasterEndpoint stopped!
[2023-07-20T17:34:04.754+0530] {subprocess.py:93} INFO - 23/07/20 17:34:04 INFO MemoryStore: MemoryStore cleared
[2023-07-20T17:34:04.755+0530] {subprocess.py:93} INFO - 23/07/20 17:34:04 INFO BlockManager: BlockManager stopped
[2023-07-20T17:34:04.761+0530] {subprocess.py:93} INFO - 23/07/20 17:34:04 INFO BlockManagerMaster: BlockManagerMaster stopped
[2023-07-20T17:34:04.765+0530] {subprocess.py:93} INFO - 23/07/20 17:34:04 INFO OutputCommitCoordinator$OutputCommitCoordinatorEndpoint: OutputCommitCoordinator stopped!
[2023-07-20T17:34:04.772+0530] {subprocess.py:93} INFO - 23/07/20 17:34:04 INFO SparkContext: Successfully stopped SparkContext
[2023-07-20T17:34:04.772+0530] {subprocess.py:93} INFO - 23/07/20 17:34:04 INFO ShutdownHookManager: Shutdown hook called
[2023-07-20T17:34:04.773+0530] {subprocess.py:93} INFO - 23/07/20 17:34:04 INFO ShutdownHookManager: Deleting directory /tmp/spark-533769f8-8282-4dd2-8875-3e1f287d3fc9
[2023-07-20T17:34:04.776+0530] {subprocess.py:93} INFO - 23/07/20 17:34:04 INFO ShutdownHookManager: Deleting directory /tmp/spark-ae830ba2-97c3-4c49-af91-ee82fbeb3888
[2023-07-20T17:34:04.779+0530] {subprocess.py:93} INFO - 23/07/20 17:34:04 INFO ShutdownHookManager: Deleting directory /tmp/spark-ae830ba2-97c3-4c49-af91-ee82fbeb3888/pyspark-f5167088-af8e-4321-8e4f-6e806a8bbe19
[2023-07-20T17:34:04.832+0530] {subprocess.py:97} INFO - Command exited with return code 1
[2023-07-20T17:34:04.840+0530] {taskinstance.py:1824} ERROR - Task failed with exception
Traceback (most recent call last):
  File "/home/neosoft/airflow/py_env/lib/python3.8/site-packages/airflow/operators/bash.py", line 210, in execute
    raise AirflowException(
airflow.exceptions.AirflowException: Bash command failed. The command returned a non-zero exit code 1.
[2023-07-20T17:34:04.843+0530] {taskinstance.py:1345} INFO - Marking task as UP_FOR_RETRY. dag_id=A, task_id=run_spark, execution_date=20230719T110000, start_date=20230720T120358, end_date=20230720T120404
[2023-07-20T17:34:04.872+0530] {standard_task_runner.py:104} ERROR - Failed to execute job 445 for task run_spark (Bash command failed. The command returned a non-zero exit code 1.; 271684)
[2023-07-20T17:34:04.895+0530] {local_task_job_runner.py:225} INFO - Task exited with return code 1
[2023-07-20T17:34:04.918+0530] {taskinstance.py:2653} INFO - 0 downstream tasks scheduled from follow-on schedule check
