[2023-07-20T17:39:07.254+0530] {taskinstance.py:1103} INFO - Dependencies all met for dep_context=non-requeueable deps ti=<TaskInstance: A.run_spark scheduled__2023-07-19T11:00:00+00:00 [queued]>
[2023-07-20T17:39:07.260+0530] {taskinstance.py:1103} INFO - Dependencies all met for dep_context=requeueable deps ti=<TaskInstance: A.run_spark scheduled__2023-07-19T11:00:00+00:00 [queued]>
[2023-07-20T17:39:07.261+0530] {taskinstance.py:1308} INFO - Starting attempt 4 of 4
[2023-07-20T17:39:07.292+0530] {taskinstance.py:1327} INFO - Executing <Task(BashOperator): run_spark> on 2023-07-19 11:00:00+00:00
[2023-07-20T17:39:07.297+0530] {standard_task_runner.py:57} INFO - Started process 274497 to run task
[2023-07-20T17:39:07.305+0530] {standard_task_runner.py:84} INFO - Running: ['airflow', 'tasks', 'run', 'A', 'run_spark', 'scheduled__2023-07-19T11:00:00+00:00', '--job-id', '446', '--raw', '--subdir', 'DAGS_FOLDER/assignment21.py', '--cfg-path', '/tmp/tmpikpwxu61']
[2023-07-20T17:39:07.306+0530] {standard_task_runner.py:85} INFO - Job 446: Subtask run_spark
[2023-07-20T17:39:07.381+0530] {task_command.py:410} INFO - Running <TaskInstance: A.run_spark scheduled__2023-07-19T11:00:00+00:00 [running]> on host neosoft-Latitude-E5270
[2023-07-20T17:39:07.452+0530] {taskinstance.py:1545} INFO - Exporting env vars: AIRFLOW_CTX_DAG_OWNER='Nikita' AIRFLOW_CTX_DAG_ID='A' AIRFLOW_CTX_TASK_ID='run_spark' AIRFLOW_CTX_EXECUTION_DATE='2023-07-19T11:00:00+00:00' AIRFLOW_CTX_TRY_NUMBER='4' AIRFLOW_CTX_DAG_RUN_ID='scheduled__2023-07-19T11:00:00+00:00'
[2023-07-20T17:39:07.454+0530] {subprocess.py:63} INFO - Tmp dir root location: /tmp
[2023-07-20T17:39:07.454+0530] {subprocess.py:75} INFO - Running command: ['/usr/bin/bash', '-c', 'spark-submit /home/neosoft/airflow/Assignment_airflow/pyspark1.py']
[2023-07-20T17:39:07.461+0530] {subprocess.py:86} INFO - Output:
[2023-07-20T17:39:09.734+0530] {subprocess.py:93} INFO - 23/07/20 17:39:09 WARN Utils: Your hostname, neosoft-Latitude-E5270 resolves to a loopback address: 127.0.1.1; using 10.0.28.108 instead (on interface enp0s31f6)
[2023-07-20T17:39:09.739+0530] {subprocess.py:93} INFO - 23/07/20 17:39:09 WARN Utils: Set SPARK_LOCAL_IP if you need to bind to another address
[2023-07-20T17:39:10.872+0530] {subprocess.py:93} INFO - 23/07/20 17:39:10 INFO SparkContext: Running Spark version 3.4.0
[2023-07-20T17:39:10.955+0530] {subprocess.py:93} INFO - 23/07/20 17:39:10 WARN NativeCodeLoader: Unable to load native-hadoop library for your platform... using builtin-java classes where applicable
[2023-07-20T17:39:11.090+0530] {subprocess.py:93} INFO - 23/07/20 17:39:11 INFO ResourceUtils: ==============================================================
[2023-07-20T17:39:11.091+0530] {subprocess.py:93} INFO - 23/07/20 17:39:11 INFO ResourceUtils: No custom resources configured for spark.driver.
[2023-07-20T17:39:11.092+0530] {subprocess.py:93} INFO - 23/07/20 17:39:11 INFO ResourceUtils: ==============================================================
[2023-07-20T17:39:11.092+0530] {subprocess.py:93} INFO - 23/07/20 17:39:11 INFO SparkContext: Submitted application: pyspark1.py
[2023-07-20T17:39:11.127+0530] {subprocess.py:93} INFO - 23/07/20 17:39:11 INFO ResourceProfile: Default ResourceProfile created, executor resources: Map(cores -> name: cores, amount: 1, script: , vendor: , memory -> name: memory, amount: 1024, script: , vendor: , offHeap -> name: offHeap, amount: 0, script: , vendor: ), task resources: Map(cpus -> name: cpus, amount: 1.0)
[2023-07-20T17:39:11.148+0530] {subprocess.py:93} INFO - 23/07/20 17:39:11 INFO ResourceProfile: Limiting resource is cpu
[2023-07-20T17:39:11.149+0530] {subprocess.py:93} INFO - 23/07/20 17:39:11 INFO ResourceProfileManager: Added ResourceProfile id: 0
[2023-07-20T17:39:11.221+0530] {subprocess.py:93} INFO - 23/07/20 17:39:11 INFO SecurityManager: Changing view acls to: neosoft
[2023-07-20T17:39:11.222+0530] {subprocess.py:93} INFO - 23/07/20 17:39:11 INFO SecurityManager: Changing modify acls to: neosoft
[2023-07-20T17:39:11.222+0530] {subprocess.py:93} INFO - 23/07/20 17:39:11 INFO SecurityManager: Changing view acls groups to:
[2023-07-20T17:39:11.223+0530] {subprocess.py:93} INFO - 23/07/20 17:39:11 INFO SecurityManager: Changing modify acls groups to:
[2023-07-20T17:39:11.224+0530] {subprocess.py:93} INFO - 23/07/20 17:39:11 INFO SecurityManager: SecurityManager: authentication disabled; ui acls disabled; users with view permissions: neosoft; groups with view permissions: EMPTY; users with modify permissions: neosoft; groups with modify permissions: EMPTY
[2023-07-20T17:39:11.538+0530] {subprocess.py:93} INFO - 23/07/20 17:39:11 INFO Utils: Successfully started service 'sparkDriver' on port 46673.
[2023-07-20T17:39:11.581+0530] {subprocess.py:93} INFO - 23/07/20 17:39:11 INFO SparkEnv: Registering MapOutputTracker
[2023-07-20T17:39:11.617+0530] {subprocess.py:93} INFO - 23/07/20 17:39:11 INFO SparkEnv: Registering BlockManagerMaster
[2023-07-20T17:39:11.640+0530] {subprocess.py:93} INFO - 23/07/20 17:39:11 INFO BlockManagerMasterEndpoint: Using org.apache.spark.storage.DefaultTopologyMapper for getting topology information
[2023-07-20T17:39:11.640+0530] {subprocess.py:93} INFO - 23/07/20 17:39:11 INFO BlockManagerMasterEndpoint: BlockManagerMasterEndpoint up
[2023-07-20T17:39:11.645+0530] {subprocess.py:93} INFO - 23/07/20 17:39:11 INFO SparkEnv: Registering BlockManagerMasterHeartbeat
[2023-07-20T17:39:11.674+0530] {subprocess.py:93} INFO - 23/07/20 17:39:11 INFO DiskBlockManager: Created local directory at /tmp/blockmgr-8b45f574-ebac-479d-b42f-67b8b21fd515
[2023-07-20T17:39:11.696+0530] {subprocess.py:93} INFO - 23/07/20 17:39:11 INFO MemoryStore: MemoryStore started with capacity 434.4 MiB
[2023-07-20T17:39:11.715+0530] {subprocess.py:93} INFO - 23/07/20 17:39:11 INFO SparkEnv: Registering OutputCommitCoordinator
[2023-07-20T17:39:11.910+0530] {subprocess.py:93} INFO - 23/07/20 17:39:11 INFO JettyUtils: Start Jetty 0.0.0.0:4040 for SparkUI
[2023-07-20T17:39:11.979+0530] {subprocess.py:93} INFO - 23/07/20 17:39:11 INFO Utils: Successfully started service 'SparkUI' on port 4040.
[2023-07-20T17:39:12.140+0530] {subprocess.py:93} INFO - 23/07/20 17:39:12 INFO Executor: Starting executor ID driver on host 10.0.28.108
[2023-07-20T17:39:12.149+0530] {subprocess.py:93} INFO - 23/07/20 17:39:12 INFO Executor: Starting executor with user classpath (userClassPathFirst = false): ''
[2023-07-20T17:39:12.171+0530] {subprocess.py:93} INFO - 23/07/20 17:39:12 INFO Utils: Successfully started service 'org.apache.spark.network.netty.NettyBlockTransferService' on port 44067.
[2023-07-20T17:39:12.171+0530] {subprocess.py:93} INFO - 23/07/20 17:39:12 INFO NettyBlockTransferService: Server created on 10.0.28.108:44067
[2023-07-20T17:39:12.173+0530] {subprocess.py:93} INFO - 23/07/20 17:39:12 INFO BlockManager: Using org.apache.spark.storage.RandomBlockReplicationPolicy for block replication policy
[2023-07-20T17:39:12.180+0530] {subprocess.py:93} INFO - 23/07/20 17:39:12 INFO BlockManagerMaster: Registering BlockManager BlockManagerId(driver, 10.0.28.108, 44067, None)
[2023-07-20T17:39:12.184+0530] {subprocess.py:93} INFO - 23/07/20 17:39:12 INFO BlockManagerMasterEndpoint: Registering block manager 10.0.28.108:44067 with 434.4 MiB RAM, BlockManagerId(driver, 10.0.28.108, 44067, None)
[2023-07-20T17:39:12.187+0530] {subprocess.py:93} INFO - 23/07/20 17:39:12 INFO BlockManagerMaster: Registered BlockManager BlockManagerId(driver, 10.0.28.108, 44067, None)
[2023-07-20T17:39:12.188+0530] {subprocess.py:93} INFO - 23/07/20 17:39:12 INFO BlockManager: Initialized BlockManager: BlockManagerId(driver, 10.0.28.108, 44067, None)
[2023-07-20T17:39:12.749+0530] {subprocess.py:93} INFO - 23/07/20 17:39:12 INFO SharedState: Setting hive.metastore.warehouse.dir ('null') to the value of spark.sql.warehouse.dir.
[2023-07-20T17:39:12.760+0530] {subprocess.py:93} INFO - 23/07/20 17:39:12 INFO SharedState: Warehouse path is 'file:/tmp/airflowtmplvwrr1v9/spark-warehouse'.
[2023-07-20T17:39:13.870+0530] {subprocess.py:93} INFO - Traceback (most recent call last):
[2023-07-20T17:39:13.870+0530] {subprocess.py:93} INFO -   File "/home/neosoft/airflow/Assignment_airflow/pyspark1.py", line 19, in <module>
[2023-07-20T17:39:13.871+0530] {subprocess.py:93} INFO -     df = spark.read.jdbc(jdbc_url, table_name, properties=properties)
[2023-07-20T17:39:13.871+0530] {subprocess.py:93} INFO -   File "/opt/spark/spark-3.4.0-bin-hadoop3/python/lib/pyspark.zip/pyspark/sql/readwriter.py", line 927, in jdbc
[2023-07-20T17:39:13.871+0530] {subprocess.py:93} INFO -   File "/opt/spark/spark-3.4.0-bin-hadoop3/python/lib/py4j-0.10.9.7-src.zip/py4j/java_gateway.py", line 1322, in __call__
[2023-07-20T17:39:13.871+0530] {subprocess.py:93} INFO -   File "/opt/spark/spark-3.4.0-bin-hadoop3/python/lib/pyspark.zip/pyspark/errors/exceptions/captured.py", line 169, in deco
[2023-07-20T17:39:13.871+0530] {subprocess.py:93} INFO -   File "/opt/spark/spark-3.4.0-bin-hadoop3/python/lib/py4j-0.10.9.7-src.zip/py4j/protocol.py", line 326, in get_return_value
[2023-07-20T17:39:13.872+0530] {subprocess.py:93} INFO - py4j.protocol.Py4JJavaError: An error occurred while calling o25.jdbc.
[2023-07-20T17:39:13.872+0530] {subprocess.py:93} INFO - : java.lang.ClassNotFoundException: com.mysql.cj.jdbc.Driver
[2023-07-20T17:39:13.872+0530] {subprocess.py:93} INFO - 	at java.base/java.net.URLClassLoader.findClass(URLClassLoader.java:476)
[2023-07-20T17:39:13.872+0530] {subprocess.py:93} INFO - 	at java.base/java.lang.ClassLoader.loadClass(ClassLoader.java:589)
[2023-07-20T17:39:13.872+0530] {subprocess.py:93} INFO - 	at java.base/java.lang.ClassLoader.loadClass(ClassLoader.java:522)
[2023-07-20T17:39:13.872+0530] {subprocess.py:93} INFO - 	at org.apache.spark.sql.execution.datasources.jdbc.DriverRegistry$.register(DriverRegistry.scala:46)
[2023-07-20T17:39:13.872+0530] {subprocess.py:93} INFO - 	at org.apache.spark.sql.execution.datasources.jdbc.JDBCOptions.$anonfun$driverClass$1(JDBCOptions.scala:103)
[2023-07-20T17:39:13.872+0530] {subprocess.py:93} INFO - 	at org.apache.spark.sql.execution.datasources.jdbc.JDBCOptions.$anonfun$driverClass$1$adapted(JDBCOptions.scala:103)
[2023-07-20T17:39:13.872+0530] {subprocess.py:93} INFO - 	at scala.Option.foreach(Option.scala:407)
[2023-07-20T17:39:13.873+0530] {subprocess.py:93} INFO - 	at org.apache.spark.sql.execution.datasources.jdbc.JDBCOptions.<init>(JDBCOptions.scala:103)
[2023-07-20T17:39:13.873+0530] {subprocess.py:93} INFO - 	at org.apache.spark.sql.execution.datasources.jdbc.JDBCOptions.<init>(JDBCOptions.scala:41)
[2023-07-20T17:39:13.873+0530] {subprocess.py:93} INFO - 	at org.apache.spark.sql.execution.datasources.jdbc.JdbcRelationProvider.createRelation(JdbcRelationProvider.scala:34)
[2023-07-20T17:39:13.873+0530] {subprocess.py:93} INFO - 	at org.apache.spark.sql.execution.datasources.DataSource.resolveRelation(DataSource.scala:346)
[2023-07-20T17:39:13.873+0530] {subprocess.py:93} INFO - 	at org.apache.spark.sql.DataFrameReader.loadV1Source(DataFrameReader.scala:229)
[2023-07-20T17:39:13.873+0530] {subprocess.py:93} INFO - 	at org.apache.spark.sql.DataFrameReader.$anonfun$load$2(DataFrameReader.scala:211)
[2023-07-20T17:39:13.873+0530] {subprocess.py:93} INFO - 	at scala.Option.getOrElse(Option.scala:189)
[2023-07-20T17:39:13.873+0530] {subprocess.py:93} INFO - 	at org.apache.spark.sql.DataFrameReader.load(DataFrameReader.scala:211)
[2023-07-20T17:39:13.874+0530] {subprocess.py:93} INFO - 	at org.apache.spark.sql.DataFrameReader.load(DataFrameReader.scala:172)
[2023-07-20T17:39:13.874+0530] {subprocess.py:93} INFO - 	at org.apache.spark.sql.DataFrameReader.jdbc(DataFrameReader.scala:249)
[2023-07-20T17:39:13.874+0530] {subprocess.py:93} INFO - 	at java.base/jdk.internal.reflect.NativeMethodAccessorImpl.invoke0(Native Method)
[2023-07-20T17:39:13.874+0530] {subprocess.py:93} INFO - 	at java.base/jdk.internal.reflect.NativeMethodAccessorImpl.invoke(NativeMethodAccessorImpl.java:62)
[2023-07-20T17:39:13.874+0530] {subprocess.py:93} INFO - 	at java.base/jdk.internal.reflect.DelegatingMethodAccessorImpl.invoke(DelegatingMethodAccessorImpl.java:43)
[2023-07-20T17:39:13.874+0530] {subprocess.py:93} INFO - 	at java.base/java.lang.reflect.Method.invoke(Method.java:566)
[2023-07-20T17:39:13.874+0530] {subprocess.py:93} INFO - 	at py4j.reflection.MethodInvoker.invoke(MethodInvoker.java:244)
[2023-07-20T17:39:13.874+0530] {subprocess.py:93} INFO - 	at py4j.reflection.ReflectionEngine.invoke(ReflectionEngine.java:374)
[2023-07-20T17:39:13.875+0530] {subprocess.py:93} INFO - 	at py4j.Gateway.invoke(Gateway.java:282)
[2023-07-20T17:39:13.875+0530] {subprocess.py:93} INFO - 	at py4j.commands.AbstractCommand.invokeMethod(AbstractCommand.java:132)
[2023-07-20T17:39:13.875+0530] {subprocess.py:93} INFO - 	at py4j.commands.CallCommand.execute(CallCommand.java:79)
[2023-07-20T17:39:13.875+0530] {subprocess.py:93} INFO - 	at py4j.ClientServerConnection.waitForCommands(ClientServerConnection.java:182)
[2023-07-20T17:39:13.875+0530] {subprocess.py:93} INFO - 	at py4j.ClientServerConnection.run(ClientServerConnection.java:106)
[2023-07-20T17:39:13.875+0530] {subprocess.py:93} INFO - 	at java.base/java.lang.Thread.run(Thread.java:829)
[2023-07-20T17:39:13.875+0530] {subprocess.py:93} INFO - 
[2023-07-20T17:39:13.914+0530] {subprocess.py:93} INFO - 23/07/20 17:39:13 INFO SparkContext: Invoking stop() from shutdown hook
[2023-07-20T17:39:13.914+0530] {subprocess.py:93} INFO - 23/07/20 17:39:13 INFO SparkContext: SparkContext is stopping with exitCode 0.
[2023-07-20T17:39:13.933+0530] {subprocess.py:93} INFO - 23/07/20 17:39:13 INFO SparkUI: Stopped Spark web UI at http://10.0.28.108:4040
[2023-07-20T17:39:13.955+0530] {subprocess.py:93} INFO - 23/07/20 17:39:13 INFO MapOutputTrackerMasterEndpoint: MapOutputTrackerMasterEndpoint stopped!
[2023-07-20T17:39:13.974+0530] {subprocess.py:93} INFO - 23/07/20 17:39:13 INFO MemoryStore: MemoryStore cleared
[2023-07-20T17:39:13.975+0530] {subprocess.py:93} INFO - 23/07/20 17:39:13 INFO BlockManager: BlockManager stopped
[2023-07-20T17:39:13.984+0530] {subprocess.py:93} INFO - 23/07/20 17:39:13 INFO BlockManagerMaster: BlockManagerMaster stopped
[2023-07-20T17:39:13.988+0530] {subprocess.py:93} INFO - 23/07/20 17:39:13 INFO OutputCommitCoordinator$OutputCommitCoordinatorEndpoint: OutputCommitCoordinator stopped!
[2023-07-20T17:39:13.996+0530] {subprocess.py:93} INFO - 23/07/20 17:39:13 INFO SparkContext: Successfully stopped SparkContext
[2023-07-20T17:39:13.997+0530] {subprocess.py:93} INFO - 23/07/20 17:39:13 INFO ShutdownHookManager: Shutdown hook called
[2023-07-20T17:39:13.999+0530] {subprocess.py:93} INFO - 23/07/20 17:39:13 INFO ShutdownHookManager: Deleting directory /tmp/spark-71ad4ed1-1a41-4257-9e66-b8a1bcb9326f
[2023-07-20T17:39:14.002+0530] {subprocess.py:93} INFO - 23/07/20 17:39:14 INFO ShutdownHookManager: Deleting directory /tmp/spark-44cf2776-2181-4126-9232-9dfd007c9154
[2023-07-20T17:39:14.005+0530] {subprocess.py:93} INFO - 23/07/20 17:39:14 INFO ShutdownHookManager: Deleting directory /tmp/spark-44cf2776-2181-4126-9232-9dfd007c9154/pyspark-4559c841-4657-4f5e-8589-e35c0182c087
[2023-07-20T17:39:14.105+0530] {subprocess.py:97} INFO - Command exited with return code 1
[2023-07-20T17:39:14.113+0530] {taskinstance.py:1824} ERROR - Task failed with exception
Traceback (most recent call last):
  File "/home/neosoft/airflow/py_env/lib/python3.8/site-packages/airflow/operators/bash.py", line 210, in execute
    raise AirflowException(
airflow.exceptions.AirflowException: Bash command failed. The command returned a non-zero exit code 1.
[2023-07-20T17:39:14.115+0530] {taskinstance.py:1345} INFO - Marking task as FAILED. dag_id=A, task_id=run_spark, execution_date=20230719T110000, start_date=20230720T120907, end_date=20230720T120914
[2023-07-20T17:39:14.144+0530] {standard_task_runner.py:104} ERROR - Failed to execute job 446 for task run_spark (Bash command failed. The command returned a non-zero exit code 1.; 274497)
[2023-07-20T17:39:14.173+0530] {local_task_job_runner.py:225} INFO - Task exited with return code 1
[2023-07-20T17:39:14.194+0530] {taskinstance.py:2653} INFO - 0 downstream tasks scheduled from follow-on schedule check
