[2023-07-04T12:36:33.613+0530] {taskinstance.py:1103} INFO - Dependencies all met for dep_context=non-requeueable deps ti=<TaskInstance: A.run_spark scheduled__2023-06-06T11:00:00+00:00 [queued]>
[2023-07-04T12:36:33.625+0530] {taskinstance.py:1103} INFO - Dependencies all met for dep_context=requeueable deps ti=<TaskInstance: A.run_spark scheduled__2023-06-06T11:00:00+00:00 [queued]>
[2023-07-04T12:36:33.626+0530] {taskinstance.py:1308} INFO - Starting attempt 1 of 3
[2023-07-04T12:36:33.659+0530] {taskinstance.py:1327} INFO - Executing <Task(BashOperator): run_spark> on 2023-06-06 11:00:00+00:00
[2023-07-04T12:36:33.663+0530] {standard_task_runner.py:57} INFO - Started process 109811 to run task
[2023-07-04T12:36:33.668+0530] {standard_task_runner.py:84} INFO - Running: ['airflow', 'tasks', 'run', 'A', 'run_spark', 'scheduled__2023-06-06T11:00:00+00:00', '--job-id', '171', '--raw', '--subdir', 'DAGS_FOLDER/assignment21.py', '--cfg-path', '/tmp/tmph4m2pd7y']
[2023-07-04T12:36:33.669+0530] {standard_task_runner.py:85} INFO - Job 171: Subtask run_spark
[2023-07-04T12:36:33.725+0530] {task_command.py:410} INFO - Running <TaskInstance: A.run_spark scheduled__2023-06-06T11:00:00+00:00 [running]> on host neosoft-Latitude-E5270
[2023-07-04T12:36:33.798+0530] {taskinstance.py:1545} INFO - Exporting env vars: AIRFLOW_CTX_DAG_OWNER='Nikita' AIRFLOW_CTX_DAG_ID='A' AIRFLOW_CTX_TASK_ID='run_spark' AIRFLOW_CTX_EXECUTION_DATE='2023-06-06T11:00:00+00:00' AIRFLOW_CTX_TRY_NUMBER='1' AIRFLOW_CTX_DAG_RUN_ID='scheduled__2023-06-06T11:00:00+00:00'
[2023-07-04T12:36:33.800+0530] {subprocess.py:63} INFO - Tmp dir root location: /tmp
[2023-07-04T12:36:33.800+0530] {subprocess.py:75} INFO - Running command: ['/usr/bin/bash', '-c', 'spark-submit --master local /home/neosoft/airflow/Assignment_airflow/pyspark1.py']
[2023-07-04T12:36:33.807+0530] {subprocess.py:86} INFO - Output:
[2023-07-04T12:36:36.382+0530] {subprocess.py:93} INFO - 23/07/04 12:36:36 WARN Utils: Your hostname, neosoft-Latitude-E5270 resolves to a loopback address: 127.0.1.1; using 10.0.29.173 instead (on interface enp0s31f6)
[2023-07-04T12:36:36.388+0530] {subprocess.py:93} INFO - 23/07/04 12:36:36 WARN Utils: Set SPARK_LOCAL_IP if you need to bind to another address
[2023-07-04T12:36:37.651+0530] {subprocess.py:93} INFO - 23/07/04 12:36:37 INFO SparkContext: Running Spark version 3.4.0
[2023-07-04T12:36:37.740+0530] {subprocess.py:93} INFO - 23/07/04 12:36:37 WARN NativeCodeLoader: Unable to load native-hadoop library for your platform... using builtin-java classes where applicable
[2023-07-04T12:36:37.892+0530] {subprocess.py:93} INFO - 23/07/04 12:36:37 INFO ResourceUtils: ==============================================================
[2023-07-04T12:36:37.893+0530] {subprocess.py:93} INFO - 23/07/04 12:36:37 INFO ResourceUtils: No custom resources configured for spark.driver.
[2023-07-04T12:36:37.894+0530] {subprocess.py:93} INFO - 23/07/04 12:36:37 INFO ResourceUtils: ==============================================================
[2023-07-04T12:36:37.896+0530] {subprocess.py:93} INFO - 23/07/04 12:36:37 INFO SparkContext: Submitted application: pyspark1.py
[2023-07-04T12:36:37.931+0530] {subprocess.py:93} INFO - 23/07/04 12:36:37 INFO ResourceProfile: Default ResourceProfile created, executor resources: Map(cores -> name: cores, amount: 1, script: , vendor: , memory -> name: memory, amount: 1024, script: , vendor: , offHeap -> name: offHeap, amount: 0, script: , vendor: ), task resources: Map(cpus -> name: cpus, amount: 1.0)
[2023-07-04T12:36:37.947+0530] {subprocess.py:93} INFO - 23/07/04 12:36:37 INFO ResourceProfile: Limiting resource is cpu
[2023-07-04T12:36:37.948+0530] {subprocess.py:93} INFO - 23/07/04 12:36:37 INFO ResourceProfileManager: Added ResourceProfile id: 0
[2023-07-04T12:36:38.018+0530] {subprocess.py:93} INFO - 23/07/04 12:36:38 INFO SecurityManager: Changing view acls to: neosoft
[2023-07-04T12:36:38.019+0530] {subprocess.py:93} INFO - 23/07/04 12:36:38 INFO SecurityManager: Changing modify acls to: neosoft
[2023-07-04T12:36:38.020+0530] {subprocess.py:93} INFO - 23/07/04 12:36:38 INFO SecurityManager: Changing view acls groups to:
[2023-07-04T12:36:38.021+0530] {subprocess.py:93} INFO - 23/07/04 12:36:38 INFO SecurityManager: Changing modify acls groups to:
[2023-07-04T12:36:38.022+0530] {subprocess.py:93} INFO - 23/07/04 12:36:38 INFO SecurityManager: SecurityManager: authentication disabled; ui acls disabled; users with view permissions: neosoft; groups with view permissions: EMPTY; users with modify permissions: neosoft; groups with modify permissions: EMPTY
[2023-07-04T12:36:38.484+0530] {subprocess.py:93} INFO - 23/07/04 12:36:38 INFO Utils: Successfully started service 'sparkDriver' on port 36655.
[2023-07-04T12:36:38.530+0530] {subprocess.py:93} INFO - 23/07/04 12:36:38 INFO SparkEnv: Registering MapOutputTracker
[2023-07-04T12:36:38.574+0530] {subprocess.py:93} INFO - 23/07/04 12:36:38 INFO SparkEnv: Registering BlockManagerMaster
[2023-07-04T12:36:38.612+0530] {subprocess.py:93} INFO - 23/07/04 12:36:38 INFO BlockManagerMasterEndpoint: Using org.apache.spark.storage.DefaultTopologyMapper for getting topology information
[2023-07-04T12:36:38.614+0530] {subprocess.py:93} INFO - 23/07/04 12:36:38 INFO BlockManagerMasterEndpoint: BlockManagerMasterEndpoint up
[2023-07-04T12:36:38.624+0530] {subprocess.py:93} INFO - 23/07/04 12:36:38 INFO SparkEnv: Registering BlockManagerMasterHeartbeat
[2023-07-04T12:36:38.667+0530] {subprocess.py:93} INFO - 23/07/04 12:36:38 INFO DiskBlockManager: Created local directory at /tmp/blockmgr-6ac003c2-17ed-4552-aa8f-48bf9ee3c91e
[2023-07-04T12:36:38.699+0530] {subprocess.py:93} INFO - 23/07/04 12:36:38 INFO MemoryStore: MemoryStore started with capacity 434.4 MiB
[2023-07-04T12:36:38.728+0530] {subprocess.py:93} INFO - 23/07/04 12:36:38 INFO SparkEnv: Registering OutputCommitCoordinator
[2023-07-04T12:36:38.923+0530] {subprocess.py:93} INFO - 23/07/04 12:36:38 INFO JettyUtils: Start Jetty 0.0.0.0:4040 for SparkUI
[2023-07-04T12:36:38.989+0530] {subprocess.py:93} INFO - 23/07/04 12:36:38 INFO Utils: Successfully started service 'SparkUI' on port 4040.
[2023-07-04T12:36:39.130+0530] {subprocess.py:93} INFO - 23/07/04 12:36:39 INFO Executor: Starting executor ID driver on host 10.0.29.173
[2023-07-04T12:36:39.139+0530] {subprocess.py:93} INFO - 23/07/04 12:36:39 INFO Executor: Starting executor with user classpath (userClassPathFirst = false): ''
[2023-07-04T12:36:39.168+0530] {subprocess.py:93} INFO - 23/07/04 12:36:39 INFO Utils: Successfully started service 'org.apache.spark.network.netty.NettyBlockTransferService' on port 34859.
[2023-07-04T12:36:39.168+0530] {subprocess.py:93} INFO - 23/07/04 12:36:39 INFO NettyBlockTransferService: Server created on 10.0.29.173:34859
[2023-07-04T12:36:39.171+0530] {subprocess.py:93} INFO - 23/07/04 12:36:39 INFO BlockManager: Using org.apache.spark.storage.RandomBlockReplicationPolicy for block replication policy
[2023-07-04T12:36:39.180+0530] {subprocess.py:93} INFO - 23/07/04 12:36:39 INFO BlockManagerMaster: Registering BlockManager BlockManagerId(driver, 10.0.29.173, 34859, None)
[2023-07-04T12:36:39.184+0530] {subprocess.py:93} INFO - 23/07/04 12:36:39 INFO BlockManagerMasterEndpoint: Registering block manager 10.0.29.173:34859 with 434.4 MiB RAM, BlockManagerId(driver, 10.0.29.173, 34859, None)
[2023-07-04T12:36:39.188+0530] {subprocess.py:93} INFO - 23/07/04 12:36:39 INFO BlockManagerMaster: Registered BlockManager BlockManagerId(driver, 10.0.29.173, 34859, None)
[2023-07-04T12:36:39.189+0530] {subprocess.py:93} INFO - 23/07/04 12:36:39 INFO BlockManager: Initialized BlockManager: BlockManagerId(driver, 10.0.29.173, 34859, None)
[2023-07-04T12:36:39.715+0530] {subprocess.py:93} INFO - 23/07/04 12:36:39 INFO SharedState: Setting hive.metastore.warehouse.dir ('null') to the value of spark.sql.warehouse.dir.
[2023-07-04T12:36:39.723+0530] {subprocess.py:93} INFO - 23/07/04 12:36:39 INFO SharedState: Warehouse path is 'file:/tmp/airflowtmpfpbjtf2_/spark-warehouse'.
[2023-07-04T12:36:40.918+0530] {subprocess.py:93} INFO - Traceback (most recent call last):
[2023-07-04T12:36:40.918+0530] {subprocess.py:93} INFO -   File "/home/neosoft/airflow/Assignment_airflow/pyspark1.py", line 19, in <module>
[2023-07-04T12:36:40.918+0530] {subprocess.py:93} INFO -     df = spark.read.jdbc(jdbc_url, table_name, properties=properties)
[2023-07-04T12:36:40.918+0530] {subprocess.py:93} INFO -   File "/opt/spark/spark-3.4.0-bin-hadoop3/python/lib/pyspark.zip/pyspark/sql/readwriter.py", line 927, in jdbc
[2023-07-04T12:36:40.918+0530] {subprocess.py:93} INFO -   File "/opt/spark/spark-3.4.0-bin-hadoop3/python/lib/py4j-0.10.9.7-src.zip/py4j/java_gateway.py", line 1322, in __call__
[2023-07-04T12:36:40.919+0530] {subprocess.py:93} INFO -   File "/opt/spark/spark-3.4.0-bin-hadoop3/python/lib/pyspark.zip/pyspark/errors/exceptions/captured.py", line 169, in deco
[2023-07-04T12:36:40.919+0530] {subprocess.py:93} INFO -   File "/opt/spark/spark-3.4.0-bin-hadoop3/python/lib/py4j-0.10.9.7-src.zip/py4j/protocol.py", line 326, in get_return_value
[2023-07-04T12:36:40.919+0530] {subprocess.py:93} INFO - py4j.protocol.Py4JJavaError: An error occurred while calling o25.jdbc.
[2023-07-04T12:36:40.919+0530] {subprocess.py:93} INFO - : java.lang.ClassNotFoundException: com.mysql.cj.jdbc.Driver
[2023-07-04T12:36:40.919+0530] {subprocess.py:93} INFO - 	at java.base/java.net.URLClassLoader.findClass(URLClassLoader.java:476)
[2023-07-04T12:36:40.919+0530] {subprocess.py:93} INFO - 	at java.base/java.lang.ClassLoader.loadClass(ClassLoader.java:589)
[2023-07-04T12:36:40.919+0530] {subprocess.py:93} INFO - 	at java.base/java.lang.ClassLoader.loadClass(ClassLoader.java:522)
[2023-07-04T12:36:40.920+0530] {subprocess.py:93} INFO - 	at org.apache.spark.sql.execution.datasources.jdbc.DriverRegistry$.register(DriverRegistry.scala:46)
[2023-07-04T12:36:40.920+0530] {subprocess.py:93} INFO - 	at org.apache.spark.sql.execution.datasources.jdbc.JDBCOptions.$anonfun$driverClass$1(JDBCOptions.scala:103)
[2023-07-04T12:36:40.920+0530] {subprocess.py:93} INFO - 	at org.apache.spark.sql.execution.datasources.jdbc.JDBCOptions.$anonfun$driverClass$1$adapted(JDBCOptions.scala:103)
[2023-07-04T12:36:40.920+0530] {subprocess.py:93} INFO - 	at scala.Option.foreach(Option.scala:407)
[2023-07-04T12:36:40.920+0530] {subprocess.py:93} INFO - 	at org.apache.spark.sql.execution.datasources.jdbc.JDBCOptions.<init>(JDBCOptions.scala:103)
[2023-07-04T12:36:40.920+0530] {subprocess.py:93} INFO - 	at org.apache.spark.sql.execution.datasources.jdbc.JDBCOptions.<init>(JDBCOptions.scala:41)
[2023-07-04T12:36:40.920+0530] {subprocess.py:93} INFO - 	at org.apache.spark.sql.execution.datasources.jdbc.JdbcRelationProvider.createRelation(JdbcRelationProvider.scala:34)
[2023-07-04T12:36:40.920+0530] {subprocess.py:93} INFO - 	at org.apache.spark.sql.execution.datasources.DataSource.resolveRelation(DataSource.scala:346)
[2023-07-04T12:36:40.920+0530] {subprocess.py:93} INFO - 	at org.apache.spark.sql.DataFrameReader.loadV1Source(DataFrameReader.scala:229)
[2023-07-04T12:36:40.921+0530] {subprocess.py:93} INFO - 	at org.apache.spark.sql.DataFrameReader.$anonfun$load$2(DataFrameReader.scala:211)
[2023-07-04T12:36:40.921+0530] {subprocess.py:93} INFO - 	at scala.Option.getOrElse(Option.scala:189)
[2023-07-04T12:36:40.921+0530] {subprocess.py:93} INFO - 	at org.apache.spark.sql.DataFrameReader.load(DataFrameReader.scala:211)
[2023-07-04T12:36:40.921+0530] {subprocess.py:93} INFO - 	at org.apache.spark.sql.DataFrameReader.load(DataFrameReader.scala:172)
[2023-07-04T12:36:40.921+0530] {subprocess.py:93} INFO - 	at org.apache.spark.sql.DataFrameReader.jdbc(DataFrameReader.scala:249)
[2023-07-04T12:36:40.921+0530] {subprocess.py:93} INFO - 	at java.base/jdk.internal.reflect.NativeMethodAccessorImpl.invoke0(Native Method)
[2023-07-04T12:36:40.921+0530] {subprocess.py:93} INFO - 	at java.base/jdk.internal.reflect.NativeMethodAccessorImpl.invoke(NativeMethodAccessorImpl.java:62)
[2023-07-04T12:36:40.921+0530] {subprocess.py:93} INFO - 	at java.base/jdk.internal.reflect.DelegatingMethodAccessorImpl.invoke(DelegatingMethodAccessorImpl.java:43)
[2023-07-04T12:36:40.921+0530] {subprocess.py:93} INFO - 	at java.base/java.lang.reflect.Method.invoke(Method.java:566)
[2023-07-04T12:36:40.921+0530] {subprocess.py:93} INFO - 	at py4j.reflection.MethodInvoker.invoke(MethodInvoker.java:244)
[2023-07-04T12:36:40.922+0530] {subprocess.py:93} INFO - 	at py4j.reflection.ReflectionEngine.invoke(ReflectionEngine.java:374)
[2023-07-04T12:36:40.922+0530] {subprocess.py:93} INFO - 	at py4j.Gateway.invoke(Gateway.java:282)
[2023-07-04T12:36:40.922+0530] {subprocess.py:93} INFO - 	at py4j.commands.AbstractCommand.invokeMethod(AbstractCommand.java:132)
[2023-07-04T12:36:40.922+0530] {subprocess.py:93} INFO - 	at py4j.commands.CallCommand.execute(CallCommand.java:79)
[2023-07-04T12:36:40.922+0530] {subprocess.py:93} INFO - 	at py4j.ClientServerConnection.waitForCommands(ClientServerConnection.java:182)
[2023-07-04T12:36:40.922+0530] {subprocess.py:93} INFO - 	at py4j.ClientServerConnection.run(ClientServerConnection.java:106)
[2023-07-04T12:36:40.922+0530] {subprocess.py:93} INFO - 	at java.base/java.lang.Thread.run(Thread.java:829)
[2023-07-04T12:36:40.922+0530] {subprocess.py:93} INFO - 
[2023-07-04T12:36:40.958+0530] {subprocess.py:93} INFO - 23/07/04 12:36:40 INFO SparkContext: Invoking stop() from shutdown hook
[2023-07-04T12:36:40.959+0530] {subprocess.py:93} INFO - 23/07/04 12:36:40 INFO SparkContext: SparkContext is stopping with exitCode 0.
[2023-07-04T12:36:40.978+0530] {subprocess.py:93} INFO - 23/07/04 12:36:40 INFO SparkUI: Stopped Spark web UI at http://10.0.29.173:4040
[2023-07-04T12:36:41.003+0530] {subprocess.py:93} INFO - 23/07/04 12:36:41 INFO MapOutputTrackerMasterEndpoint: MapOutputTrackerMasterEndpoint stopped!
[2023-07-04T12:36:41.014+0530] {subprocess.py:93} INFO - 23/07/04 12:36:41 INFO MemoryStore: MemoryStore cleared
[2023-07-04T12:36:41.015+0530] {subprocess.py:93} INFO - 23/07/04 12:36:41 INFO BlockManager: BlockManager stopped
[2023-07-04T12:36:41.023+0530] {subprocess.py:93} INFO - 23/07/04 12:36:41 INFO BlockManagerMaster: BlockManagerMaster stopped
[2023-07-04T12:36:41.027+0530] {subprocess.py:93} INFO - 23/07/04 12:36:41 INFO OutputCommitCoordinator$OutputCommitCoordinatorEndpoint: OutputCommitCoordinator stopped!
[2023-07-04T12:36:41.033+0530] {subprocess.py:93} INFO - 23/07/04 12:36:41 INFO SparkContext: Successfully stopped SparkContext
[2023-07-04T12:36:41.034+0530] {subprocess.py:93} INFO - 23/07/04 12:36:41 INFO ShutdownHookManager: Shutdown hook called
[2023-07-04T12:36:41.035+0530] {subprocess.py:93} INFO - 23/07/04 12:36:41 INFO ShutdownHookManager: Deleting directory /tmp/spark-2590c5a9-5548-48ac-a604-27c408fac3ac/pyspark-7d0ab71e-255d-430d-bd38-0b9718ed529c
[2023-07-04T12:36:41.037+0530] {subprocess.py:93} INFO - 23/07/04 12:36:41 INFO ShutdownHookManager: Deleting directory /tmp/spark-2590c5a9-5548-48ac-a604-27c408fac3ac
[2023-07-04T12:36:41.040+0530] {subprocess.py:93} INFO - 23/07/04 12:36:41 INFO ShutdownHookManager: Deleting directory /tmp/spark-1adfef40-8064-4fbf-a468-a6b6f2dcfeb6
[2023-07-04T12:36:41.118+0530] {subprocess.py:97} INFO - Command exited with return code 1
[2023-07-04T12:36:41.126+0530] {taskinstance.py:1824} ERROR - Task failed with exception
Traceback (most recent call last):
  File "/home/neosoft/airflow/py_env/lib/python3.8/site-packages/airflow/operators/bash.py", line 210, in execute
    raise AirflowException(
airflow.exceptions.AirflowException: Bash command failed. The command returned a non-zero exit code 1.
[2023-07-04T12:36:41.130+0530] {taskinstance.py:1345} INFO - Marking task as UP_FOR_RETRY. dag_id=A, task_id=run_spark, execution_date=20230606T110000, start_date=20230704T070633, end_date=20230704T070641
[2023-07-04T12:36:41.171+0530] {standard_task_runner.py:104} ERROR - Failed to execute job 171 for task run_spark (Bash command failed. The command returned a non-zero exit code 1.; 109811)
[2023-07-04T12:36:41.183+0530] {local_task_job_runner.py:225} INFO - Task exited with return code 1
[2023-07-04T12:36:41.213+0530] {taskinstance.py:2653} INFO - 0 downstream tasks scheduled from follow-on schedule check
