[2023-07-20T16:11:06.927+0530] {taskinstance.py:1103} INFO - Dependencies all met for dep_context=non-requeueable deps ti=<TaskInstance: A.run_spark scheduled__2023-07-18T11:00:00+00:00 [queued]>
[2023-07-20T16:11:06.936+0530] {taskinstance.py:1103} INFO - Dependencies all met for dep_context=requeueable deps ti=<TaskInstance: A.run_spark scheduled__2023-07-18T11:00:00+00:00 [queued]>
[2023-07-20T16:11:06.936+0530] {taskinstance.py:1308} INFO - Starting attempt 9 of 11
[2023-07-20T16:11:06.964+0530] {taskinstance.py:1327} INFO - Executing <Task(BashOperator): run_spark> on 2023-07-18 11:00:00+00:00
[2023-07-20T16:11:06.968+0530] {standard_task_runner.py:57} INFO - Started process 244865 to run task
[2023-07-20T16:11:06.972+0530] {standard_task_runner.py:84} INFO - Running: ['airflow', 'tasks', 'run', 'A', 'run_spark', 'scheduled__2023-07-18T11:00:00+00:00', '--job-id', '437', '--raw', '--subdir', 'DAGS_FOLDER/assignment21.py', '--cfg-path', '/tmp/tmpzgm__l0_']
[2023-07-20T16:11:06.972+0530] {standard_task_runner.py:85} INFO - Job 437: Subtask run_spark
[2023-07-20T16:11:07.064+0530] {task_command.py:410} INFO - Running <TaskInstance: A.run_spark scheduled__2023-07-18T11:00:00+00:00 [running]> on host neosoft-Latitude-E5270
[2023-07-20T16:11:07.191+0530] {taskinstance.py:1545} INFO - Exporting env vars: AIRFLOW_CTX_DAG_OWNER='Nikita' AIRFLOW_CTX_DAG_ID='A' AIRFLOW_CTX_TASK_ID='run_spark' AIRFLOW_CTX_EXECUTION_DATE='2023-07-18T11:00:00+00:00' AIRFLOW_CTX_TRY_NUMBER='9' AIRFLOW_CTX_DAG_RUN_ID='scheduled__2023-07-18T11:00:00+00:00'
[2023-07-20T16:11:07.193+0530] {subprocess.py:63} INFO - Tmp dir root location: /tmp
[2023-07-20T16:11:07.193+0530] {subprocess.py:75} INFO - Running command: ['/usr/bin/bash', '-c', 'spark-submit --master local[*] /home/neosoft/airflow/dags/pyspark1.py']
[2023-07-20T16:11:07.201+0530] {subprocess.py:86} INFO - Output:
[2023-07-20T16:11:09.524+0530] {subprocess.py:93} INFO - 23/07/20 16:11:09 WARN Utils: Your hostname, neosoft-Latitude-E5270 resolves to a loopback address: 127.0.1.1; using 10.0.28.108 instead (on interface enp0s31f6)
[2023-07-20T16:11:09.530+0530] {subprocess.py:93} INFO - 23/07/20 16:11:09 WARN Utils: Set SPARK_LOCAL_IP if you need to bind to another address
[2023-07-20T16:11:10.225+0530] {subprocess.py:93} INFO - python3: can't open file '/home/neosoft/airflow/dags/pyspark1.py': [Errno 2] No such file or directory
[2023-07-20T16:11:10.236+0530] {subprocess.py:93} INFO - 23/07/20 16:11:10 INFO ShutdownHookManager: Shutdown hook called
[2023-07-20T16:11:10.238+0530] {subprocess.py:93} INFO - 23/07/20 16:11:10 INFO ShutdownHookManager: Deleting directory /tmp/spark-ad036c33-0e71-42df-9d13-72fc7aa91374
[2023-07-20T16:11:10.284+0530] {subprocess.py:97} INFO - Command exited with return code 2
[2023-07-20T16:11:10.297+0530] {taskinstance.py:1824} ERROR - Task failed with exception
Traceback (most recent call last):
  File "/home/neosoft/airflow/py_env/lib/python3.8/site-packages/airflow/operators/bash.py", line 210, in execute
    raise AirflowException(
airflow.exceptions.AirflowException: Bash command failed. The command returned a non-zero exit code 2.
[2023-07-20T16:11:10.301+0530] {taskinstance.py:1345} INFO - Marking task as UP_FOR_RETRY. dag_id=A, task_id=run_spark, execution_date=20230718T110000, start_date=20230720T104106, end_date=20230720T104110
[2023-07-20T16:11:10.346+0530] {standard_task_runner.py:104} ERROR - Failed to execute job 437 for task run_spark (Bash command failed. The command returned a non-zero exit code 2.; 244865)
[2023-07-20T16:11:10.393+0530] {local_task_job_runner.py:225} INFO - Task exited with return code 1
[2023-07-20T16:11:10.425+0530] {taskinstance.py:2653} INFO - 0 downstream tasks scheduled from follow-on schedule check
