[2023-07-20T15:58:22.424+0530] {taskinstance.py:1103} INFO - Dependencies all met for dep_context=non-requeueable deps ti=<TaskInstance: A.run_spark scheduled__2023-07-18T11:00:00+00:00 [queued]>
[2023-07-20T15:58:22.430+0530] {taskinstance.py:1103} INFO - Dependencies all met for dep_context=requeueable deps ti=<TaskInstance: A.run_spark scheduled__2023-07-18T11:00:00+00:00 [queued]>
[2023-07-20T15:58:22.430+0530] {taskinstance.py:1308} INFO - Starting attempt 7 of 9
[2023-07-20T15:58:22.459+0530] {taskinstance.py:1327} INFO - Executing <Task(BashOperator): run_spark> on 2023-07-18 11:00:00+00:00
[2023-07-20T15:58:22.462+0530] {standard_task_runner.py:57} INFO - Started process 233220 to run task
[2023-07-20T15:58:22.465+0530] {standard_task_runner.py:84} INFO - Running: ['airflow', 'tasks', 'run', 'A', 'run_spark', 'scheduled__2023-07-18T11:00:00+00:00', '--job-id', '434', '--raw', '--subdir', 'DAGS_FOLDER/assignment21.py', '--cfg-path', '/tmp/tmpbkwpvra8']
[2023-07-20T15:58:22.466+0530] {standard_task_runner.py:85} INFO - Job 434: Subtask run_spark
[2023-07-20T15:58:22.541+0530] {task_command.py:410} INFO - Running <TaskInstance: A.run_spark scheduled__2023-07-18T11:00:00+00:00 [running]> on host neosoft-Latitude-E5270
[2023-07-20T15:58:22.620+0530] {taskinstance.py:1545} INFO - Exporting env vars: AIRFLOW_CTX_DAG_OWNER='Nikita' AIRFLOW_CTX_DAG_ID='A' AIRFLOW_CTX_TASK_ID='run_spark' AIRFLOW_CTX_EXECUTION_DATE='2023-07-18T11:00:00+00:00' AIRFLOW_CTX_TRY_NUMBER='7' AIRFLOW_CTX_DAG_RUN_ID='scheduled__2023-07-18T11:00:00+00:00'
[2023-07-20T15:58:22.622+0530] {subprocess.py:63} INFO - Tmp dir root location: /tmp
[2023-07-20T15:58:22.622+0530] {subprocess.py:75} INFO - Running command: ['/usr/bin/bash', '-c', 'spark-submit --master local[*] /home/neosoft/airflow/dags/pyspark1.py']
[2023-07-20T15:58:22.629+0530] {subprocess.py:86} INFO - Output:
[2023-07-20T15:58:25.604+0530] {subprocess.py:93} INFO - 23/07/20 15:58:25 WARN Utils: Your hostname, neosoft-Latitude-E5270 resolves to a loopback address: 127.0.1.1; using 10.0.28.108 instead (on interface enp0s31f6)
[2023-07-20T15:58:25.608+0530] {subprocess.py:93} INFO - 23/07/20 15:58:25 WARN Utils: Set SPARK_LOCAL_IP if you need to bind to another address
[2023-07-20T15:58:27.002+0530] {subprocess.py:93} INFO - 23/07/20 15:58:27 INFO SparkContext: Running Spark version 3.4.0
[2023-07-20T15:58:27.094+0530] {subprocess.py:93} INFO - 23/07/20 15:58:27 WARN NativeCodeLoader: Unable to load native-hadoop library for your platform... using builtin-java classes where applicable
[2023-07-20T15:58:27.221+0530] {subprocess.py:93} INFO - 23/07/20 15:58:27 INFO ResourceUtils: ==============================================================
[2023-07-20T15:58:27.222+0530] {subprocess.py:93} INFO - 23/07/20 15:58:27 INFO ResourceUtils: No custom resources configured for spark.driver.
[2023-07-20T15:58:27.222+0530] {subprocess.py:93} INFO - 23/07/20 15:58:27 INFO ResourceUtils: ==============================================================
[2023-07-20T15:58:27.223+0530] {subprocess.py:93} INFO - 23/07/20 15:58:27 INFO SparkContext: Submitted application: pyspark1.py
[2023-07-20T15:58:27.255+0530] {subprocess.py:93} INFO - 23/07/20 15:58:27 INFO ResourceProfile: Default ResourceProfile created, executor resources: Map(cores -> name: cores, amount: 1, script: , vendor: , memory -> name: memory, amount: 1024, script: , vendor: , offHeap -> name: offHeap, amount: 0, script: , vendor: ), task resources: Map(cpus -> name: cpus, amount: 1.0)
[2023-07-20T15:58:27.274+0530] {subprocess.py:93} INFO - 23/07/20 15:58:27 INFO ResourceProfile: Limiting resource is cpu
[2023-07-20T15:58:27.275+0530] {subprocess.py:93} INFO - 23/07/20 15:58:27 INFO ResourceProfileManager: Added ResourceProfile id: 0
[2023-07-20T15:58:27.362+0530] {subprocess.py:93} INFO - 23/07/20 15:58:27 INFO SecurityManager: Changing view acls to: neosoft
[2023-07-20T15:58:27.363+0530] {subprocess.py:93} INFO - 23/07/20 15:58:27 INFO SecurityManager: Changing modify acls to: neosoft
[2023-07-20T15:58:27.364+0530] {subprocess.py:93} INFO - 23/07/20 15:58:27 INFO SecurityManager: Changing view acls groups to:
[2023-07-20T15:58:27.365+0530] {subprocess.py:93} INFO - 23/07/20 15:58:27 INFO SecurityManager: Changing modify acls groups to:
[2023-07-20T15:58:27.366+0530] {subprocess.py:93} INFO - 23/07/20 15:58:27 INFO SecurityManager: SecurityManager: authentication disabled; ui acls disabled; users with view permissions: neosoft; groups with view permissions: EMPTY; users with modify permissions: neosoft; groups with modify permissions: EMPTY
[2023-07-20T15:58:27.731+0530] {subprocess.py:93} INFO - 23/07/20 15:58:27 INFO Utils: Successfully started service 'sparkDriver' on port 42613.
[2023-07-20T15:58:27.763+0530] {subprocess.py:93} INFO - 23/07/20 15:58:27 INFO SparkEnv: Registering MapOutputTracker
[2023-07-20T15:58:27.817+0530] {subprocess.py:93} INFO - 23/07/20 15:58:27 INFO SparkEnv: Registering BlockManagerMaster
[2023-07-20T15:58:27.840+0530] {subprocess.py:93} INFO - 23/07/20 15:58:27 INFO BlockManagerMasterEndpoint: Using org.apache.spark.storage.DefaultTopologyMapper for getting topology information
[2023-07-20T15:58:27.841+0530] {subprocess.py:93} INFO - 23/07/20 15:58:27 INFO BlockManagerMasterEndpoint: BlockManagerMasterEndpoint up
[2023-07-20T15:58:27.845+0530] {subprocess.py:93} INFO - 23/07/20 15:58:27 INFO SparkEnv: Registering BlockManagerMasterHeartbeat
[2023-07-20T15:58:27.873+0530] {subprocess.py:93} INFO - 23/07/20 15:58:27 INFO DiskBlockManager: Created local directory at /tmp/blockmgr-336f96c5-0ee2-4d92-9f8c-2ea4794dc52f
[2023-07-20T15:58:27.900+0530] {subprocess.py:93} INFO - 23/07/20 15:58:27 INFO MemoryStore: MemoryStore started with capacity 434.4 MiB
[2023-07-20T15:58:27.918+0530] {subprocess.py:93} INFO - 23/07/20 15:58:27 INFO SparkEnv: Registering OutputCommitCoordinator
[2023-07-20T15:58:28.095+0530] {subprocess.py:93} INFO - 23/07/20 15:58:28 INFO JettyUtils: Start Jetty 0.0.0.0:4040 for SparkUI
[2023-07-20T15:58:28.186+0530] {subprocess.py:93} INFO - 23/07/20 15:58:28 INFO Utils: Successfully started service 'SparkUI' on port 4040.
[2023-07-20T15:58:28.308+0530] {subprocess.py:93} INFO - 23/07/20 15:58:28 INFO Executor: Starting executor ID driver on host 10.0.28.108
[2023-07-20T15:58:28.317+0530] {subprocess.py:93} INFO - 23/07/20 15:58:28 INFO Executor: Starting executor with user classpath (userClassPathFirst = false): ''
[2023-07-20T15:58:28.343+0530] {subprocess.py:93} INFO - 23/07/20 15:58:28 INFO Utils: Successfully started service 'org.apache.spark.network.netty.NettyBlockTransferService' on port 44637.
[2023-07-20T15:58:28.343+0530] {subprocess.py:93} INFO - 23/07/20 15:58:28 INFO NettyBlockTransferService: Server created on 10.0.28.108:44637
[2023-07-20T15:58:28.345+0530] {subprocess.py:93} INFO - 23/07/20 15:58:28 INFO BlockManager: Using org.apache.spark.storage.RandomBlockReplicationPolicy for block replication policy
[2023-07-20T15:58:28.356+0530] {subprocess.py:93} INFO - 23/07/20 15:58:28 INFO BlockManagerMaster: Registering BlockManager BlockManagerId(driver, 10.0.28.108, 44637, None)
[2023-07-20T15:58:28.362+0530] {subprocess.py:93} INFO - 23/07/20 15:58:28 INFO BlockManagerMasterEndpoint: Registering block manager 10.0.28.108:44637 with 434.4 MiB RAM, BlockManagerId(driver, 10.0.28.108, 44637, None)
[2023-07-20T15:58:28.368+0530] {subprocess.py:93} INFO - 23/07/20 15:58:28 INFO BlockManagerMaster: Registered BlockManager BlockManagerId(driver, 10.0.28.108, 44637, None)
[2023-07-20T15:58:28.370+0530] {subprocess.py:93} INFO - 23/07/20 15:58:28 INFO BlockManager: Initialized BlockManager: BlockManagerId(driver, 10.0.28.108, 44637, None)
[2023-07-20T15:58:29.106+0530] {subprocess.py:93} INFO - 23/07/20 15:58:29 INFO SharedState: Setting hive.metastore.warehouse.dir ('null') to the value of spark.sql.warehouse.dir.
[2023-07-20T15:58:29.116+0530] {subprocess.py:93} INFO - 23/07/20 15:58:29 INFO SharedState: Warehouse path is 'file:/tmp/airflowtmpfluc9i46/spark-warehouse'.
[2023-07-20T15:58:30.424+0530] {subprocess.py:93} INFO - Traceback (most recent call last):
[2023-07-20T15:58:30.425+0530] {subprocess.py:93} INFO -   File "/home/neosoft/airflow/dags/pyspark1.py", line 19, in <module>
[2023-07-20T15:58:30.425+0530] {subprocess.py:93} INFO -     df = spark.read.jdbc(jdbc_url, table_name, properties=properties)
[2023-07-20T15:58:30.425+0530] {subprocess.py:93} INFO -   File "/opt/spark/spark-3.4.0-bin-hadoop3/python/lib/pyspark.zip/pyspark/sql/readwriter.py", line 927, in jdbc
[2023-07-20T15:58:30.426+0530] {subprocess.py:93} INFO -   File "/opt/spark/spark-3.4.0-bin-hadoop3/python/lib/py4j-0.10.9.7-src.zip/py4j/java_gateway.py", line 1322, in __call__
[2023-07-20T15:58:30.426+0530] {subprocess.py:93} INFO -   File "/opt/spark/spark-3.4.0-bin-hadoop3/python/lib/pyspark.zip/pyspark/errors/exceptions/captured.py", line 169, in deco
[2023-07-20T15:58:30.426+0530] {subprocess.py:93} INFO -   File "/opt/spark/spark-3.4.0-bin-hadoop3/python/lib/py4j-0.10.9.7-src.zip/py4j/protocol.py", line 326, in get_return_value
[2023-07-20T15:58:30.427+0530] {subprocess.py:93} INFO - py4j.protocol.Py4JJavaError: An error occurred while calling o25.jdbc.
[2023-07-20T15:58:30.427+0530] {subprocess.py:93} INFO - : java.lang.ClassNotFoundException: com.mysql.cj.jdbc.Driver
[2023-07-20T15:58:30.428+0530] {subprocess.py:93} INFO - 	at java.base/java.net.URLClassLoader.findClass(URLClassLoader.java:476)
[2023-07-20T15:58:30.428+0530] {subprocess.py:93} INFO - 	at java.base/java.lang.ClassLoader.loadClass(ClassLoader.java:589)
[2023-07-20T15:58:30.428+0530] {subprocess.py:93} INFO - 	at java.base/java.lang.ClassLoader.loadClass(ClassLoader.java:522)
[2023-07-20T15:58:30.428+0530] {subprocess.py:93} INFO - 	at org.apache.spark.sql.execution.datasources.jdbc.DriverRegistry$.register(DriverRegistry.scala:46)
[2023-07-20T15:58:30.428+0530] {subprocess.py:93} INFO - 	at org.apache.spark.sql.execution.datasources.jdbc.JDBCOptions.$anonfun$driverClass$1(JDBCOptions.scala:103)
[2023-07-20T15:58:30.428+0530] {subprocess.py:93} INFO - 	at org.apache.spark.sql.execution.datasources.jdbc.JDBCOptions.$anonfun$driverClass$1$adapted(JDBCOptions.scala:103)
[2023-07-20T15:58:30.428+0530] {subprocess.py:93} INFO - 	at scala.Option.foreach(Option.scala:407)
[2023-07-20T15:58:30.428+0530] {subprocess.py:93} INFO - 	at org.apache.spark.sql.execution.datasources.jdbc.JDBCOptions.<init>(JDBCOptions.scala:103)
[2023-07-20T15:58:30.429+0530] {subprocess.py:93} INFO - 	at org.apache.spark.sql.execution.datasources.jdbc.JDBCOptions.<init>(JDBCOptions.scala:41)
[2023-07-20T15:58:30.429+0530] {subprocess.py:93} INFO - 	at org.apache.spark.sql.execution.datasources.jdbc.JdbcRelationProvider.createRelation(JdbcRelationProvider.scala:34)
[2023-07-20T15:58:30.429+0530] {subprocess.py:93} INFO - 	at org.apache.spark.sql.execution.datasources.DataSource.resolveRelation(DataSource.scala:346)
[2023-07-20T15:58:30.429+0530] {subprocess.py:93} INFO - 	at org.apache.spark.sql.DataFrameReader.loadV1Source(DataFrameReader.scala:229)
[2023-07-20T15:58:30.429+0530] {subprocess.py:93} INFO - 	at org.apache.spark.sql.DataFrameReader.$anonfun$load$2(DataFrameReader.scala:211)
[2023-07-20T15:58:30.429+0530] {subprocess.py:93} INFO - 	at scala.Option.getOrElse(Option.scala:189)
[2023-07-20T15:58:30.430+0530] {subprocess.py:93} INFO - 	at org.apache.spark.sql.DataFrameReader.load(DataFrameReader.scala:211)
[2023-07-20T15:58:30.430+0530] {subprocess.py:93} INFO - 	at org.apache.spark.sql.DataFrameReader.load(DataFrameReader.scala:172)
[2023-07-20T15:58:30.430+0530] {subprocess.py:93} INFO - 	at org.apache.spark.sql.DataFrameReader.jdbc(DataFrameReader.scala:249)
[2023-07-20T15:58:30.430+0530] {subprocess.py:93} INFO - 	at java.base/jdk.internal.reflect.NativeMethodAccessorImpl.invoke0(Native Method)
[2023-07-20T15:58:30.430+0530] {subprocess.py:93} INFO - 	at java.base/jdk.internal.reflect.NativeMethodAccessorImpl.invoke(NativeMethodAccessorImpl.java:62)
[2023-07-20T15:58:30.430+0530] {subprocess.py:93} INFO - 	at java.base/jdk.internal.reflect.DelegatingMethodAccessorImpl.invoke(DelegatingMethodAccessorImpl.java:43)
[2023-07-20T15:58:30.430+0530] {subprocess.py:93} INFO - 	at java.base/java.lang.reflect.Method.invoke(Method.java:566)
[2023-07-20T15:58:30.430+0530] {subprocess.py:93} INFO - 	at py4j.reflection.MethodInvoker.invoke(MethodInvoker.java:244)
[2023-07-20T15:58:30.431+0530] {subprocess.py:93} INFO - 	at py4j.reflection.ReflectionEngine.invoke(ReflectionEngine.java:374)
[2023-07-20T15:58:30.431+0530] {subprocess.py:93} INFO - 	at py4j.Gateway.invoke(Gateway.java:282)
[2023-07-20T15:58:30.431+0530] {subprocess.py:93} INFO - 	at py4j.commands.AbstractCommand.invokeMethod(AbstractCommand.java:132)
[2023-07-20T15:58:30.431+0530] {subprocess.py:93} INFO - 	at py4j.commands.CallCommand.execute(CallCommand.java:79)
[2023-07-20T15:58:30.431+0530] {subprocess.py:93} INFO - 	at py4j.ClientServerConnection.waitForCommands(ClientServerConnection.java:182)
[2023-07-20T15:58:30.431+0530] {subprocess.py:93} INFO - 	at py4j.ClientServerConnection.run(ClientServerConnection.java:106)
[2023-07-20T15:58:30.431+0530] {subprocess.py:93} INFO - 	at java.base/java.lang.Thread.run(Thread.java:829)
[2023-07-20T15:58:30.431+0530] {subprocess.py:93} INFO - 
[2023-07-20T15:58:30.473+0530] {subprocess.py:93} INFO - 23/07/20 15:58:30 INFO SparkContext: Invoking stop() from shutdown hook
[2023-07-20T15:58:30.474+0530] {subprocess.py:93} INFO - 23/07/20 15:58:30 INFO SparkContext: SparkContext is stopping with exitCode 0.
[2023-07-20T15:58:30.488+0530] {subprocess.py:93} INFO - 23/07/20 15:58:30 INFO SparkUI: Stopped Spark web UI at http://10.0.28.108:4040
[2023-07-20T15:58:30.506+0530] {subprocess.py:93} INFO - 23/07/20 15:58:30 INFO MapOutputTrackerMasterEndpoint: MapOutputTrackerMasterEndpoint stopped!
[2023-07-20T15:58:30.518+0530] {subprocess.py:93} INFO - 23/07/20 15:58:30 INFO MemoryStore: MemoryStore cleared
[2023-07-20T15:58:30.519+0530] {subprocess.py:93} INFO - 23/07/20 15:58:30 INFO BlockManager: BlockManager stopped
[2023-07-20T15:58:30.527+0530] {subprocess.py:93} INFO - 23/07/20 15:58:30 INFO BlockManagerMaster: BlockManagerMaster stopped
[2023-07-20T15:58:30.531+0530] {subprocess.py:93} INFO - 23/07/20 15:58:30 INFO OutputCommitCoordinator$OutputCommitCoordinatorEndpoint: OutputCommitCoordinator stopped!
[2023-07-20T15:58:30.543+0530] {subprocess.py:93} INFO - 23/07/20 15:58:30 INFO SparkContext: Successfully stopped SparkContext
[2023-07-20T15:58:30.544+0530] {subprocess.py:93} INFO - 23/07/20 15:58:30 INFO ShutdownHookManager: Shutdown hook called
[2023-07-20T15:58:30.545+0530] {subprocess.py:93} INFO - 23/07/20 15:58:30 INFO ShutdownHookManager: Deleting directory /tmp/spark-f1613408-fa9c-4052-809f-3930448188e8
[2023-07-20T15:58:30.548+0530] {subprocess.py:93} INFO - 23/07/20 15:58:30 INFO ShutdownHookManager: Deleting directory /tmp/spark-188e3d4d-d238-47e3-b141-16650178a39a
[2023-07-20T15:58:30.550+0530] {subprocess.py:93} INFO - 23/07/20 15:58:30 INFO ShutdownHookManager: Deleting directory /tmp/spark-f1613408-fa9c-4052-809f-3930448188e8/pyspark-541e3868-62cd-4a68-8b51-37985ee10ca7
[2023-07-20T15:58:30.644+0530] {subprocess.py:97} INFO - Command exited with return code 1
[2023-07-20T15:58:30.652+0530] {taskinstance.py:1824} ERROR - Task failed with exception
Traceback (most recent call last):
  File "/home/neosoft/airflow/py_env/lib/python3.8/site-packages/airflow/operators/bash.py", line 210, in execute
    raise AirflowException(
airflow.exceptions.AirflowException: Bash command failed. The command returned a non-zero exit code 1.
[2023-07-20T15:58:30.655+0530] {taskinstance.py:1345} INFO - Marking task as UP_FOR_RETRY. dag_id=A, task_id=run_spark, execution_date=20230718T110000, start_date=20230720T102822, end_date=20230720T102830
[2023-07-20T15:58:30.684+0530] {standard_task_runner.py:104} ERROR - Failed to execute job 434 for task run_spark (Bash command failed. The command returned a non-zero exit code 1.; 233220)
[2023-07-20T15:58:30.692+0530] {local_task_job_runner.py:225} INFO - Task exited with return code 1
[2023-07-20T15:58:30.716+0530] {taskinstance.py:2653} INFO - 0 downstream tasks scheduled from follow-on schedule check
