[2023-07-04T12:35:59.114+0530] {taskinstance.py:1103} INFO - Dependencies all met for dep_context=non-requeueable deps ti=<TaskInstance: A.run_spark scheduled__2023-06-05T11:00:00+00:00 [queued]>
[2023-07-04T12:35:59.139+0530] {taskinstance.py:1103} INFO - Dependencies all met for dep_context=requeueable deps ti=<TaskInstance: A.run_spark scheduled__2023-06-05T11:00:00+00:00 [queued]>
[2023-07-04T12:35:59.140+0530] {taskinstance.py:1308} INFO - Starting attempt 1 of 3
[2023-07-04T12:35:59.193+0530] {taskinstance.py:1327} INFO - Executing <Task(BashOperator): run_spark> on 2023-06-05 11:00:00+00:00
[2023-07-04T12:35:59.200+0530] {standard_task_runner.py:57} INFO - Started process 108805 to run task
[2023-07-04T12:35:59.213+0530] {standard_task_runner.py:84} INFO - Running: ['airflow', 'tasks', 'run', 'A', 'run_spark', 'scheduled__2023-06-05T11:00:00+00:00', '--job-id', '169', '--raw', '--subdir', 'DAGS_FOLDER/assignment21.py', '--cfg-path', '/tmp/tmpg7qpzz2k']
[2023-07-04T12:35:59.214+0530] {standard_task_runner.py:85} INFO - Job 169: Subtask run_spark
[2023-07-04T12:35:59.335+0530] {task_command.py:410} INFO - Running <TaskInstance: A.run_spark scheduled__2023-06-05T11:00:00+00:00 [running]> on host neosoft-Latitude-E5270
[2023-07-04T12:35:59.412+0530] {taskinstance.py:1545} INFO - Exporting env vars: AIRFLOW_CTX_DAG_OWNER='Nikita' AIRFLOW_CTX_DAG_ID='A' AIRFLOW_CTX_TASK_ID='run_spark' AIRFLOW_CTX_EXECUTION_DATE='2023-06-05T11:00:00+00:00' AIRFLOW_CTX_TRY_NUMBER='1' AIRFLOW_CTX_DAG_RUN_ID='scheduled__2023-06-05T11:00:00+00:00'
[2023-07-04T12:35:59.413+0530] {subprocess.py:63} INFO - Tmp dir root location: /tmp
[2023-07-04T12:35:59.414+0530] {subprocess.py:75} INFO - Running command: ['/usr/bin/bash', '-c', 'spark-submit --master local /home/neosoft/airflow/Assignment_airflow/pyspark1.py']
[2023-07-04T12:35:59.422+0530] {subprocess.py:86} INFO - Output:
[2023-07-04T12:36:01.978+0530] {subprocess.py:93} INFO - 23/07/04 12:36:01 WARN Utils: Your hostname, neosoft-Latitude-E5270 resolves to a loopback address: 127.0.1.1; using 10.0.29.173 instead (on interface enp0s31f6)
[2023-07-04T12:36:01.983+0530] {subprocess.py:93} INFO - 23/07/04 12:36:01 WARN Utils: Set SPARK_LOCAL_IP if you need to bind to another address
[2023-07-04T12:36:03.297+0530] {subprocess.py:93} INFO - 23/07/04 12:36:03 INFO SparkContext: Running Spark version 3.4.0
[2023-07-04T12:36:03.374+0530] {subprocess.py:93} INFO - 23/07/04 12:36:03 WARN NativeCodeLoader: Unable to load native-hadoop library for your platform... using builtin-java classes where applicable
[2023-07-04T12:36:03.506+0530] {subprocess.py:93} INFO - 23/07/04 12:36:03 INFO ResourceUtils: ==============================================================
[2023-07-04T12:36:03.507+0530] {subprocess.py:93} INFO - 23/07/04 12:36:03 INFO ResourceUtils: No custom resources configured for spark.driver.
[2023-07-04T12:36:03.508+0530] {subprocess.py:93} INFO - 23/07/04 12:36:03 INFO ResourceUtils: ==============================================================
[2023-07-04T12:36:03.509+0530] {subprocess.py:93} INFO - 23/07/04 12:36:03 INFO SparkContext: Submitted application: pyspark1.py
[2023-07-04T12:36:03.547+0530] {subprocess.py:93} INFO - 23/07/04 12:36:03 INFO ResourceProfile: Default ResourceProfile created, executor resources: Map(cores -> name: cores, amount: 1, script: , vendor: , memory -> name: memory, amount: 1024, script: , vendor: , offHeap -> name: offHeap, amount: 0, script: , vendor: ), task resources: Map(cpus -> name: cpus, amount: 1.0)
[2023-07-04T12:36:03.568+0530] {subprocess.py:93} INFO - 23/07/04 12:36:03 INFO ResourceProfile: Limiting resource is cpu
[2023-07-04T12:36:03.569+0530] {subprocess.py:93} INFO - 23/07/04 12:36:03 INFO ResourceProfileManager: Added ResourceProfile id: 0
[2023-07-04T12:36:03.652+0530] {subprocess.py:93} INFO - 23/07/04 12:36:03 INFO SecurityManager: Changing view acls to: neosoft
[2023-07-04T12:36:03.653+0530] {subprocess.py:93} INFO - 23/07/04 12:36:03 INFO SecurityManager: Changing modify acls to: neosoft
[2023-07-04T12:36:03.654+0530] {subprocess.py:93} INFO - 23/07/04 12:36:03 INFO SecurityManager: Changing view acls groups to:
[2023-07-04T12:36:03.655+0530] {subprocess.py:93} INFO - 23/07/04 12:36:03 INFO SecurityManager: Changing modify acls groups to:
[2023-07-04T12:36:03.655+0530] {subprocess.py:93} INFO - 23/07/04 12:36:03 INFO SecurityManager: SecurityManager: authentication disabled; ui acls disabled; users with view permissions: neosoft; groups with view permissions: EMPTY; users with modify permissions: neosoft; groups with modify permissions: EMPTY
[2023-07-04T12:36:04.040+0530] {subprocess.py:93} INFO - 23/07/04 12:36:04 INFO Utils: Successfully started service 'sparkDriver' on port 45741.
[2023-07-04T12:36:04.086+0530] {subprocess.py:93} INFO - 23/07/04 12:36:04 INFO SparkEnv: Registering MapOutputTracker
[2023-07-04T12:36:04.144+0530] {subprocess.py:93} INFO - 23/07/04 12:36:04 INFO SparkEnv: Registering BlockManagerMaster
[2023-07-04T12:36:04.174+0530] {subprocess.py:93} INFO - 23/07/04 12:36:04 INFO BlockManagerMasterEndpoint: Using org.apache.spark.storage.DefaultTopologyMapper for getting topology information
[2023-07-04T12:36:04.175+0530] {subprocess.py:93} INFO - 23/07/04 12:36:04 INFO BlockManagerMasterEndpoint: BlockManagerMasterEndpoint up
[2023-07-04T12:36:04.182+0530] {subprocess.py:93} INFO - 23/07/04 12:36:04 INFO SparkEnv: Registering BlockManagerMasterHeartbeat
[2023-07-04T12:36:04.226+0530] {subprocess.py:93} INFO - 23/07/04 12:36:04 INFO DiskBlockManager: Created local directory at /tmp/blockmgr-94428f8e-8f12-4c76-9747-d04437b0e727
[2023-07-04T12:36:04.268+0530] {subprocess.py:93} INFO - 23/07/04 12:36:04 INFO MemoryStore: MemoryStore started with capacity 434.4 MiB
[2023-07-04T12:36:04.298+0530] {subprocess.py:93} INFO - 23/07/04 12:36:04 INFO SparkEnv: Registering OutputCommitCoordinator
[2023-07-04T12:36:04.541+0530] {subprocess.py:93} INFO - 23/07/04 12:36:04 INFO JettyUtils: Start Jetty 0.0.0.0:4040 for SparkUI
[2023-07-04T12:36:04.637+0530] {subprocess.py:93} INFO - 23/07/04 12:36:04 INFO Utils: Successfully started service 'SparkUI' on port 4040.
[2023-07-04T12:36:04.794+0530] {subprocess.py:93} INFO - 23/07/04 12:36:04 INFO Executor: Starting executor ID driver on host 10.0.29.173
[2023-07-04T12:36:04.802+0530] {subprocess.py:93} INFO - 23/07/04 12:36:04 INFO Executor: Starting executor with user classpath (userClassPathFirst = false): ''
[2023-07-04T12:36:04.828+0530] {subprocess.py:93} INFO - 23/07/04 12:36:04 INFO Utils: Successfully started service 'org.apache.spark.network.netty.NettyBlockTransferService' on port 33747.
[2023-07-04T12:36:04.828+0530] {subprocess.py:93} INFO - 23/07/04 12:36:04 INFO NettyBlockTransferService: Server created on 10.0.29.173:33747
[2023-07-04T12:36:04.830+0530] {subprocess.py:93} INFO - 23/07/04 12:36:04 INFO BlockManager: Using org.apache.spark.storage.RandomBlockReplicationPolicy for block replication policy
[2023-07-04T12:36:04.838+0530] {subprocess.py:93} INFO - 23/07/04 12:36:04 INFO BlockManagerMaster: Registering BlockManager BlockManagerId(driver, 10.0.29.173, 33747, None)
[2023-07-04T12:36:04.842+0530] {subprocess.py:93} INFO - 23/07/04 12:36:04 INFO BlockManagerMasterEndpoint: Registering block manager 10.0.29.173:33747 with 434.4 MiB RAM, BlockManagerId(driver, 10.0.29.173, 33747, None)
[2023-07-04T12:36:04.846+0530] {subprocess.py:93} INFO - 23/07/04 12:36:04 INFO BlockManagerMaster: Registered BlockManager BlockManagerId(driver, 10.0.29.173, 33747, None)
[2023-07-04T12:36:04.847+0530] {subprocess.py:93} INFO - 23/07/04 12:36:04 INFO BlockManager: Initialized BlockManager: BlockManagerId(driver, 10.0.29.173, 33747, None)
[2023-07-04T12:36:05.625+0530] {subprocess.py:93} INFO - 23/07/04 12:36:05 INFO SharedState: Setting hive.metastore.warehouse.dir ('null') to the value of spark.sql.warehouse.dir.
[2023-07-04T12:36:05.637+0530] {subprocess.py:93} INFO - 23/07/04 12:36:05 INFO SharedState: Warehouse path is 'file:/tmp/airflowtmp85uog8lw/spark-warehouse'.
[2023-07-04T12:36:06.923+0530] {subprocess.py:93} INFO - Traceback (most recent call last):
[2023-07-04T12:36:06.923+0530] {subprocess.py:93} INFO -   File "/home/neosoft/airflow/Assignment_airflow/pyspark1.py", line 19, in <module>
[2023-07-04T12:36:06.924+0530] {subprocess.py:93} INFO -     df = spark.read.jdbc(jdbc_url, table_name, properties=properties)
[2023-07-04T12:36:06.924+0530] {subprocess.py:93} INFO -   File "/opt/spark/spark-3.4.0-bin-hadoop3/python/lib/pyspark.zip/pyspark/sql/readwriter.py", line 927, in jdbc
[2023-07-04T12:36:06.924+0530] {subprocess.py:93} INFO -   File "/opt/spark/spark-3.4.0-bin-hadoop3/python/lib/py4j-0.10.9.7-src.zip/py4j/java_gateway.py", line 1322, in __call__
[2023-07-04T12:36:06.924+0530] {subprocess.py:93} INFO -   File "/opt/spark/spark-3.4.0-bin-hadoop3/python/lib/pyspark.zip/pyspark/errors/exceptions/captured.py", line 169, in deco
[2023-07-04T12:36:06.924+0530] {subprocess.py:93} INFO -   File "/opt/spark/spark-3.4.0-bin-hadoop3/python/lib/py4j-0.10.9.7-src.zip/py4j/protocol.py", line 326, in get_return_value
[2023-07-04T12:36:06.924+0530] {subprocess.py:93} INFO - py4j.protocol.Py4JJavaError: An error occurred while calling o25.jdbc.
[2023-07-04T12:36:06.925+0530] {subprocess.py:93} INFO - : java.lang.ClassNotFoundException: com.mysql.cj.jdbc.Driver
[2023-07-04T12:36:06.925+0530] {subprocess.py:93} INFO - 	at java.base/java.net.URLClassLoader.findClass(URLClassLoader.java:476)
[2023-07-04T12:36:06.925+0530] {subprocess.py:93} INFO - 	at java.base/java.lang.ClassLoader.loadClass(ClassLoader.java:589)
[2023-07-04T12:36:06.925+0530] {subprocess.py:93} INFO - 	at java.base/java.lang.ClassLoader.loadClass(ClassLoader.java:522)
[2023-07-04T12:36:06.925+0530] {subprocess.py:93} INFO - 	at org.apache.spark.sql.execution.datasources.jdbc.DriverRegistry$.register(DriverRegistry.scala:46)
[2023-07-04T12:36:06.925+0530] {subprocess.py:93} INFO - 	at org.apache.spark.sql.execution.datasources.jdbc.JDBCOptions.$anonfun$driverClass$1(JDBCOptions.scala:103)
[2023-07-04T12:36:06.925+0530] {subprocess.py:93} INFO - 	at org.apache.spark.sql.execution.datasources.jdbc.JDBCOptions.$anonfun$driverClass$1$adapted(JDBCOptions.scala:103)
[2023-07-04T12:36:06.925+0530] {subprocess.py:93} INFO - 	at scala.Option.foreach(Option.scala:407)
[2023-07-04T12:36:06.926+0530] {subprocess.py:93} INFO - 	at org.apache.spark.sql.execution.datasources.jdbc.JDBCOptions.<init>(JDBCOptions.scala:103)
[2023-07-04T12:36:06.926+0530] {subprocess.py:93} INFO - 	at org.apache.spark.sql.execution.datasources.jdbc.JDBCOptions.<init>(JDBCOptions.scala:41)
[2023-07-04T12:36:06.926+0530] {subprocess.py:93} INFO - 	at org.apache.spark.sql.execution.datasources.jdbc.JdbcRelationProvider.createRelation(JdbcRelationProvider.scala:34)
[2023-07-04T12:36:06.926+0530] {subprocess.py:93} INFO - 	at org.apache.spark.sql.execution.datasources.DataSource.resolveRelation(DataSource.scala:346)
[2023-07-04T12:36:06.926+0530] {subprocess.py:93} INFO - 	at org.apache.spark.sql.DataFrameReader.loadV1Source(DataFrameReader.scala:229)
[2023-07-04T12:36:06.926+0530] {subprocess.py:93} INFO - 	at org.apache.spark.sql.DataFrameReader.$anonfun$load$2(DataFrameReader.scala:211)
[2023-07-04T12:36:06.926+0530] {subprocess.py:93} INFO - 	at scala.Option.getOrElse(Option.scala:189)
[2023-07-04T12:36:06.926+0530] {subprocess.py:93} INFO - 	at org.apache.spark.sql.DataFrameReader.load(DataFrameReader.scala:211)
[2023-07-04T12:36:06.926+0530] {subprocess.py:93} INFO - 	at org.apache.spark.sql.DataFrameReader.load(DataFrameReader.scala:172)
[2023-07-04T12:36:06.927+0530] {subprocess.py:93} INFO - 	at org.apache.spark.sql.DataFrameReader.jdbc(DataFrameReader.scala:249)
[2023-07-04T12:36:06.927+0530] {subprocess.py:93} INFO - 	at java.base/jdk.internal.reflect.NativeMethodAccessorImpl.invoke0(Native Method)
[2023-07-04T12:36:06.927+0530] {subprocess.py:93} INFO - 	at java.base/jdk.internal.reflect.NativeMethodAccessorImpl.invoke(NativeMethodAccessorImpl.java:62)
[2023-07-04T12:36:06.927+0530] {subprocess.py:93} INFO - 	at java.base/jdk.internal.reflect.DelegatingMethodAccessorImpl.invoke(DelegatingMethodAccessorImpl.java:43)
[2023-07-04T12:36:06.927+0530] {subprocess.py:93} INFO - 	at java.base/java.lang.reflect.Method.invoke(Method.java:566)
[2023-07-04T12:36:06.927+0530] {subprocess.py:93} INFO - 	at py4j.reflection.MethodInvoker.invoke(MethodInvoker.java:244)
[2023-07-04T12:36:06.927+0530] {subprocess.py:93} INFO - 	at py4j.reflection.ReflectionEngine.invoke(ReflectionEngine.java:374)
[2023-07-04T12:36:06.927+0530] {subprocess.py:93} INFO - 	at py4j.Gateway.invoke(Gateway.java:282)
[2023-07-04T12:36:06.927+0530] {subprocess.py:93} INFO - 	at py4j.commands.AbstractCommand.invokeMethod(AbstractCommand.java:132)
[2023-07-04T12:36:06.928+0530] {subprocess.py:93} INFO - 	at py4j.commands.CallCommand.execute(CallCommand.java:79)
[2023-07-04T12:36:06.928+0530] {subprocess.py:93} INFO - 	at py4j.ClientServerConnection.waitForCommands(ClientServerConnection.java:182)
[2023-07-04T12:36:06.928+0530] {subprocess.py:93} INFO - 	at py4j.ClientServerConnection.run(ClientServerConnection.java:106)
[2023-07-04T12:36:06.928+0530] {subprocess.py:93} INFO - 	at java.base/java.lang.Thread.run(Thread.java:829)
[2023-07-04T12:36:06.928+0530] {subprocess.py:93} INFO - 
[2023-07-04T12:36:06.965+0530] {subprocess.py:93} INFO - 23/07/04 12:36:06 INFO SparkContext: Invoking stop() from shutdown hook
[2023-07-04T12:36:06.966+0530] {subprocess.py:93} INFO - 23/07/04 12:36:06 INFO SparkContext: SparkContext is stopping with exitCode 0.
[2023-07-04T12:36:06.981+0530] {subprocess.py:93} INFO - 23/07/04 12:36:06 INFO SparkUI: Stopped Spark web UI at http://10.0.29.173:4040
[2023-07-04T12:36:07.007+0530] {subprocess.py:93} INFO - 23/07/04 12:36:07 INFO MapOutputTrackerMasterEndpoint: MapOutputTrackerMasterEndpoint stopped!
[2023-07-04T12:36:07.022+0530] {subprocess.py:93} INFO - 23/07/04 12:36:07 INFO MemoryStore: MemoryStore cleared
[2023-07-04T12:36:07.023+0530] {subprocess.py:93} INFO - 23/07/04 12:36:07 INFO BlockManager: BlockManager stopped
[2023-07-04T12:36:07.038+0530] {subprocess.py:93} INFO - 23/07/04 12:36:07 INFO BlockManagerMaster: BlockManagerMaster stopped
[2023-07-04T12:36:07.044+0530] {subprocess.py:93} INFO - 23/07/04 12:36:07 INFO OutputCommitCoordinator$OutputCommitCoordinatorEndpoint: OutputCommitCoordinator stopped!
[2023-07-04T12:36:07.055+0530] {subprocess.py:93} INFO - 23/07/04 12:36:07 INFO SparkContext: Successfully stopped SparkContext
[2023-07-04T12:36:07.055+0530] {subprocess.py:93} INFO - 23/07/04 12:36:07 INFO ShutdownHookManager: Shutdown hook called
[2023-07-04T12:36:07.055+0530] {subprocess.py:93} INFO - 23/07/04 12:36:07 INFO ShutdownHookManager: Deleting directory /tmp/spark-733ce976-5764-45c4-bd3a-fd269974cb31
[2023-07-04T12:36:07.060+0530] {subprocess.py:93} INFO - 23/07/04 12:36:07 INFO ShutdownHookManager: Deleting directory /tmp/spark-52d900a6-cb79-42ff-8349-558907c3b0b4/pyspark-1779931c-e153-45b1-907a-fd3e60389fa4
[2023-07-04T12:36:07.066+0530] {subprocess.py:93} INFO - 23/07/04 12:36:07 INFO ShutdownHookManager: Deleting directory /tmp/spark-52d900a6-cb79-42ff-8349-558907c3b0b4
[2023-07-04T12:36:07.155+0530] {subprocess.py:97} INFO - Command exited with return code 1
[2023-07-04T12:36:07.164+0530] {taskinstance.py:1824} ERROR - Task failed with exception
Traceback (most recent call last):
  File "/home/neosoft/airflow/py_env/lib/python3.8/site-packages/airflow/operators/bash.py", line 210, in execute
    raise AirflowException(
airflow.exceptions.AirflowException: Bash command failed. The command returned a non-zero exit code 1.
[2023-07-04T12:36:07.167+0530] {taskinstance.py:1345} INFO - Marking task as UP_FOR_RETRY. dag_id=A, task_id=run_spark, execution_date=20230605T110000, start_date=20230704T070559, end_date=20230704T070607
[2023-07-04T12:36:07.199+0530] {standard_task_runner.py:104} ERROR - Failed to execute job 169 for task run_spark (Bash command failed. The command returned a non-zero exit code 1.; 108805)
[2023-07-04T12:36:07.218+0530] {local_task_job_runner.py:225} INFO - Task exited with return code 1
[2023-07-04T12:36:07.244+0530] {taskinstance.py:2653} INFO - 0 downstream tasks scheduled from follow-on schedule check
